Running without mySQLdb library
parsing sam file/likelihood score/reads and mapped genomes...
EM iteration...
(Genomes,Reads)=14338x279880
Delta Change:
writing initial alignment ...
[0]1.99666
[1]0.156363
[2]0.0256525
[3]0.0061195
[4]0.00174879
[5]0.000580241
[6]0.000187612
[7]5.68657e-05
[8]1.95786e-05
[9]1.30154e-05
[10]1.17404e-05
[11]1.22521e-05
[12]1.32281e-05
[13]1.44226e-05
[14]1.57748e-05
[15]1.72726e-05
[16]1.89198e-05
[17]2.07279e-05
[18]2.27112e-05
[19]2.48851e-05
[20]2.72665e-05
[21]2.98725e-05
[22]3.27208e-05
[23]3.58285e-05
[24]3.92116e-05
[25]4.28836e-05
[26]4.68541e-05
[27]5.11263e-05
[28]5.56945e-05
[29]6.05403e-05
[30]6.56282e-05
[31]7.09009e-05
[32]7.62738e-05
[33]8.16298e-05
[34]8.68158e-05
[35]9.16415e-05
[36]9.58832e-05
[37]9.92937e-05
[38]0.000101621
[39]0.000102633
[40]0.000102152
[41]0.00010008
[42]9.64294e-05
[43]9.133e-05
[44]8.5019e-05
[45]7.78143e-05
[46]7.0074e-05
[47]6.21533e-05
[48]5.43675e-05
[49]4.69681e-05
Total Elapsed Time: 1825
