Running without mySQLdb library
parsing sam file/likelihood score/reads and mapped genomes...
EM iteration...
(Genomes,Reads)=14799x234320
Delta Change:
writing initial alignment ...
[0]1.98994
[1]0.402862
[2]0.159511
[3]0.0485673
[4]0.013284
[5]0.00674975
[6]0.0047692
[7]0.00360402
[8]0.00278295
[9]0.00213102
[10]0.0016083
[11]0.00119888
[12]0.000887902
[13]0.000656498
[14]0.000485923
[15]0.000360447
[16]0.000268001
[17]0.000199689
[18]0.000149055
[19]0.000111418
[20]8.3377e-05
[21]6.24472e-05
[22]4.68024e-05
[23]3.50947e-05
[24]2.6326e-05
[25]1.9754e-05
[26]1.48259e-05
[27]1.11292e-05
[28]8.3553e-06
[29]6.2734e-06
[30]4.71061e-06
[31]3.53733e-06
[32]2.6564e-06
[33]1.99492e-06
[34]1.4982e-06
[35]1.12518e-06
[36]8.45042e-07
[37]6.34659e-07
[38]4.76658e-07
[39]3.57994e-07
[40]2.68873e-07
[41]2.01939e-07
[42]1.51668e-07
[43]1.13912e-07
[44]8.55548e-08
Total Elapsed Time: 5076
