Running without mySQLdb library
parsing sam file/likelihood score/reads and mapped genomes...
EM iteration...
(Genomes,Reads)=15580x236380
Delta Change:
writing initial alignment ...
[0]1.99053
[1]0.366914
[2]0.14741
[3]0.0541666
[4]0.0163979
[5]0.00488573
[6]0.00152516
[7]0.000512824
[8]0.00023765
[9]0.000151061
[10]0.000122233
[11]0.000108418
[12]9.87634e-05
[13]9.09991e-05
[14]8.33316e-05
[15]7.59134e-05
[16]6.85654e-05
[17]6.15023e-05
[18]5.48199e-05
[19]4.85979e-05
[20]4.28801e-05
[21]3.76822e-05
[22]3.29988e-05
[23]2.88104e-05
[24]2.50881e-05
[25]2.17975e-05
[26]1.89017e-05
[27]1.63631e-05
[28]1.41449e-05
[29]1.2212e-05
[30]1.05319e-05
[31]9.07452e-06
[32]7.81252e-06
[33]6.72139e-06
[34]5.77922e-06
[35]4.96659e-06
[36]4.26635e-06
[37]3.66345e-06
[38]3.14474e-06
[39]2.69872e-06
[40]2.3154e-06
[41]1.98613e-06
[42]1.70338e-06
[43]1.46067e-06
[44]1.25237e-06
[45]1.07367e-06
[46]9.2037e-07
[47]7.88898e-07
[48]6.76159e-07
[49]5.79497e-07
Total Elapsed Time: 5481
