Running without mySQLdb library
parsing sam file/likelihood score/reads and mapped genomes...
EM iteration...
(Genomes,Reads)=6589x185190
Delta Change:
writing initial alignment ...
[0]1.99739
[1]0.0581491
[2]0.0425962
[3]0.0541592
[4]0.0544335
[5]0.0411859
[6]0.0285302
[7]0.0213031
[8]0.0179427
[9]0.0153496
[10]0.0126214
[11]0.00991461
[12]0.00740108
[13]0.0053227
[14]0.00373519
[15]0.00258337
[16]0.00177325
[17]0.001213
[18]0.00082894
[19]0.000566623
[20]0.000387618
[21]0.000265409
[22]0.000181891
[23]0.00012475
[24]8.56131e-05
[25]5.87835e-05
[26]4.03773e-05
[27]2.77424e-05
[28]1.90655e-05
[29]1.31045e-05
[30]9.00843e-06
[31]6.1932e-06
[32]4.25805e-06
[33]2.92771e-06
[34]2.01308e-06
[35]1.38422e-06
[36]9.51824e-07
[37]6.54509e-07
[38]4.50069e-07
[39]3.0949e-07
[40]2.12822e-07
[41]1.46348e-07
[42]1.00638e-07
[43]6.92044e-08
Total Elapsed Time: 1396
