Running without mySQLdb library
parsing sam file/likelihood score/reads and mapped genomes...
EM iteration...
(Genomes,Reads)=13529x195131
Delta Change:
writing initial alignment ...
[0]1.99614
[1]0.167547
[2]0.275207
[3]0.386041
[4]0.271357
[5]0.0728897
[6]0.00976431
[7]0.00382536
[8]0.00385672
[9]0.0044344
[10]0.00492258
[11]0.00512538
[12]0.00496351
[13]0.00444901
[14]0.00369938
[15]0.0028803
[16]0.00212927
[17]0.00151723
[18]0.00105624
[19]0.000725961
[20]0.000496185
[21]0.000338746
[22]0.000231542
[23]0.000158616
[24]0.000108922
[25]7.49657e-05
[26]5.16931e-05
[27]3.56995e-05
[28]2.46832e-05
[29]1.70815e-05
[30]1.18287e-05
[31]8.19508e-06
[32]5.67964e-06
[33]3.93728e-06
[34]2.7299e-06
[35]1.89301e-06
[36]1.3128e-06
[37]9.10477e-07
[38]6.3148e-07
[39]4.37989e-07
[40]3.03791e-07
[41]2.10715e-07
[42]1.46157e-07
[43]1.01379e-07
[44]7.03197e-08
Total Elapsed Time: 6154
