Running without mySQLdb library
parsing sam file/likelihood score/reads and mapped genomes...
EM iteration...
(Genomes,Reads)=13481x222100
Delta Change:
writing initial alignment ...
[0]1.9915
[1]0.430778
[2]0.0722953
[3]0.0303265
[4]0.0127128
[5]0.00485236
[6]0.00188423
[7]0.000784265
[8]0.000360298
[9]0.000186305
[10]0.000108686
[11]7.0057e-05
[12]4.84325e-05
[13]3.51706e-05
[14]2.64107e-05
[15]1.99707e-05
[16]1.51004e-05
[17]1.14061e-05
[18]8.59985e-06
[19]6.46901e-06
[20]4.85382e-06
[21]3.63261e-06
[22]2.71194e-06
[23]2.01992e-06
[24]1.50124e-06
[25]1.11355e-06
[26]8.2447e-07
[27]6.0942e-07
[28]4.49773e-07
[29]3.31481e-07
[30]2.43984e-07
[31]1.79368e-07
[32]1.31719e-07
[33]9.66295e-08
Total Elapsed Time: 2348
