Running without mySQLdb library
parsing sam file/likelihood score/reads and mapped genomes...
EM iteration...
(Genomes,Reads)=16330x253832
Delta Change:
writing initial alignment ...
[0]1.99482
[1]0.158579
[2]0.0672092
[3]0.062835
[4]0.0501487
[5]0.0287302
[6]0.0127237
[7]0.00514802
[8]0.00210651
[9]0.000901517
[10]0.000407475
[11]0.000195464
[12]9.97413e-05
[13]5.40256e-05
[14]3.08444e-05
[15]1.83742e-05
[16]1.13014e-05
[17]7.11301e-06
[18]4.54981e-06
[19]2.96223e-06
[20]1.95211e-06
[21]1.29023e-06
[22]8.55934e-07
[23]5.70415e-07
[24]3.82244e-07
[25]2.57836e-07
[26]1.75251e-07
[27]1.20171e-07
[28]8.32316e-08
Total Elapsed Time: 1710
