Running without mySQLdb library
parsing sam file/likelihood score/reads and mapped genomes...
EM iteration...
(Genomes,Reads)=9704x204420
Delta Change:
writing initial alignment ...
[0]1.99612
[1]0.134365
[2]0.172697
[3]0.276764
[4]0.321119
[5]0.210561
[6]0.0749637
[7]0.0180095
[8]0.00398029
[9]0.00101914
[10]0.000602343
[11]0.00043392
[12]0.000305737
[13]0.00020814
[14]0.000139901
[15]9.35794e-05
[16]6.24968e-05
[17]4.17336e-05
[18]2.78825e-05
[19]1.86424e-05
[20]1.24745e-05
[21]8.35378e-06
[22]5.59842e-06
[23]3.75447e-06
[24]2.51949e-06
[25]1.69177e-06
[26]1.13664e-06
[27]7.64103e-07
[28]5.13949e-07
[29]3.4588e-07
[30]2.32897e-07
[31]1.56904e-07
[32]1.05764e-07
[33]7.133e-08
Total Elapsed Time: 7481
