Running without mySQLdb library
parsing sam file/likelihood score/reads and mapped genomes...
EM iteration...
(Genomes,Reads)=15429x224285
Delta Change:
writing initial alignment ...
[0]1.9973
[1]0.178093
[2]0.00204012
[3]0.000982749
[4]0.000431613
[5]0.000169664
[6]6.83909e-05
[7]3.11599e-05
[8]1.6917e-05
[9]1.08403e-05
[10]7.77489e-06
[11]5.93346e-06
[12]4.67016e-06
[13]3.73168e-06
[14]3.00479e-06
[15]2.42986e-06
[16]1.97013e-06
[17]1.60022e-06
[18]1.30146e-06
[19]1.05954e-06
[20]8.63266e-07
[21]7.03795e-07
[22]5.74076e-07
[23]4.68459e-07
[24]3.82402e-07
[25]3.12239e-07
[26]2.55006e-07
[27]2.08302e-07
[28]1.70177e-07
[29]1.39047e-07
[30]1.13623e-07
[31]9.28548e-08
Total Elapsed Time: 677
