Running without mySQLdb library
parsing sam file/likelihood score/reads and mapped genomes...
EM iteration...
(Genomes,Reads)=11537x214140
Delta Change:
writing initial alignment ...
[0]1.99462
[1]0.519785
[2]0.0371337
[3]0.00700071
[4]0.00476525
[5]0.00378956
[6]0.00321948
[7]0.00276997
[8]0.00233413
[9]0.00191932
[10]0.00153682
[11]0.00120003
[12]0.000916638
[13]0.000687771
[14]0.000509007
[15]0.000372788
[16]0.000270833
[17]0.000195596
[18]0.000140648
[19]0.000100818
[20]7.21031e-05
[21]5.1483e-05
[22]3.6717e-05
[23]2.61643e-05
[24]1.86335e-05
[25]1.32647e-05
[26]9.43996e-06
[27]6.71664e-06
[28]4.77826e-06
[29]3.39894e-06
[30]2.4176e-06
[31]1.71951e-06
[32]1.22295e-06
[33]8.6977e-07
[34]6.18576e-07
[35]4.39923e-07
[36]3.12866e-07
[37]2.22505e-07
[38]1.58241e-07
[39]1.12538e-07
[40]8.00362e-08
Total Elapsed Time: 8640
