Running without mySQLdb library
parsing sam file/likelihood score/reads and mapped genomes...
EM iteration...
(Genomes,Reads)=9518x123200
Delta Change:
writing initial alignment ...
[0]1.9858
[1]0.283293
[2]0.0231838
[3]0.00448009
[4]0.00216918
[5]0.00133642
[6]0.000997184
[7]0.000792333
[8]0.000644507
[9]0.000532245
[10]0.000475981
[11]0.000448898
[12]0.000423498
[13]0.000389378
[14]0.000353483
[15]0.000320538
[16]0.000287936
[17]0.000255764
[18]0.000224782
[19]0.000195626
[20]0.000168751
[21]0.000144426
[22]0.000122756
[23]0.000103713
[24]8.71721e-05
[25]7.29474e-05
[26]6.08163e-05
[27]5.05434e-05
[28]4.18952e-05
[29]3.46504e-05
[30]2.8606e-05
[31]2.35801e-05
[32]1.94128e-05
[33]1.59655e-05
[34]1.3119e-05
[35]1.07725e-05
[36]8.84051e-06
[37]7.25158e-06
[38]5.9459e-06
[39]4.87374e-06
[40]3.99387e-06
[41]3.27213e-06
[42]2.68034e-06
[43]2.19527e-06
[44]1.79776e-06
[45]1.47209e-06
[46]1.20532e-06
[47]9.86833e-07
[48]8.07905e-07
[49]6.6139e-07
Total Elapsed Time: 4102
