Running without mySQLdb library
parsing sam file/likelihood score/reads and mapped genomes...
EM iteration...
(Genomes,Reads)=15465x227270
Delta Change:
writing initial alignment ...
[0]1.99731
[1]0.178232
[2]0.00203541
[3]0.000985676
[4]0.000436819
[5]0.00017304
[6]6.9999e-05
[7]3.19023e-05
[8]1.73216e-05
[9]1.11286e-05
[10]8.02725e-06
[11]6.17327e-06
[12]4.90143e-06
[13]3.95274e-06
[14]3.21313e-06
[15]2.62355e-06
[16]2.14807e-06
[17]1.76207e-06
[18]1.44746e-06
[19]1.1903e-06
[20]9.7967e-07
[21]8.06875e-07
[22]6.64935e-07
[23]5.48219e-07
[24]4.52164e-07
[25]3.73056e-07
[26]3.07868e-07
[27]2.54125e-07
[28]2.09801e-07
[29]1.73233e-07
[30]1.43055e-07
[31]1.18147e-07
[32]9.75833e-08
Total Elapsed Time: 3941
