Running without mySQLdb library
parsing sam file/likelihood score/reads and mapped genomes...
EM iteration...
(Genomes,Reads)=14325x218560
Delta Change:
writing initial alignment ...
[0]1.98984
[1]0.245602
[2]0.054126
[3]0.0330649
[4]0.0228164
[5]0.0163118
[6]0.0116763
[7]0.00844843
[8]0.00617192
[9]0.0045148
[10]0.00329077
[11]0.0023865
[12]0.00172232
[13]0.00123794
[14]0.00088697
[15]0.00063401
[16]0.000452369
[17]0.000322339
[18]0.000229466
[19]0.000163238
[20]0.000116067
[21]8.24971e-05
[22]5.86216e-05
[23]4.16482e-05
[24]2.95854e-05
[25]2.10145e-05
[26]1.49255e-05
[27]1.06004e-05
[28]7.5283e-06
[29]5.34641e-06
[30]3.79682e-06
[31]2.69632e-06
[32]1.91479e-06
[33]1.35977e-06
[34]9.65629e-07
[35]6.8573e-07
[36]4.86961e-07
[37]3.45808e-07
[38]2.4557e-07
[39]1.74388e-07
[40]1.23838e-07
[41]8.79417e-08
Total Elapsed Time: 3226
