Running without mySQLdb library
parsing sam file/likelihood score/reads and mapped genomes...
EM iteration...
(Genomes,Reads)=7917x123200
Delta Change:
writing initial alignment ...
[0]1.98622
[1]0.192077
[2]0.0153054
[3]0.00331476
[4]0.00144095
[5]0.000925853
[6]0.000665684
[7]0.00048717
[8]0.000329644
[9]0.000186847
[10]9.32856e-05
[11]4.49771e-05
[12]2.29799e-05
[13]1.37557e-05
[14]1.0241e-05
[15]9.23049e-06
[16]9.36429e-06
[17]1.01019e-05
[18]1.12651e-05
[19]1.28466e-05
[20]1.49378e-05
[21]1.77074e-05
[22]2.13888e-05
[23]2.62115e-05
[24]3.20815e-05
[25]3.74771e-05
[26]3.71494e-05
[27]2.39836e-05
[28]6.23266e-06
[29]3.02806e-07
[30]6.56264e-10
Total Elapsed Time: 4189
