Running without mySQLdb library
parsing sam file/likelihood score/reads and mapped genomes...
EM iteration...
(Genomes,Reads)=8137x126690
Delta Change:
writing initial alignment ...
[0]1.98705
[1]0.232094
[2]0.07635
[3]0.0239521
[4]0.00906194
[5]0.00519645
[6]0.00334021
[7]0.00198704
[8]0.00114128
[9]0.000688918
[10]0.000443889
[11]0.000298658
[12]0.000204097
[13]0.000139239
[14]9.44383e-05
[15]6.36609e-05
[16]4.26944e-05
[17]2.85228e-05
[18]1.90015e-05
[19]1.26335e-05
[20]8.38818e-06
[21]5.56434e-06
[22]3.689e-06
[23]2.44467e-06
[24]1.61962e-06
[25]1.07283e-06
[26]7.10561e-07
[27]4.70589e-07
[28]3.11647e-07
[29]2.06383e-07
[30]1.36672e-07
[31]9.05071e-08
Total Elapsed Time: 1613
