Running without mySQLdb library
parsing sam file/likelihood score/reads and mapped genomes...
EM iteration...
(Genomes,Reads)=7553x129700
Delta Change:
writing initial alignment ...
[0]1.97889
[1]0.244951
[2]0.09097
[3]0.033193
[4]0.0113403
[5]0.00384524
[6]0.00154885
[7]0.000762709
[8]0.000445825
[9]0.000279347
[10]0.000179423
[11]0.000116023
[12]7.49425e-05
[13]4.8162e-05
[14]3.08961e-05
[15]1.98298e-05
[16]1.27247e-05
[17]8.16607e-06
[18]5.2421e-06
[19]3.36668e-06
[20]2.16347e-06
[21]1.39115e-06
[22]8.95123e-07
[23]5.76292e-07
[24]3.71223e-07
[25]2.39243e-07
[26]1.54254e-07
[27]9.94963e-08
Total Elapsed Time: 2317
