Running without mySQLdb library
parsing sam file/likelihood score/reads and mapped genomes...
EM iteration...
(Genomes,Reads)=15968x213410
Delta Change:
writing initial alignment ...
[0]1.99479
[1]0.212796
[2]0.104066
[3]0.103786
[4]0.0909114
[5]0.0660259
[6]0.0394479
[7]0.0184721
[8]0.00747234
[9]0.0032952
[10]0.0017117
[11]0.0010637
[12]0.000742844
[13]0.00056421
[14]0.000449147
[15]0.000364726
[16]0.000301337
[17]0.00025048
[18]0.000208795
[19]0.000174494
[20]0.000146143
[21]0.000122612
[22]0.000103012
[23]8.66365e-05
[24]7.29241e-05
[25]6.14201e-05
[26]5.17553e-05
[27]4.36266e-05
[28]3.67843e-05
[29]3.10213e-05
[30]2.6165e-05
[31]2.20721e-05
[32]1.86278e-05
[33]1.57219e-05
[34]1.32688e-05
[35]1.11979e-05
[36]9.44998e-06
[37]7.97463e-06
[38]6.72947e-06
[39]5.67862e-06
[40]4.7918e-06
[41]4.04342e-06
[42]3.4119e-06
[43]2.87899e-06
[44]2.4293e-06
[45]2.04984e-06
[46]1.72964e-06
[47]1.45946e-06
[48]1.23148e-06
[49]1.03911e-06
Total Elapsed Time: 2923
