Running without mySQLdb library
parsing sam file/likelihood score/reads and mapped genomes...
EM iteration...
(Genomes,Reads)=10612x269645
Delta Change:
writing initial alignment ...
[0]1.99662
[1]0.335004
[2]0.24467
[3]0.139444
[4]0.107818
[5]0.111722
[6]0.125636
[7]0.120865
[8]0.0902858
[9]0.0503227
[10]0.0220455
[11]0.00845392
[12]0.00310065
[13]0.00113935
[14]0.000429199
[15]0.000168299
[16]6.95582e-05
[17]3.05634e-05
[18]1.43048e-05
[19]7.09278e-06
[20]3.68641e-06
[21]1.9843e-06
[22]1.09437e-06
[23]6.13311e-07
[24]3.4725e-07
[25]1.97871e-07
[26]1.13197e-07
[27]6.49135e-08
Total Elapsed Time: 2129
