Running without mySQLdb library
parsing sam file/likelihood score/reads and mapped genomes...
EM iteration...
(Genomes,Reads)=8867x122620
Delta Change:
writing initial alignment ...
[0]1.9899
[1]0.229688
[2]0.0341917
[3]0.00945254
[4]0.00429607
[5]0.00230735
[6]0.00131408
[7]0.000731753
[8]0.000319023
[9]0.000139746
[10]7.96258e-05
[11]4.9176e-05
[12]3.11851e-05
[13]2.02587e-05
[14]1.35136e-05
[15]9.2738e-06
[16]6.55134e-06
[17]4.75994e-06
[18]3.54896e-06
[19]2.70681e-06
[20]2.10432e-06
[21]1.66157e-06
[22]1.32821e-06
[23]1.07189e-06
[24]8.71352e-07
[25]7.12239e-07
[26]5.84669e-07
[27]4.81414e-07
[28]3.973e-07
[29]3.28445e-07
[30]2.71872e-07
[31]2.25263e-07
[32]1.86782e-07
[33]1.54963e-07
[34]1.28619e-07
[35]1.0679e-07
[36]8.86887e-08
Total Elapsed Time: 1873
