Running without mySQLdb library
parsing sam file/likelihood score/reads and mapped genomes...
EM iteration...
(Genomes,Reads)=11377x272860
Delta Change:
writing initial alignment ...
[0]1.99622
[1]0.51565
[2]0.252137
[3]0.0501089
[4]0.021576
[5]0.0169829
[6]0.0118516
[7]0.00658316
[8]0.00312393
[9]0.00134704
[10]0.000551219
[11]0.000219681
[12]8.65053e-05
[13]3.3929e-05
[14]1.33395e-05
[15]5.30952e-06
[16]2.18939e-06
[17]9.86999e-07
[18]5.36049e-07
[19]3.82931e-07
[20]3.53036e-07
[21]3.8108e-07
[22]4.45023e-07
[23]5.39081e-07
[24]6.57234e-07
[25]7.6676e-07
[26]7.59728e-07
[27]4.90439e-07
[28]1.27498e-07
[29]6.24088e-09
Total Elapsed Time: 1943
