Running without mySQLdb library
parsing sam file/likelihood score/reads and mapped genomes...
EM iteration...
(Genomes,Reads)=15113x211920
Delta Change:
writing initial alignment ...
[0]1.98966
[1]0.302668
[2]0.0318699
[3]0.0153998
[4]0.00826468
[5]0.00481317
[6]0.00291575
[7]0.00182784
[8]0.00118567
[9]0.000781686
[10]0.000520496
[11]0.000348762
[12]0.000234888
[13]0.000158936
[14]0.000108024
[15]7.37489e-05
[16]5.05786e-05
[17]3.48509e-05
[18]2.41301e-05
[19]1.67902e-05
[20]1.17421e-05
[21]8.25376e-06
[22]5.83146e-06
[23]4.14099e-06
[24]2.95524e-06
[25]2.11926e-06
[26]1.52687e-06
[27]1.10498e-06
[28]8.03045e-07
[29]5.85923e-07
[30]4.29082e-07
[31]3.15296e-07
[32]2.32409e-07
[33]1.71801e-07
[34]1.27327e-07
[35]9.45858e-08
Total Elapsed Time: 13097
