Running without mySQLdb library
parsing sam file/likelihood score/reads and mapped genomes...
EM iteration...
(Genomes,Reads)=13813x209970
Delta Change:
writing initial alignment ...
[0]1.99623
[1]0.163617
[2]0.269182
[3]0.383199
[4]0.27858
[5]0.0779832
[6]0.0107588
[7]0.00413277
[8]0.00412862
[9]0.00470356
[10]0.00513422
[11]0.00523189
[12]0.00494149
[13]0.00431444
[14]0.00349981
[15]0.00266884
[16]0.00194274
[17]0.00137089
[18]0.00095003
[19]0.000652819
[20]0.000447599
[21]0.000307306
[22]0.000211618
[23]0.000146231
[24]0.000101381
[25]7.04869e-05
[26]4.91207e-05
[27]3.42931e-05
[28]2.39744e-05
[29]1.67778e-05
[30]1.17504e-05
[31]8.23398e-06
[32]5.77219e-06
[33]4.0476e-06
[34]2.83885e-06
[35]1.99137e-06
[36]1.39703e-06
[37]9.8015e-07
[38]6.87704e-07
[39]4.82533e-07
[40]3.38582e-07
[41]2.37579e-07
[42]1.66709e-07
[43]1.1698e-07
[44]8.20861e-08
Total Elapsed Time: 5521
