Running without mySQLdb library
parsing sam file/likelihood score/reads and mapped genomes...
EM iteration...
(Genomes,Reads)=8216x83290
Delta Change:
writing initial alignment ...
[0]1.99413
[1]0.477105
[2]0.354725
[3]0.21369
[4]0.0734604
[5]0.0162219
[6]0.0032501
[7]0.00116684
[8]0.000649
[9]0.000428231
[10]0.000298596
[11]0.000212606
[12]0.000153248
[13]0.000111391
[14]8.14342e-05
[15]5.9775e-05
[16]4.40047e-05
[17]3.2465e-05
[18]2.3992e-05
[19]1.77527e-05
[20]1.31491e-05
[21]9.74695e-06
[22]7.22979e-06
[23]5.36573e-06
[24]3.98431e-06
[25]2.95994e-06
[26]2.19995e-06
[27]1.63609e-06
[28]1.21734e-06
[29]9.06169e-07
[30]6.74875e-07
[31]5.0289e-07
[32]3.74958e-07
[33]2.79755e-07
[34]2.08875e-07
[35]1.56079e-07
[36]1.1673e-07
[37]8.73856e-08
Total Elapsed Time: 1660
