Running without mySQLdb library
parsing sam file/likelihood score/reads and mapped genomes...
EM iteration...
(Genomes,Reads)=14857x239280
Delta Change:
writing initial alignment ...
[0]1.997
[1]0.17491
[2]0.015882
[3]0.00757661
[4]0.00353717
[5]0.0018281
[6]0.000941671
[7]0.000490903
[8]0.000262783
[9]0.000145897
[10]8.44992e-05
[11]5.14461e-05
[12]3.31992e-05
[13]2.2802e-05
[14]1.66282e-05
[15]1.2774e-05
[16]1.02263e-05
[17]8.43875e-06
[18]7.1131e-06
[19]6.08326e-06
[20]5.25386e-06
[21]4.56802e-06
[22]3.99031e-06
[23]3.49712e-06
[24]3.07223e-06
[25]2.70382e-06
[26]2.38291e-06
[27]2.1024e-06
[28]1.85655e-06
[29]1.64064e-06
[30]1.45072e-06
[31]1.28342e-06
[32]1.1359e-06
[33]1.00569e-06
[34]8.90678e-07
[35]7.89021e-07
[36]6.9912e-07
[37]6.19578e-07
[38]5.49174e-07
[39]4.86837e-07
[40]4.31626e-07
[41]3.82715e-07
[42]3.39376e-07
[43]3.00967e-07
[44]2.66922e-07
[45]2.36741e-07
[46]2.09983e-07
[47]1.86256e-07
[48]1.65217e-07
[49]1.46558e-07
Total Elapsed Time: 2094
