Running without mySQLdb library
parsing sam file/likelihood score/reads and mapped genomes...
EM iteration...
(Genomes,Reads)=12986x225200
Delta Change:
writing initial alignment ...
[0]1.99086
[1]0.390749
[2]0.0317955
[3]0.00441403
[4]0.00214423
[5]0.00134451
[6]0.000850032
[7]0.000530306
[8]0.000326929
[9]0.000201921
[10]0.000125679
[11]7.89028e-05
[12]4.99217e-05
[13]3.17966e-05
[14]2.03717e-05
[15]1.31226e-05
[16]8.49687e-06
[17]5.52951e-06
[18]3.61637e-06
[19]2.37693e-06
[20]1.57012e-06
[21]1.04234e-06
[22]6.95379e-07
[23]4.66155e-07
[24]3.1397e-07
[25]2.12439e-07
[26]1.44375e-07
[27]9.85535e-08
Total Elapsed Time: 3424
