Running without mySQLdb library
parsing sam file/likelihood score/reads and mapped genomes...
EM iteration...
(Genomes,Reads)=12472x286440
Delta Change:
writing initial alignment ...
[0]1.99682
[1]0.0460617
[2]0.0172621
[3]0.0112903
[4]0.00887911
[5]0.00763368
[6]0.00625409
[7]0.00438581
[8]0.00257272
[9]0.00135304
[10]0.000670025
[11]0.000315235
[12]0.000143441
[13]6.62043e-05
[14]3.13334e-05
[15]1.55399e-05
[16]7.81732e-06
[17]3.97635e-06
[18]2.04754e-06
[19]1.06112e-06
[20]5.52774e-07
[21]2.89161e-07
[22]1.5177e-07
[23]7.98713e-08
Total Elapsed Time: 2593
