Running without mySQLdb library
parsing sam file/likelihood score/reads and mapped genomes...
EM iteration...
(Genomes,Reads)=15756x227403
Delta Change:
writing initial alignment ...
[0]1.99673
[1]0.178783
[2]0.00266746
[3]0.00113558
[4]0.000490201
[5]0.000206816
[6]8.75425e-05
[7]3.88009e-05
[8]1.97354e-05
[9]1.19512e-05
[10]8.31027e-06
[11]6.2699e-06
[12]4.93122e-06
[13]3.95803e-06
[14]3.20962e-06
[15]2.61724e-06
[16]2.14126e-06
[17]1.75563e-06
[18]1.44165e-06
[19]1.18518e-06
[20]9.7521e-07
[21]8.0301e-07
[22]6.61598e-07
[23]5.45343e-07
[24]4.49689e-07
[25]3.70929e-07
[26]3.06043e-07
[27]2.52561e-07
[28]2.08462e-07
[29]1.72087e-07
[30]1.42077e-07
[31]1.17312e-07
[32]9.68711e-08
Total Elapsed Time: 2247
