Running without mySQLdb library
parsing sam file/likelihood score/reads and mapped genomes...
EM iteration...
(Genomes,Reads)=7370x82340
Delta Change:
writing initial alignment ...
[0]1.99573
[1]0.477049
[2]0.355009
[3]0.213869
[4]0.0734606
[5]0.0161733
[6]0.00321452
[7]0.0011482
[8]0.000640254
[9]0.000424015
[10]0.000296438
[11]0.000211393
[12]0.000152482
[13]0.000110848
[14]8.10147e-05
[15]5.94327e-05
[16]4.37171e-05
[17]3.22201e-05
[18]2.3781e-05
[19]1.75712e-05
[20]1.29935e-05
[21]9.61412e-06
[22]7.11693e-06
[23]5.27017e-06
[24]3.90363e-06
[25]2.89199e-06
[26]2.14283e-06
[27]1.58817e-06
[28]1.17719e-06
[29]8.72575e-07
[30]6.46796e-07
[31]4.79444e-07
[32]3.55396e-07
[33]2.63444e-07
[34]1.95285e-07
[35]1.4476e-07
[36]1.07308e-07
[37]7.95453e-08
Total Elapsed Time: 2396
