Running without mySQLdb library
parsing sam file/likelihood score/reads and mapped genomes...
EM iteration...
(Genomes,Reads)=17163x291030
Delta Change:
writing initial alignment ...
[0]1.99665
[1]0.0149524
[2]0.00124884
[3]0.000590207
[4]0.00052334
[5]0.000594157
[6]0.000696543
[7]0.000807964
[8]0.000923627
[9]0.00103363
[10]0.00111617
[11]0.00113881
[12]0.00107249
[13]0.000919698
[14]0.000724771
[15]0.000538955
[16]0.000387305
[17]0.000272603
[18]0.000189194
[19]0.000129967
[20]8.85932e-05
[21]6.00341e-05
[22]4.04965e-05
[23]2.72211e-05
[24]1.82474e-05
[25]1.22057e-05
[26]8.15065e-06
[27]5.43551e-06
[28]3.62099e-06
[29]2.41018e-06
[30]1.60317e-06
[31]1.0658e-06
[32]7.08248e-07
[33]4.70485e-07
[34]3.12455e-07
[35]2.07459e-07
[36]1.37721e-07
[37]9.14123e-08
Total Elapsed Time: 1687
