Running without mySQLdb library
parsing sam file/likelihood score/reads and mapped genomes...
EM iteration...
(Genomes,Reads)=16941x209470
Delta Change:
writing initial alignment ...
[0]1.99602
[1]0.163915
[2]0.268247
[3]0.380195
[4]0.274741
[5]0.076277
[6]0.0104575
[7]0.00381553
[8]0.0037916
[9]0.0043779
[10]0.00488383
[11]0.00511303
[12]0.00498131
[13]0.00449215
[14]0.00375656
[15]0.00293951
[16]0.0021824
[17]0.00156102
[18]0.00109068
[19]0.0007525
[20]0.000516516
[21]0.000354337
[22]0.00024353
[23]0.000167847
[24]0.00011603
[25]8.04262e-05
[26]5.58743e-05
[27]3.88879e-05
[28]2.71036e-05
[29]1.89103e-05
[30]1.32041e-05
[31]9.22513e-06
[32]6.44787e-06
[33]4.50807e-06
[34]3.15253e-06
[35]2.20492e-06
[36]1.54232e-06
[37]1.07893e-06
[38]7.54799e-07
[39]5.28065e-07
[40]3.6945e-07
[41]2.58483e-07
[42]1.80848e-07
[43]1.26532e-07
[44]8.85302e-08
Total Elapsed Time: 6838
