Running without mySQLdb library
parsing sam file/likelihood score/reads and mapped genomes...
EM iteration...
(Genomes,Reads)=14790x238983
Delta Change:
writing initial alignment ...
[0]1.98893
[1]0.389523
[2]0.0614463
[3]0.0147344
[4]0.00576272
[5]0.00318379
[6]0.00200226
[7]0.00137076
[8]0.000969662
[9]0.000712623
[10]0.000543188
[11]0.000423012
[12]0.000333018
[13]0.00026385
[14]0.000209911
[15]0.000167475
[16]0.000133898
[17]0.000107207
[18]8.59325e-05
[19]6.89392e-05
[20]5.53437e-05
[21]4.4453e-05
[22]3.57205e-05
[23]2.8713e-05
[24]2.30863e-05
[25]1.85661e-05
[26]1.49335e-05
[27]1.20132e-05
[28]9.66507e-06
[29]7.77655e-06
[30]6.25747e-06
[31]5.03541e-06
[32]4.05219e-06
[33]3.26107e-06
[34]2.62448e-06
[35]2.11221e-06
[36]1.69996e-06
[37]1.36819e-06
[38]1.10118e-06
[39]8.86287e-07
[40]7.13335e-07
[41]5.74137e-07
[42]4.62104e-07
[43]3.71934e-07
[44]2.9936e-07
[45]2.40947e-07
[46]1.93933e-07
[47]1.56092e-07
[48]1.25635e-07
[49]1.01121e-07
Total Elapsed Time: 3235
