Running without mySQLdb library
parsing sam file/likelihood score/reads and mapped genomes...
EM iteration...
(Genomes,Reads)=15583x254560
Delta Change:
writing initial alignment ...
[0]1.98813
[1]0.376699
[2]0.0361322
[3]0.00930263
[4]0.00435515
[5]0.00249244
[6]0.00140112
[7]0.000807274
[8]0.000491099
[9]0.000321857
[10]0.000224714
[11]0.00016304
[12]0.000121629
[13]9.19509e-05
[14]6.99488e-05
[15]5.35606e-05
[16]4.1119e-05
[17]3.16139e-05
[18]2.43353e-05
[19]1.87512e-05
[20]1.446e-05
[21]1.11587e-05
[22]8.61581e-06
[23]6.65525e-06
[24]5.14255e-06
[25]3.97476e-06
[26]3.07284e-06
[27]2.37602e-06
[28]1.83748e-06
[29]1.42117e-06
[30]1.09927e-06
[31]8.50352e-07
[32]6.57836e-07
[33]5.08929e-07
[34]3.93741e-07
[35]3.04633e-07
[36]2.35696e-07
[37]1.82362e-07
[38]1.41099e-07
[39]1.09174e-07
[40]8.44724e-08
Total Elapsed Time: 3299
