Running without mySQLdb library
parsing sam file/likelihood score/reads and mapped genomes...
EM iteration...
(Genomes,Reads)=7409x121390
Delta Change:
writing initial alignment ...
[0]1.98778
[1]0.0507085
[2]0.00291846
[3]0.00161085
[4]0.000894144
[5]0.000610664
[6]0.000484933
[7]0.000394792
[8]0.000322262
[9]0.000264788
[10]0.000222882
[11]0.000199745
[12]0.000202591
[13]0.000242249
[14]0.000310912
[15]0.000303306
[16]0.000139351
[17]4.38796e-05
[18]2.94771e-05
[19]2.29371e-05
[20]1.78483e-05
[21]1.38805e-05
[22]1.07899e-05
[23]8.3846e-06
[24]6.51369e-06
[25]5.05918e-06
[26]3.92882e-06
[27]3.05063e-06
[28]2.3685e-06
[29]1.83875e-06
[30]1.4274e-06
[31]1.10803e-06
[32]8.60082e-07
[33]6.676e-07
[34]5.18183e-07
[35]4.02201e-07
[36]3.12174e-07
[37]2.42296e-07
[38]1.88058e-07
[39]1.45961e-07
[40]1.13286e-07
[41]8.79259e-08
Total Elapsed Time: 1806
