Running without mySQLdb library
parsing sam file/likelihood score/reads and mapped genomes...
EM iteration...
(Genomes,Reads)=13712x172870
Delta Change:
writing initial alignment ...
[0]1.9927
[1]0.204525
[2]0.0546249
[3]0.0165901
[4]0.00678944
[5]0.00340164
[6]0.00175332
[7]0.000957376
[8]0.000540004
[9]0.000306867
[10]0.000175129
[11]0.0001002
[12]5.7411e-05
[13]3.29176e-05
[14]1.88809e-05
[15]1.08325e-05
[16]6.21552e-06
[17]3.56652e-06
[18]2.04653e-06
[19]1.17434e-06
[20]6.73856e-07
[21]3.86668e-07
[22]2.21875e-07
[23]1.27314e-07
[24]7.30539e-08
Total Elapsed Time: 2197
