Running without mySQLdb library
parsing sam file/likelihood score/reads and mapped genomes...
EM iteration...
(Genomes,Reads)=14021x206350
Delta Change:
writing initial alignment ...
[0]1.99018
[1]0.217077
[2]0.0183071
[3]0.00478285
[4]0.00209263
[5]0.0012947
[6]0.00106609
[7]0.00104188
[8]0.00111782
[9]0.00117779
[10]0.00119546
[11]0.00115971
[12]0.00107384
[13]0.000951929
[14]0.000812716
[15]0.000673013
[16]0.000544161
[17]0.000431867
[18]0.000337755
[19]0.000261068
[20]0.000199892
[21]0.000151894
[22]0.00011473
[23]8.62539e-05
[24]6.46135e-05
[25]4.82719e-05
[26]3.59909e-05
[27]2.67946e-05
[28]1.99266e-05
[29]1.48074e-05
[30]1.09972e-05
[31]8.164e-06
[32]6.05897e-06
[33]4.49575e-06
[34]3.33534e-06
[35]2.47418e-06
[36]1.83521e-06
[37]1.36119e-06
[38]1.00956e-06
[39]7.48742e-07
[40]5.55295e-07
[41]4.11821e-07
[42]3.05413e-07
[43]2.26498e-07
[44]1.67972e-07
[45]1.24569e-07
[46]9.23804e-08
Total Elapsed Time: 2656
