Running without mySQLdb library
parsing sam file/likelihood score/reads and mapped genomes...
EM iteration...
(Genomes,Reads)=5909x163550
Delta Change:
writing initial alignment ...
[0]1.99704
[1]0.454496
[2]0.0115062
[3]0.000334692
[4]0.000141592
[5]8.07614e-05
[6]6.02772e-05
[7]4.87475e-05
[8]4.72615e-05
[9]3.93285e-05
[10]2.97085e-05
[11]2.11637e-05
[12]1.45936e-05
[13]9.85476e-06
[14]6.5712e-06
[15]4.34828e-06
[16]2.86386e-06
[17]1.88071e-06
[18]1.23281e-06
[19]8.07176e-07
[20]5.28103e-07
[21]3.45353e-07
[22]2.25775e-07
[23]1.47571e-07
[24]9.64431e-08
Total Elapsed Time: 438
