Running without mySQLdb library
parsing sam file/likelihood score/reads and mapped genomes...
EM iteration...
(Genomes,Reads)=14287x198210
Delta Change:
writing initial alignment ...
[0]1.99148
[1]0.370983
[2]0.09494
[3]0.0157171
[4]0.00298754
[5]0.00106965
[6]0.000566301
[7]0.000336909
[8]0.000206802
[9]0.000128199
[10]7.97862e-05
[11]4.97565e-05
[12]3.10676e-05
[13]1.94054e-05
[14]1.21235e-05
[15]7.57515e-06
[16]4.73356e-06
[17]2.95806e-06
[18]1.84859e-06
[19]1.15526e-06
[20]7.2198e-07
[21]4.51204e-07
[22]2.81983e-07
[23]1.76228e-07
[24]1.10135e-07
[25]6.883e-08
Total Elapsed Time: 2659
