Running without mySQLdb library
parsing sam file/likelihood score/reads and mapped genomes...
EM iteration...
(Genomes,Reads)=14183x240200
Delta Change:
writing initial alignment ...
[0]1.98918
[1]0.376913
[2]0.0433671
[3]0.0238359
[4]0.0164448
[5]0.00903122
[6]0.0047754
[7]0.00373922
[8]0.00340114
[9]0.00232329
[10]0.00101159
[11]0.000352524
[12]0.000126831
[13]4.85787e-05
[14]1.94876e-05
[15]8.09592e-06
[16]3.4533e-06
[17]1.50202e-06
[18]6.6286e-07
[19]2.95848e-07
[20]1.33332e-07
[21]6.06142e-08
Total Elapsed Time: 3326
