Running without mySQLdb library
parsing sam file/likelihood score/reads and mapped genomes...
EM iteration...
(Genomes,Reads)=14473x247990
Delta Change:
writing initial alignment ...
[0]1.98802
[1]0.405162
[2]0.179554
[3]0.102385
[4]0.0607025
[5]0.0330675
[6]0.0176207
[7]0.0084484
[8]0.00422555
[9]0.00235072
[10]0.00135876
[11]0.000802702
[12]0.000481
[13]0.000290955
[14]0.000177087
[15]0.000108216
[16]6.63038e-05
[17]4.06937e-05
[18]2.50039e-05
[19]1.53749e-05
[20]9.45875e-06
[21]5.82106e-06
[22]3.58319e-06
[23]2.20601e-06
[24]1.35829e-06
[25]8.36393e-07
[26]5.15053e-07
[27]3.17183e-07
[28]1.95335e-07
[29]1.20298e-07
[30]7.40875e-08
Total Elapsed Time: 4364
