Running without mySQLdb library
parsing sam file/likelihood score/reads and mapped genomes...
EM iteration...
(Genomes,Reads)=15142x218120
Delta Change:
writing initial alignment ...
[0]1.99527
[1]0.50368
[2]0.041937
[3]0.00518766
[4]0.00375988
[5]0.00337065
[6]0.00305841
[7]0.0027464
[8]0.00241666
[9]0.00207426
[10]0.00173401
[11]0.00141356
[12]0.00112671
[13]0.000881038
[14]0.000678262
[15]0.000515697
[16]0.000388263
[17]0.000290122
[18]0.00021555
[19]0.000159457
[20]0.000117582
[21]8.64948e-05
[22]6.35135e-05
[23]4.65766e-05
[24]3.41249e-05
[25]2.49839e-05
[26]1.82816e-05
[27]1.33719e-05
[28]9.77784e-06
[29]7.14821e-06
[30]5.22494e-06
[31]3.81867e-06
[32]2.79064e-06
[33]2.03924e-06
[34]1.49008e-06
[35]1.08877e-06
[36]7.95517e-07
[37]5.81239e-07
[38]4.24672e-07
[39]3.10276e-07
[40]2.26693e-07
[41]1.65625e-07
[42]1.21007e-07
[43]8.8409e-08
Total Elapsed Time: 4173
