Running without mySQLdb library
parsing sam file/likelihood score/reads and mapped genomes...
EM iteration...
(Genomes,Reads)=14618x201990
Delta Change:
writing initial alignment ...
[0]1.99709
[1]0.150027
[2]0.189919
[3]0.24646
[4]0.223108
[5]0.188698
[6]0.148923
[7]0.104445
[8]0.0527997
[9]0.0207725
[10]0.00737489
[11]0.002632
[12]0.00101151
[13]0.000443201
[14]0.000218175
[15]0.000119807
[16]7.18698e-05
[17]4.58902e-05
[18]3.05025e-05
[19]2.07897e-05
[20]1.44088e-05
[21]1.01214e-05
[22]7.20879e-06
[23]5.22374e-06
[24]3.87456e-06
[25]2.96597e-06
[26]2.3653e-06
[27]1.98177e-06
[28]1.75289e-06
[29]1.63515e-06
[30]1.59718e-06
[31]1.61453e-06
[32]1.66509e-06
[33]1.72527e-06
[34]1.76755e-06
[35]1.76136e-06
[36]1.67992e-06
[37]1.51266e-06
[38]1.27556e-06
[39]1.00748e-06
[40]7.51436e-07
[41]5.36066e-07
[42]3.7058e-07
[43]2.50893e-07
[44]1.67612e-07
[45]1.11037e-07
[46]7.31705e-08
Total Elapsed Time: 6905
