Running without mySQLdb library
parsing sam file/likelihood score/reads and mapped genomes...
EM iteration...
(Genomes,Reads)=16849x231053
Delta Change:
writing initial alignment ...
[0]1.99692
[1]0.12669
[2]0.00472074
[3]0.00079774
[4]0.000357019
[5]0.000240533
[6]0.000179707
[7]0.000138047
[8]0.000107603
[9]8.45892e-05
[10]6.67264e-05
[11]5.27305e-05
[12]4.17095e-05
[13]3.30045e-05
[14]2.61192e-05
[15]2.06692e-05
[16]1.63546e-05
[17]1.29386e-05
[18]1.02346e-05
[19]8.09453e-06
[20]6.40111e-06
[21]5.06139e-06
[22]4.00169e-06
[23]3.16361e-06
[24]2.50088e-06
[25]1.97688e-06
[26]1.5626e-06
[27]1.2351e-06
[28]9.76212e-07
[29]7.71571e-07
[30]6.09818e-07
[31]4.81968e-07
[32]3.80918e-07
[33]3.01051e-07
[34]2.37929e-07
[35]1.8804e-07
[36]1.48612e-07
[37]1.1745e-07
[38]9.28222e-08
Total Elapsed Time: 1861
