Running without mySQLdb library
parsing sam file/likelihood score/reads and mapped genomes...
EM iteration...
(Genomes,Reads)=13925x205450
Delta Change:
writing initial alignment ...
[0]1.99673
[1]0.152769
[2]0.19623
[3]0.278001
[4]0.292818
[5]0.183955
[6]0.0723089
[7]0.0218686
[8]0.00621889
[9]0.00191427
[10]0.000672212
[11]0.000271249
[12]0.00012553
[13]7.73883e-05
[14]5.8191e-05
[15]4.53681e-05
[16]3.42684e-05
[17]2.54548e-05
[18]1.87633e-05
[19]1.37835e-05
[20]1.01111e-05
[21]7.41364e-06
[22]5.43554e-06
[23]3.98567e-06
[24]2.92301e-06
[25]2.14401e-06
[26]1.57283e-06
[27]1.15394e-06
[28]8.46692e-07
[29]6.21291e-07
[30]4.55918e-07
[31]3.34576e-07
[32]2.45535e-07
[33]1.80196e-07
[34]1.32245e-07
[35]9.70556e-08
Total Elapsed Time: 7091
