Running without mySQLdb library
parsing sam file/likelihood score/reads and mapped genomes...
EM iteration...
(Genomes,Reads)=20906x227585
Delta Change:
writing initial alignment ...
[0]1.99604
[1]0.168739
[2]0.23694
[3]0.331735
[4]0.233144
[5]0.0626276
[6]0.00839199
[7]0.00328719
[8]0.00331322
[9]0.0038092
[10]0.00422854
[11]0.00440283
[12]0.0042639
[13]0.00382204
[14]0.00317815
[15]0.00247453
[16]0.00182934
[17]0.00130353
[18]0.000907475
[19]0.000623718
[20]0.000426304
[21]0.000291039
[22]0.000198933
[23]0.000136278
[24]9.35828e-05
[25]6.44083e-05
[26]4.44133e-05
[27]3.06721e-05
[28]2.12073e-05
[29]1.46761e-05
[30]1.0163e-05
[31]7.04109e-06
[32]4.87987e-06
[33]3.38286e-06
[34]2.34551e-06
[35]1.62647e-06
[36]1.12795e-06
[37]7.82282e-07
[38]5.4257e-07
[39]3.76322e-07
[40]2.6102e-07
[41]1.81049e-07
[42]1.2558e-07
[43]8.71062e-08
Total Elapsed Time: 6869
