Running without mySQLdb library
parsing sam file/likelihood score/reads and mapped genomes...
EM iteration...
(Genomes,Reads)=15708x227403
Delta Change:
writing initial alignment ...
[0]1.99681
[1]0.178814
[2]0.00205732
[3]0.000987315
[4]0.000436593
[5]0.000172616
[6]6.97889e-05
[7]3.18497e-05
[8]1.73531e-05
[9]1.12036e-05
[10]8.12715e-06
[11]6.29073e-06
[12]5.0341e-06
[13]4.10058e-06
[14]3.37733e-06
[15]2.80623e-06
[16]2.35232e-06
[17]1.99219e-06
[18]1.70936e-06
[19]1.49218e-06
[20]1.33293e-06
[21]1.2274e-06
[22]1.17439e-06
[23]1.17384e-06
[24]1.21898e-06
[25]1.26962e-06
[26]1.19688e-06
[27]8.27692e-07
[28]3.57925e-07
[29]1.79354e-07
[30]1.421e-07
[31]1.1732e-07
[32]9.68794e-08
Total Elapsed Time: 1823
