Running without mySQLdb library
parsing sam file/likelihood score/reads and mapped genomes...
EM iteration...
(Genomes,Reads)=13746x203740
Delta Change:
writing initial alignment ...
[0]1.99019
[1]0.352534
[2]0.110832
[3]0.0294731
[4]0.00992637
[5]0.00404091
[6]0.00174678
[7]0.00077875
[8]0.000352586
[9]0.0001618
[10]7.61282e-05
[11]3.59343e-05
[12]1.69646e-05
[13]8.01197e-06
[14]3.78576e-06
[15]1.79002e-06
[16]8.47395e-07
[17]4.02513e-07
[18]1.93588e-07
[19]9.77344e-08
Total Elapsed Time: 2535
