Running without mySQLdb library
parsing sam file/likelihood score/reads and mapped genomes...
EM iteration...
(Genomes,Reads)=10410x206902
Delta Change:
writing initial alignment ...
[0]1.99431
[1]0.161292
[2]0.0990904
[3]0.108884
[4]0.0958311
[5]0.0567092
[6]0.0439509
[7]0.0412352
[8]0.0443478
[9]0.0488
[10]0.0528629
[11]0.0554625
[12]0.0555094
[13]0.0522015
[14]0.0455414
[15]0.0366077
[16]0.027172
[17]0.0188316
[18]0.0123882
[19]0.00786589
[20]0.00488646
[21]0.00299775
[22]0.00182661
[23]0.00110908
[24]0.000672213
[25]0.000407068
[26]0.000246401
[27]0.00014912
[28]9.02417e-05
[29]5.461e-05
[30]3.30477e-05
[31]1.99998e-05
[32]1.2104e-05
[33]7.32585e-06
[34]4.43427e-06
[35]2.68429e-06
[36]1.62513e-06
[37]9.84025e-07
[38]5.95937e-07
[39]3.60983e-07
[40]2.18718e-07
[41]1.32562e-07
[42]8.03755e-08
Total Elapsed Time: 2655
