Running without mySQLdb library
parsing sam file/likelihood score/reads and mapped genomes...
EM iteration...
(Genomes,Reads)=6938x121000
Delta Change:
writing initial alignment ...
[0]1.98756
[1]0.0525417
[2]0.00259169
[3]0.00143728
[4]0.00139224
[5]0.00141357
[6]0.00142444
[7]0.00140181
[8]0.0013368
[9]0.00123035
[10]0.00109267
[11]0.000941582
[12]0.000799765
[13]0.000692646
[14]0.000644289
[15]0.000642619
[16]0.000541201
[17]0.000277814
[18]0.000138235
[19]9.55731e-05
[20]6.81079e-05
[21]4.83546e-05
[22]3.42359e-05
[23]2.41923e-05
[24]1.70714e-05
[25]1.20347e-05
[26]8.47818e-06
[27]5.96975e-06
[28]4.20204e-06
[29]2.95705e-06
[30]2.08058e-06
[31]1.46372e-06
[32]1.02966e-06
[33]7.24274e-07
[34]5.09442e-07
[35]3.58322e-07
[36]2.52025e-07
[37]1.77259e-07
[38]1.24671e-07
[39]8.76846e-08
Total Elapsed Time: 1589
