Running without mySQLdb library
parsing sam file/likelihood score/reads and mapped genomes...
EM iteration...
(Genomes,Reads)=17417x242628
Delta Change:
writing initial alignment ...
[0]1.99872
[1]0.231167
[2]0.229434
[3]0.082137
[4]0.0108499
[5]0.00168658
[6]0.000528076
[7]0.000308007
[8]0.000211853
[9]0.000151992
[10]0.000113409
[11]8.72054e-05
[12]6.86061e-05
[13]5.49383e-05
[14]4.46146e-05
[15]3.66421e-05
[16]3.03726e-05
[17]2.53676e-05
[18]2.13215e-05
[19]1.80158e-05
[20]1.52907e-05
[21]1.30268e-05
[22]1.11338e-05
[23]9.54192e-06
[24]8.19686e-06
[25]7.05559e-06
[26]6.08373e-06
[27]5.25357e-06
[28]4.54252e-06
[29]3.93208e-06
[30]3.40695e-06
[31]2.95445e-06
[32]2.56393e-06
[33]2.22642e-06
[34]1.93438e-06
[35]1.68144e-06
[36]1.46216e-06
[37]1.27193e-06
[38]1.1068e-06
[39]9.63358e-07
[40]8.38705e-07
[41]7.30329e-07
[42]6.36071e-07
[43]5.54063e-07
[44]4.82693e-07
[45]4.20566e-07
[46]3.66473e-07
[47]3.19366e-07
[48]2.78335e-07
[49]2.42593e-07
Total Elapsed Time: 2585
