Running without mySQLdb library
parsing sam file/likelihood score/reads and mapped genomes...
EM iteration...
(Genomes,Reads)=14020x210470
Delta Change:
writing initial alignment ...
[0]1.99559
[1]0.164244
[2]0.269284
[3]0.382543
[4]0.278043
[5]0.0778535
[6]0.0107549
[7]0.00413148
[8]0.00412248
[9]0.00469445
[10]0.00512361
[11]0.00522087
[12]0.00493102
[13]0.00430529
[14]0.00349238
[15]0.00266318
[16]0.00193862
[17]0.00136798
[18]0.000948015
[19]0.000651435
[20]0.00044665
[21]0.000306654
[22]0.000211169
[23]0.000145921
[24]0.000101166
[25]7.03375e-05
[26]4.90166e-05
[27]3.42204e-05
[28]2.39236e-05
[29]1.67423e-05
[30]1.17255e-05
[31]8.21655e-06
[32]5.75998e-06
[33]4.03903e-06
[34]2.83285e-06
[35]1.98716e-06
[36]1.39408e-06
[37]9.78078e-07
[38]6.86251e-07
[39]4.81514e-07
[40]3.37867e-07
[41]2.37077e-07
[42]1.66357e-07
[43]1.16733e-07
[44]8.19128e-08
Total Elapsed Time: 8203
