Running without mySQLdb library
parsing sam file/likelihood score/reads and mapped genomes...
EM iteration...
(Genomes,Reads)=13968x239818
Delta Change:
writing initial alignment ...
[0]1.99045
[1]0.347172
[2]0.0766421
[3]0.0403951
[4]0.03887
[5]0.0446899
[6]0.0499252
[7]0.0508611
[8]0.0514209
[9]0.0536857
[10]0.052181
[11]0.0447943
[12]0.0334704
[13]0.0220227
[14]0.013143
[15]0.00735161
[16]0.00395579
[17]0.00208285
[18]0.00108398
[19]0.000560721
[20]0.000289146
[21]0.000148872
[22]7.65922e-05
[23]3.93929e-05
[24]2.02585e-05
[25]1.04185e-05
[26]5.35849e-06
[27]2.75636e-06
[28]1.41808e-06
[29]7.29705e-07
[30]3.75573e-07
[31]1.93355e-07
[32]9.95756e-08
Total Elapsed Time: 3015
