Running without mySQLdb library
parsing sam file/likelihood score/reads and mapped genomes...
EM iteration...
(Genomes,Reads)=11140x205044
Delta Change:
writing initial alignment ...
[0]1.99341
[1]0.478006
[2]0.0541787
[3]0.0405034
[4]0.0422282
[5]0.0244207
[6]0.00861911
[7]0.0034917
[8]0.00231876
[9]0.0018477
[10]0.00147557
[11]0.00114568
[12]0.000872001
[13]0.000653597
[14]0.000483897
[15]0.000354834
[16]0.000258312
[17]0.000187035
[18]0.000134891
[19]9.70061e-05
[20]6.96186e-05
[21]4.98905e-05
[22]3.57162e-05
[23]2.55505e-05
[24]1.82691e-05
[25]1.30583e-05
[26]9.33162e-06
[27]6.66743e-06
[28]4.76339e-06
[29]3.40286e-06
[30]2.43084e-06
[31]1.73643e-06
[32]1.24037e-06
[33]8.86023e-07
[34]6.32906e-07
[35]4.52103e-07
[36]3.2295e-07
[37]2.30693e-07
[38]1.64792e-07
[39]1.17718e-07
[40]8.40917e-08
Total Elapsed Time: 5896
