Running without mySQLdb library
parsing sam file/likelihood score/reads and mapped genomes...
EM iteration...
(Genomes,Reads)=11741x214190
Delta Change:
writing initial alignment ...
[0]1.99474
[1]0.520694
[2]0.0374934
[3]0.00709477
[4]0.00483302
[5]0.00384334
[6]0.00326497
[7]0.00280866
[8]0.00236636
[9]0.00194553
[10]0.00155762
[11]0.00121619
[12]0.000928941
[13]0.000696988
[14]0.000515823
[15]0.000377779
[16]0.000274458
[17]0.000198214
[18]0.00014253
[19]0.000102167
[20]7.30681e-05
[21]5.2172e-05
[22]3.72084e-05
[23]2.65145e-05
[24]1.88829e-05
[25]1.34422e-05
[26]9.56631e-06
[27]6.80654e-06
[28]4.84222e-06
[29]3.44443e-06
[30]2.44996e-06
[31]1.74252e-06
[32]1.23932e-06
[33]8.81412e-07
[34]6.26855e-07
[35]4.45811e-07
[36]3.17054e-07
[37]2.25483e-07
[38]1.60359e-07
[39]1.14044e-07
[40]8.11071e-08
Total Elapsed Time: 6109
