Running without mySQLdb library
parsing sam file/likelihood score/reads and mapped genomes...
EM iteration...
(Genomes,Reads)=10316x211250
Delta Change:
writing initial alignment ...
[0]1.99393
[1]0.17778
[2]0.110346
[3]0.108577
[4]0.0871007
[5]0.0503515
[6]0.0274284
[7]0.0169791
[8]0.0130928
[9]0.0112122
[10]0.0100463
[11]0.00900706
[12]0.00798569
[13]0.00701561
[14]0.00611488
[15]0.00529311
[16]0.0045542
[17]0.00389792
[18]0.00332109
[19]0.0028186
[20]0.00238415
[21]0.00201093
[22]0.00169204
[23]0.00142082
[24]0.00119102
[25]0.000996945
[26]0.000833479
[27]0.000696107
[28]0.000580881
[29]0.000484383
[30]0.000403676
[31]0.000336248
[32]0.000279968
[33]0.000233027
[34]0.000193901
[35]0.000161306
[36]0.000134163
[37]0.00011157
[38]9.27678e-05
[39]7.71257e-05
[40]6.41151e-05
[41]5.3295e-05
[42]4.4298e-05
[43]3.68178e-05
[44]3.05993e-05
[45]2.54302e-05
[46]2.11336e-05
[47]1.75625e-05
[48]1.45945e-05
[49]1.21279e-05
Total Elapsed Time: 3006
