Running without mySQLdb library
parsing sam file/likelihood score/reads and mapped genomes...
EM iteration...
(Genomes,Reads)=14278x202010
Delta Change:
writing initial alignment ...
[0]1.99189
[1]0.236482
[2]0.107488
[3]0.0411289
[4]0.0106032
[5]0.00303456
[6]0.00134741
[7]0.000746491
[8]0.000444165
[9]0.000270394
[10]0.000166474
[11]0.000103475
[12]6.44674e-05
[13]4.0232e-05
[14]2.51383e-05
[15]1.57215e-05
[16]9.83847e-06
[17]6.1597e-06
[18]3.85772e-06
[19]2.41658e-06
[20]1.51405e-06
[21]9.48702e-07
[22]5.94561e-07
[23]3.7264e-07
[24]2.33554e-07
[25]1.46382e-07
[26]9.17468e-08
Total Elapsed Time: 2576
