Running without mySQLdb library
parsing sam file/likelihood score/reads and mapped genomes...
EM iteration...
(Genomes,Reads)=15191x239310
Delta Change:
writing initial alignment ...
[0]1.99705
[1]0.176339
[2]0.0159401
[3]0.00700966
[4]0.00270724
[5]0.00116782
[6]0.000523257
[7]0.000256421
[8]0.000131487
[9]6.99377e-05
[10]3.80368e-05
[11]2.10453e-05
[12]1.18426e-05
[13]6.79036e-06
[14]3.97963e-06
[15]2.39237e-06
[16]1.47985e-06
[17]9.43819e-07
[18]6.20899e-07
[19]4.20752e-07
[20]2.92821e-07
[21]2.08378e-07
[22]1.50939e-07
[23]1.11294e-07
[24]8.30769e-08
Total Elapsed Time: 3874
