Running without mySQLdb library
parsing sam file/likelihood score/reads and mapped genomes...
EM iteration...
(Genomes,Reads)=6719x163960
Delta Change:
writing initial alignment ...
[0]1.9967
[1]0.454486
[2]0.0115667
[3]0.000390907
[4]0.000187917
[5]0.000108798
[6]7.189e-05
[7]5.27466e-05
[8]4.86824e-05
[9]3.98897e-05
[10]2.9956e-05
[11]2.12845e-05
[12]1.46598e-05
[13]9.89997e-06
[14]6.61572e-06
[15]4.41083e-06
[16]2.96307e-06
[17]2.0066e-06
[18]1.30864e-06
[19]8.19011e-07
[20]5.29002e-07
[21]3.45825e-07
[22]2.26073e-07
[23]1.47761e-07
[24]9.65653e-08
Total Elapsed Time: 384
