Running without mySQLdb library
parsing sam file/likelihood score/reads and mapped genomes...
EM iteration...
(Genomes,Reads)=15581x226960
Delta Change:
writing initial alignment ...
[0]1.98994
[1]0.249453
[2]0.0485762
[3]0.018124
[4]0.00767165
[5]0.00348235
[6]0.00168239
[7]0.00087165
[8]0.000481239
[9]0.000282911
[10]0.000176716
[11]0.000115384
[12]7.77479e-05
[13]5.35953e-05
[14]3.75556e-05
[15]2.6628e-05
[16]1.90405e-05
[17]1.3698e-05
[18]9.89766e-06
[19]7.17455e-06
[20]5.2134e-06
[21]3.79601e-06
[22]2.76903e-06
[23]2.02348e-06
[24]1.48134e-06
[25]1.08649e-06
[26]7.9845e-07
[27]5.87958e-07
[28]4.33852e-07
[29]3.20806e-07
[30]2.37709e-07
[31]1.76497e-07
[32]1.31309e-07
[33]9.78778e-08
Total Elapsed Time: 22475
