Running without mySQLdb library
parsing sam file/likelihood score/reads and mapped genomes...
EM iteration...
(Genomes,Reads)=5662x212940
Delta Change:
writing initial alignment ...
[0]1.99732
[1]0.00516463
[2]0.000169951
[3]8.08666e-05
[4]4.6251e-05
[5]3.74128e-05
[6]3.16675e-05
[7]2.78367e-05
[8]2.36997e-05
[9]1.9251e-05
[10]1.5029e-05
[11]1.13511e-05
[12]8.34685e-06
[13]6.0103e-06
[14]4.25912e-06
[15]2.98232e-06
[16]2.07004e-06
[17]1.42771e-06
[18]9.80209e-07
[19]6.70786e-07
[20]4.57983e-07
[21]3.12185e-07
[22]2.1256e-07
[23]1.44613e-07
[24]9.83316e-08
Total Elapsed Time: 236
