Running without mySQLdb library
parsing sam file/likelihood score/reads and mapped genomes...
EM iteration...
(Genomes,Reads)=13465x199050
Delta Change:
writing initial alignment ...
[0]1.99116
[1]0.264112
[2]0.0950331
[3]0.0466205
[4]0.0232305
[5]0.0112466
[6]0.0052634
[7]0.00242849
[8]0.001183
[9]0.000591846
[10]0.000294829
[11]0.000146507
[12]7.26972e-05
[13]3.60413e-05
[14]1.7859e-05
[15]8.85953e-06
[16]4.39445e-06
[17]2.1806e-06
[18]1.08173e-06
[19]5.36488e-07
[20]2.66029e-07
[21]1.319e-07
[22]6.5391e-08
Total Elapsed Time: 2521
