Running without mySQLdb library
parsing sam file/likelihood score/reads and mapped genomes...
EM iteration...
(Genomes,Reads)=7415x125220
Delta Change:
writing initial alignment ...
[0]1.98393
[1]0.308107
[2]0.0185586
[3]0.00319977
[4]0.00145697
[5]0.000889212
[6]0.000567088
[7]0.000351684
[8]0.000212914
[9]0.000127078
[10]7.58797e-05
[11]4.68054e-05
[12]3.23191e-05
[13]2.8998e-05
[14]3.71632e-05
[15]6.10047e-05
[16]0.000104472
[17]0.0001439
[18]0.000101836
[19]2.19421e-05
[20]1.70596e-06
[21]2.77716e-07
[22]1.10272e-07
[23]5.97992e-08
Total Elapsed Time: 1538
