Running without mySQLdb library
parsing sam file/likelihood score/reads and mapped genomes...
EM iteration...
(Genomes,Reads)=10368x212190
Delta Change:
writing initial alignment ...
[0]1.9944
[1]0.520795
[2]0.0375392
[3]0.00711278
[4]0.00483944
[5]0.00384565
[6]0.00326587
[7]0.00280933
[8]0.00236703
[9]0.00194625
[10]0.0015583
[11]0.00121676
[12]0.000929388
[13]0.000697321
[14]0.000516065
[15]0.000377951
[16]0.000274581
[17]0.000198301
[18]0.000142591
[19]0.00010221
[20]7.3098e-05
[21]5.21929e-05
[22]3.7223e-05
[23]2.65247e-05
[24]1.889e-05
[25]1.34472e-05
[26]9.56982e-06
[27]6.809e-06
[28]4.84394e-06
[29]3.44564e-06
[30]2.45081e-06
[31]1.74312e-06
[32]1.23974e-06
[33]8.81703e-07
[34]6.2706e-07
[35]4.45955e-07
[36]3.17155e-07
[37]2.25554e-07
[38]1.60409e-07
[39]1.1408e-07
[40]8.11322e-08
Total Elapsed Time: 6529
