Running without mySQLdb library
parsing sam file/likelihood score/reads and mapped genomes...
EM iteration...
(Genomes,Reads)=7128x82210
Delta Change:
writing initial alignment ...
[0]1.99541
[1]0.550721
[2]0.339414
[3]0.163602
[4]0.0689915
[5]0.0225346
[6]0.0068136
[7]0.00226377
[8]0.000858945
[9]0.000366325
[10]0.00017117
[11]8.56776e-05
[12]4.50774e-05
[13]2.45436e-05
[14]1.36659e-05
[15]7.71668e-06
[16]4.39466e-06
[17]2.51552e-06
[18]1.44421e-06
[19]8.30604e-07
[20]4.78187e-07
[21]2.7546e-07
[22]1.58733e-07
[23]9.14871e-08
Total Elapsed Time: 904
