Running without mySQLdb library
parsing sam file/likelihood score/reads and mapped genomes...
EM iteration...
(Genomes,Reads)=10438x279028
Delta Change:
writing initial alignment ...
[0]1.99661
[1]0.333558
[2]0.244956
[3]0.151426
[4]0.121342
[5]0.123016
[6]0.130913
[7]0.114734
[8]0.0756545
[9]0.0372679
[10]0.0149579
[11]0.00547682
[12]0.00196969
[13]0.000720634
[14]0.000273173
[15]0.000108753
[16]4.58868e-05
[17]2.05853e-05
[18]9.78141e-06
[19]4.87766e-06
[20]2.52363e-06
[21]1.34027e-06
[22]7.24422e-07
[23]3.96045e-07
[24]2.1809e-07
[25]1.20638e-07
[26]6.69183e-08
Total Elapsed Time: 2190
