Running without mySQLdb library
parsing sam file/likelihood score/reads and mapped genomes...
EM iteration...
(Genomes,Reads)=13961x210470
Delta Change:
writing initial alignment ...
[0]1.9954
[1]0.164228
[2]0.268794
[3]0.382566
[4]0.278123
[5]0.0778632
[6]0.0107502
[7]0.0041337
[8]0.00412815
[9]0.00470084
[10]0.00512963
[11]0.00522614
[12]0.00493544
[13]0.00430883
[14]0.0034951
[15]0.00266519
[16]0.00194006
[17]0.00136899
[18]0.000948719
[19]0.000651924
[20]0.000446991
[21]0.000306892
[22]0.000211336
[23]0.000146038
[24]0.000101249
[25]7.03962e-05
[26]4.90582e-05
[27]3.42499e-05
[28]2.39445e-05
[29]1.67571e-05
[30]1.17361e-05
[31]8.2241e-06
[32]5.76536e-06
[33]4.04288e-06
[34]2.83559e-06
[35]1.98912e-06
[36]1.39548e-06
[37]9.79086e-07
[38]6.86974e-07
[39]4.82032e-07
[40]3.3824e-07
[41]2.37345e-07
[42]1.6655e-07
[43]1.16872e-07
[44]8.20131e-08
Total Elapsed Time: 6672
