Running without mySQLdb library
parsing sam file/likelihood score/reads and mapped genomes...
EM iteration...
(Genomes,Reads)=8779x84840
Delta Change:
writing initial alignment ...
[0]1.99394
[1]0.476624
[2]0.354094
[3]0.212958
[4]0.073016
[5]0.0160553
[6]0.00319023
[7]0.00115642
[8]0.000642976
[9]0.000423205
[10]0.000294668
[11]0.000209662
[12]0.000150879
[13]0.000109355
[14]7.96444e-05
[15]5.82065e-05
[16]4.26455e-05
[17]3.13019e-05
[18]2.30068e-05
[19]1.69268e-05
[20]1.24628e-05
[21]9.18112e-06
[22]6.76633e-06
[23]4.98818e-06
[24]3.67815e-06
[25]2.7129e-06
[26]2.00143e-06
[27]1.47661e-06
[28]1.08943e-06
[29]8.03794e-07
[30]5.93056e-07
[31]4.37574e-07
[32]3.22858e-07
[33]2.38218e-07
[34]1.75767e-07
[35]1.29689e-07
[36]9.56909e-08
Total Elapsed Time: 2292
