Running without mySQLdb library
parsing sam file/likelihood score/reads and mapped genomes...
EM iteration...
(Genomes,Reads)=17332x227285
Delta Change:
writing initial alignment ...
[0]1.9962
[1]0.181649
[2]0.00240411
[3]0.00103483
[4]0.000459301
[5]0.000185983
[6]8.26077e-05
[7]4.51034e-05
[8]3.08423e-05
[9]2.47437e-05
[10]2.15907e-05
[11]1.95142e-05
[12]1.77005e-05
[13]1.57949e-05
[14]1.39884e-05
[15]1.24036e-05
[16]1.09355e-05
[17]9.56687e-06
[18]8.30465e-06
[19]7.15529e-06
[20]6.12217e-06
[21]5.20503e-06
[22]4.40018e-06
[23]3.70118e-06
[24]3.09967e-06
[25]2.58618e-06
[26]2.15085e-06
[27]1.78394e-06
[28]1.47624e-06
[29]1.21927e-06
[30]1.00543e-06
[31]8.27983e-07
[32]6.81104e-07
[33]5.59768e-07
[34]4.59701e-07
[35]3.77288e-07
[36]3.09491e-07
[37]2.5377e-07
[38]2.08009e-07
[39]1.70451e-07
[40]1.39642e-07
[41]1.1438e-07
[42]9.36735e-08
Total Elapsed Time: 5086
