Running without mySQLdb library
parsing sam file/likelihood score/reads and mapped genomes...
EM iteration...
(Genomes,Reads)=13589x212116
Delta Change:
writing initial alignment ...
[0]1.99136
[1]0.518488
[2]0.0413383
[3]0.00909475
[4]0.00581041
[5]0.0042376
[6]0.00338001
[7]0.00282539
[8]0.00237532
[9]0.00198456
[10]0.00161913
[11]0.00125263
[12]0.000930634
[13]0.000695886
[14]0.000517841
[15]0.000381363
[16]0.000278582
[17]0.00020227
[18]0.000146205
[19]0.000105334
[20]7.57083e-05
[21]5.4321e-05
[22]3.89271e-05
[23]2.78707e-05
[24]1.99418e-05
[25]1.42621e-05
[26]1.01966e-05
[27]7.28833e-06
[28]5.20867e-06
[29]3.72196e-06
[30]2.65938e-06
[31]1.90004e-06
[32]1.35745e-06
[33]9.69778e-07
[34]6.92808e-07
[35]4.94935e-07
[36]3.53573e-07
[37]2.52583e-07
[38]1.80438e-07
[39]1.28899e-07
[40]9.20804e-08
Total Elapsed Time: 8894
