Running without mySQLdb library
parsing sam file/likelihood score/reads and mapped genomes...
EM iteration...
(Genomes,Reads)=14111x204740
Delta Change:
writing initial alignment ...
[0]1.99673
[1]0.173972
[2]0.219918
[3]0.257624
[4]0.197214
[5]0.162039
[6]0.145461
[7]0.112679
[8]0.060196
[9]0.0236118
[10]0.00809185
[11]0.00282543
[12]0.0010808
[13]0.000456354
[14]0.000211113
[15]0.000105208
[16]5.53963e-05
[17]3.02863e-05
[18]1.69645e-05
[19]9.64625e-06
[20]5.53497e-06
[21]3.19313e-06
[22]1.84803e-06
[23]1.07161e-06
[24]6.22138e-07
[25]3.61501e-07
[26]2.10221e-07
[27]1.22373e-07
[28]7.13532e-08
Total Elapsed Time: 8364
