Running without mySQLdb library
parsing sam file/likelihood score/reads and mapped genomes...
EM iteration...
(Genomes,Reads)=14116x218660
Delta Change:
writing initial alignment ...
[0]1.98778
[1]0.204376
[2]0.0390805
[3]0.025875
[4]0.0167229
[5]0.0108261
[6]0.0075014
[7]0.0055688
[8]0.00435371
[9]0.00350422
[10]0.0028341
[11]0.00231276
[12]0.0019291
[13]0.00161318
[14]0.00134835
[15]0.00112586
[16]0.000939317
[17]0.00078345
[18]0.000652683
[19]0.000543129
[20]0.000451559
[21]0.000375159
[22]0.000311504
[23]0.000258528
[24]0.000214478
[25]0.000177876
[26]0.000147482
[27]0.000122255
[28]0.000101325
[29]8.39661e-05
[30]6.95723e-05
[31]5.76401e-05
[32]4.77504e-05
[33]3.95547e-05
[34]3.27639e-05
[35]2.71376e-05
[36]2.24766e-05
[37]1.86155e-05
[38]1.54173e-05
[39]1.27682e-05
[40]1.05741e-05
[41]8.75696e-06
[42]7.25197e-06
[43]6.00557e-06
[44]4.97335e-06
[45]4.11851e-06
[46]3.41058e-06
[47]2.82433e-06
[48]2.33884e-06
[49]1.93679e-06
Total Elapsed Time: 2666
