Running without mySQLdb library
parsing sam file/likelihood score/reads and mapped genomes...
EM iteration...
(Genomes,Reads)=6916x178710
Delta Change:
writing initial alignment ...
[0]1.99709
[1]0.372958
[2]0.0478769
[3]0.019384
[4]0.0363323
[5]0.0685652
[6]0.123105
[7]0.225453
[8]0.334781
[9]0.328185
[10]0.158648
[11]0.0214694
[12]0.000997182
[13]0.000125767
[14]3.3222e-05
[15]9.72147e-06
[16]3.18956e-06
[17]1.25857e-06
[18]6.23622e-07
[19]3.77884e-07
[20]2.61089e-07
[21]1.93562e-07
[22]1.49993e-07
[23]1.18379e-07
[24]9.37273e-08
Total Elapsed Time: 841
