Running without mySQLdb library
parsing sam file/likelihood score/reads and mapped genomes...
EM iteration...
(Genomes,Reads)=6658x126830
Delta Change:
writing initial alignment ...
[0]1.98543
[1]0.150368
[2]0.026394
[3]0.0128073
[4]0.00908029
[5]0.0061616
[6]0.0039794
[7]0.0025895
[8]0.00176066
[9]0.00124549
[10]0.000904654
[11]0.000667767
[12]0.000497574
[13]0.000375504
[14]0.000284343
[15]0.000216525
[16]0.000166052
[17]0.000127531
[18]9.80681e-05
[19]7.5501e-05
[20]5.81965e-05
[21]4.49148e-05
[22]3.47112e-05
[23]2.68643e-05
[24]2.08236e-05
[25]1.61679e-05
[26]1.25752e-05
[27]9.79896e-06
[28]7.65053e-06
[29]5.98531e-06
[30]4.69244e-06
[31]3.68688e-06
[32]2.90332e-06
[33]2.29154e-06
[34]1.81291e-06
[35]1.43766e-06
[36]1.1428e-06
[37]9.10602e-07
[38]7.27318e-07
[39]5.82307e-07
[40]4.67305e-07
[41]3.75882e-07
[42]3.03031e-07
[43]2.44839e-07
[44]1.98246e-07
[45]1.60853e-07
[46]1.30773e-07
[47]1.06521e-07
[48]8.69252e-08
Total Elapsed Time: 1993
