Running without mySQLdb library
parsing sam file/likelihood score/reads and mapped genomes...
EM iteration...
(Genomes,Reads)=5834x163500
Delta Change:
writing initial alignment ...
[0]1.99706
[1]0.454503
[2]0.0115027
[3]0.000331343
[4]0.000140554
[5]8.06468e-05
[6]6.02645e-05
[7]4.87468e-05
[8]4.72624e-05
[9]3.93294e-05
[10]2.97092e-05
[11]2.11642e-05
[12]1.4594e-05
[13]9.855e-06
[14]6.57136e-06
[15]4.34839e-06
[16]2.86393e-06
[17]1.88075e-06
[18]1.23284e-06
[19]8.07195e-07
[20]5.28116e-07
[21]3.45362e-07
[22]2.2578e-07
[23]1.47575e-07
[24]9.64455e-08
Total Elapsed Time: 787
