Running without mySQLdb library
parsing sam file/likelihood score/reads and mapped genomes...
EM iteration...
(Genomes,Reads)=21441x261354
Delta Change:
writing initial alignment ...
[0]1.99052
[1]0.29923
[2]0.0947725
[3]0.0544896
[4]0.0326388
[5]0.0178677
[6]0.00927103
[7]0.00430659
[8]0.00217316
[9]0.00121808
[10]0.000709083
[11]0.000422935
[12]0.000256579
[13]0.000157539
[14]9.7651e-05
[15]6.11258e-05
[16]3.88199e-05
[17]2.5292e-05
[18]1.70732e-05
[19]1.14315e-05
[20]6.66994e-06
[21]3.61452e-06
[22]2.18735e-06
[23]1.36507e-06
[24]8.52403e-07
[25]5.32315e-07
[26]3.32439e-07
[27]2.07619e-07
[28]1.29668e-07
[29]8.09846e-08
Total Elapsed Time: 10125
