Running without mySQLdb library
parsing sam file/likelihood score/reads and mapped genomes...
EM iteration...
(Genomes,Reads)=7386x163765
Delta Change:
writing initial alignment ...
[0]1.99562
[1]0.455647
[2]0.0153611
[3]0.00110226
[4]0.000449801
[5]0.000292579
[6]0.000183093
[7]0.000107324
[8]7.23783e-05
[9]4.96569e-05
[10]3.38954e-05
[11]2.28431e-05
[12]1.52295e-05
[13]1.0075e-05
[14]6.6236e-06
[15]4.33643e-06
[16]2.83122e-06
[17]1.84512e-06
[18]1.20103e-06
[19]7.81151e-07
[20]5.07794e-07
[21]3.2998e-07
[22]2.14381e-07
[23]1.39257e-07
[24]9.04492e-08
Total Elapsed Time: 195
