Running without mySQLdb library
parsing sam file/likelihood score/reads and mapped genomes...
EM iteration...
(Genomes,Reads)=15891x223190
Delta Change:
writing initial alignment ...
[0]1.99219
[1]0.381705
[2]0.0781641
[3]0.051682
[4]0.0520982
[5]0.0464181
[6]0.0306867
[7]0.0140107
[8]0.0110122
[9]0.0105345
[10]0.0112163
[11]0.0123697
[12]0.0137978
[13]0.0154608
[14]0.0173503
[15]0.0194449
[16]0.0216847
[17]0.0239441
[18]0.0260199
[19]0.0276004
[20]0.0282864
[21]0.0277136
[22]0.0257074
[23]0.0224357
[24]0.0184128
[25]0.0143008
[26]0.0106361
[27]0.00768191
[28]0.00545751
[29]0.00385116
[30]0.00271635
[31]0.00192153
[32]0.00136516
[33]0.000974267
[34]0.000698165
[35]0.000502046
[36]0.000362027
[37]0.000261628
[38]0.000189387
[39]0.000137265
[40]9.95807e-05
[41]7.22923e-05
[42]5.25085e-05
[43]3.81531e-05
[44]2.773e-05
[45]2.01584e-05
[46]1.46564e-05
[47]1.06572e-05
[48]7.74983e-06
[49]5.63594e-06
Total Elapsed Time: 4060
