Running without mySQLdb library
parsing sam file/likelihood score/reads and mapped genomes...
EM iteration...
(Genomes,Reads)=15896x242980
Delta Change:
writing initial alignment ...
[0]1.9963
[1]0.168526
[2]0.0166372
[3]0.00511616
[4]0.00196452
[5]0.000817922
[6]0.000330941
[7]0.000134819
[8]6.03605e-05
[9]2.99494e-05
[10]1.70787e-05
[11]1.15423e-05
[12]8.60195e-06
[13]6.90106e-06
[14]5.68892e-06
[15]4.73938e-06
[16]3.96749e-06
[17]3.32633e-06
[18]2.78952e-06
[19]2.3392e-06
[20]1.96138e-06
[21]1.64458e-06
[22]1.37915e-06
[23]1.15697e-06
[24]9.71146e-07
[25]8.15875e-07
[26]6.86263e-07
[27]5.78197e-07
[28]4.8823e-07
[29]4.13479e-07
[30]3.51546e-07
[31]3.00445e-07
[32]2.58549e-07
[33]2.24539e-07
[34]1.9738e-07
[35]1.76294e-07
[36]1.6076e-07
[37]1.50522e-07
[38]1.45857e-07
[39]1.47589e-07
[40]1.55794e-07
[41]1.71032e-07
[42]1.92199e-07
[43]2.12497e-07
[44]2.15157e-07
[45]1.8758e-07
[46]1.52161e-07
[47]1.24689e-07
[48]1.03549e-07
[49]8.62061e-08
Total Elapsed Time: 2017
