Running without mySQLdb library
parsing sam file/likelihood score/reads and mapped genomes...
EM iteration...
(Genomes,Reads)=8036x82610
Delta Change:
writing initial alignment ...
[0]1.99539
[1]0.475436
[2]0.353979
[3]0.213124
[4]0.0732291
[5]0.0161275
[6]0.00320777
[7]0.00114645
[8]0.000639798
[9]0.000424303
[10]0.000296792
[11]0.000211432
[12]0.000152302
[13]0.00011061
[14]8.07945e-05
[15]5.92518e-05
[16]4.35757e-05
[17]3.21121e-05
[18]2.36995e-05
[19]1.75101e-05
[20]1.29478e-05
[21]9.58007e-06
[22]7.09158e-06
[23]5.25132e-06
[24]3.88963e-06
[25]2.88159e-06
[26]2.13512e-06
[27]1.58242e-06
[28]1.17293e-06
[29]8.69417e-07
[30]6.44456e-07
[31]4.77709e-07
[32]3.54109e-07
[33]2.62491e-07
[34]1.94578e-07
[35]1.44236e-07
[36]1.06919e-07
[37]7.92574e-08
Total Elapsed Time: 161
