Running without mySQLdb library
parsing sam file/likelihood score/reads and mapped genomes...
EM iteration...
(Genomes,Reads)=10198x172950
Delta Change:
writing initial alignment ...
[0]1.99586
[1]0.466374
[2]0.0524932
[3]0.00852495
[4]0.00372908
[5]0.00294209
[6]0.0020481
[7]0.00114587
[8]0.000552544
[9]0.000252751
[10]0.00011892
[11]6.206e-05
[12]3.72286e-05
[13]2.50662e-05
[14]1.80051e-05
[15]1.32565e-05
[16]9.79765e-06
[17]7.21099e-06
[18]5.27324e-06
[19]3.83179e-06
[20]2.76968e-06
[21]1.99373e-06
[22]1.4307e-06
[23]1.02431e-06
[24]7.32126e-07
[25]5.2265e-07
[26]3.72782e-07
[27]2.65721e-07
[28]1.89322e-07
[29]1.34846e-07
[30]9.60224e-08
Total Elapsed Time: 3114
