Running without mySQLdb library
parsing sam file/likelihood score/reads and mapped genomes...
EM iteration...
(Genomes,Reads)=14408x238930
Delta Change:
writing initial alignment ...
[0]1.99691
[1]0.175945
[2]0.0157423
[3]0.00795479
[4]0.0030542
[5]0.00132546
[6]0.000605331
[7]0.000300259
[8]0.000157598
[9]8.71336e-05
[10]4.99855e-05
[11]2.97302e-05
[12]1.83762e-05
[13]1.18412e-05
[14]7.97047e-06
[15]5.60091e-06
[16]4.09444e-06
[17]3.09615e-06
[18]2.40586e-06
[19]1.9093e-06
[20]1.53903e-06
[21]1.25404e-06
[22]1.02962e-06
[23]8.49831e-07
[24]7.03999e-07
[25]5.84665e-07
[26]4.86407e-07
[27]4.05156e-07
[28]3.37767e-07
[29]2.81759e-07
[30]2.35142e-07
[31]1.96302e-07
[32]1.63917e-07
[33]1.36901e-07
[34]1.14354e-07
[35]9.55315e-08
Total Elapsed Time: 1424
