Running without mySQLdb library
parsing sam file/likelihood score/reads and mapped genomes...
EM iteration...
(Genomes,Reads)=14963x267380
Delta Change:
writing initial alignment ...
[0]1.99504
[1]0.261183
[2]0.182912
[3]0.0924057
[4]0.0371849
[5]0.0141959
[6]0.00569077
[7]0.00237944
[8]0.00106475
[9]0.000513413
[10]0.00026531
[11]0.000145022
[12]8.25672e-05
[13]4.8305e-05
[14]2.87509e-05
[15]1.72935e-05
[16]1.04677e-05
[17]6.35963e-06
[18]3.87223e-06
[19]2.3607e-06
[20]1.44026e-06
[21]8.79079e-07
[22]5.36688e-07
[23]3.27702e-07
[24]2.00111e-07
[25]1.22204e-07
[26]7.46297e-08
Total Elapsed Time: 1614
