Running without mySQLdb library
parsing sam file/likelihood score/reads and mapped genomes...
EM iteration...
(Genomes,Reads)=14560x248390
Delta Change:
writing initial alignment ...
[0]1.9863
[1]0.418508
[2]0.169158
[3]0.0965888
[4]0.05854
[5]0.0326751
[6]0.0174319
[7]0.00824045
[8]0.00405216
[9]0.00225706
[10]0.00132141
[11]0.000803052
[12]0.000504953
[13]0.00032734
[14]0.000219244
[15]0.000152593
[16]0.000110456
[17]8.32075e-05
[18]6.49636e-05
[19]5.12031e-05
[20]3.9123e-05
[21]3.01594e-05
[22]2.42932e-05
[23]1.98194e-05
[24]1.62358e-05
[25]1.33318e-05
[26]1.09609e-05
[27]9.0163e-06
[28]7.4171e-06
[29]6.10019e-06
[30]5.0152e-06
[31]4.12136e-06
[32]3.38525e-06
[33]2.77936e-06
[34]2.28095e-06
[35]1.8712e-06
[36]1.53454e-06
[37]1.25807e-06
[38]1.03115e-06
[39]8.44964e-07
[40]6.92268e-07
[41]5.67075e-07
[42]4.64459e-07
[43]3.80368e-07
[44]3.11473e-07
[45]2.55035e-07
[46]2.0881e-07
[47]1.70954e-07
[48]1.39954e-07
[49]1.14571e-07
Total Elapsed Time: 15138
