Running without mySQLdb library
parsing sam file/likelihood score/reads and mapped genomes...
EM iteration...
(Genomes,Reads)=13094x207520
Delta Change:
writing initial alignment ...
[0]1.99286
[1]0.389257
[2]0.024258
[3]0.00713808
[4]0.00220842
[5]0.000673347
[6]0.000226281
[7]9.47114e-05
[8]5.27889e-05
[9]3.94733e-05
[10]3.56067e-05
[11]3.28472e-05
[12]2.8489e-05
[13]2.31404e-05
[14]1.7684e-05
[15]1.28312e-05
[16]8.94017e-06
[17]6.04336e-06
[18]3.99633e-06
[19]2.60119e-06
[20]1.67392e-06
[21]1.06837e-06
[22]6.77942e-07
[23]4.28259e-07
[24]2.69643e-07
[25]1.69358e-07
[26]1.06164e-07
[27]6.64519e-08
Total Elapsed Time: 2363
