Running without mySQLdb library
parsing sam file/likelihood score/reads and mapped genomes...
EM iteration...
(Genomes,Reads)=13685x241239
Delta Change:
writing initial alignment ...
[0]1.98918
[1]0.425169
[2]0.127256
[3]0.0498738
[4]0.0228466
[5]0.0126449
[6]0.00964609
[7]0.0101915
[8]0.0117892
[9]0.0139078
[10]0.0162657
[11]0.0187871
[12]0.0213213
[13]0.0236265
[14]0.0253775
[15]0.0262087
[16]0.0258323
[17]0.0241679
[18]0.0214196
[19]0.0180244
[20]0.0144866
[21]0.0112131
[22]0.00843243
[23]0.00620977
[24]0.00450673
[25]0.00323855
[26]0.00231195
[27]0.0016433
[28]0.00116469
[29]0.000823917
[30]0.000582126
[31]0.000410956
[32]0.000289964
[33]0.000204527
[34]0.000144236
[35]0.000101709
[36]7.17205e-05
[37]5.05777e-05
[38]3.56725e-05
[39]2.51651e-05
[40]1.77576e-05
[41]1.25353e-05
[42]8.8533e-06
[43]6.25682e-06
[44]4.42526e-06
[45]3.13289e-06
[46]2.22062e-06
[47]1.57642e-06
[48]1.12165e-06
[49]8.00082e-07
Total Elapsed Time: 2921
