Running without mySQLdb library
parsing sam file/likelihood score/reads and mapped genomes...
EM iteration...
(Genomes,Reads)=12504x255264
Delta Change:
writing initial alignment ...
[0]1.99581
[1]0.489025
[2]0.248106
[3]0.068322
[4]0.0441076
[5]0.0291623
[6]0.0147594
[7]0.00687374
[8]0.0031268
[9]0.00137289
[10]0.000588314
[11]0.000248248
[12]0.00010543
[13]4.57151e-05
[14]2.04468e-05
[15]9.50152e-06
[16]4.60484e-06
[17]2.32746e-06
[18]1.22255e-06
[19]6.63466e-07
[20]3.69501e-07
[21]2.09836e-07
[22]1.20857e-07
[23]7.03028e-08
Total Elapsed Time: 496
