Running without mySQLdb library
parsing sam file/likelihood score/reads and mapped genomes...
EM iteration...
(Genomes,Reads)=19423x229270
Delta Change:
writing initial alignment ...
[0]1.99571
[1]0.213001
[2]0.00567768
[3]0.0017043
[4]0.000944854
[5]0.000584848
[6]0.0004276
[7]0.00034223
[8]0.000277533
[9]0.000221061
[10]0.000171067
[11]0.000128685
[12]9.44941e-05
[13]6.81048e-05
[14]4.84237e-05
[15]3.4108e-05
[16]2.38775e-05
[17]1.66546e-05
[18]1.15961e-05
[19]8.07147e-06
[20]5.62275e-06
[21]3.92379e-06
[22]2.74515e-06
[23]1.9268e-06
[24]1.35769e-06
[25]9.60995e-07
[26]6.83675e-07
[27]4.89126e-07
[28]3.52088e-07
[29]2.55113e-07
[30]1.86133e-07
[31]1.36788e-07
[32]1.0127e-07
[33]7.55369e-08
Total Elapsed Time: 3585
