Running without mySQLdb library
parsing sam file/likelihood score/reads and mapped genomes...
EM iteration...
(Genomes,Reads)=6723x82290
Delta Change:
writing initial alignment ...
[0]1.99555
[1]0.482228
[2]0.368945
[3]0.200084
[4]0.0577987
[5]0.0107136
[6]0.0018016
[7]0.000332134
[8]0.000169779
[9]0.000120027
[10]9.21136e-05
[11]7.1043e-05
[12]5.5299e-05
[13]4.33192e-05
[14]3.40613e-05
[15]2.68363e-05
[16]2.11664e-05
[17]1.671e-05
[18]1.31988e-05
[19]1.04233e-05
[20]8.23004e-06
[21]6.49746e-06
[22]5.12911e-06
[23]4.04861e-06
[24]3.19553e-06
[25]2.52208e-06
[26]1.99048e-06
[27]1.57088e-06
[28]1.23971e-06
[29]9.78331e-07
[30]7.72052e-07
[31]6.0926e-07
[32]4.80789e-07
[33]3.79405e-07
[34]2.99398e-07
[35]2.36262e-07
[36]1.86439e-07
[37]1.47122e-07
[38]1.16096e-07
[39]9.16132e-08
Total Elapsed Time: 805
