Running without mySQLdb library
parsing sam file/likelihood score/reads and mapped genomes...
EM iteration...
(Genomes,Reads)=7011x126200
Delta Change:
writing initial alignment ...
[0]1.98681
[1]0.122494
[2]0.0323733
[3]0.0153025
[4]0.0093116
[5]0.00613913
[6]0.00418744
[7]0.00301211
[8]0.00228413
[9]0.00179315
[10]0.00144367
[11]0.00119085
[12]0.00100782
[13]0.000874606
[14]0.00077562
[15]0.00069782
[16]0.000630943
[17]0.000567722
[18]0.000504095
[19]0.000439009
[20]0.000373716
[21]0.000310694
[22]0.000252542
[23]0.000201191
[24]0.000157593
[25]0.000121781
[26]9.31381e-05
[27]7.07022e-05
[28]5.3403e-05
[29]4.0219e-05
[30]3.02536e-05
[31]2.27615e-05
[32]1.71479e-05
[33]1.29488e-05
[34]9.80887e-06
[35]7.459e-06
[36]5.69739e-06
[37]4.37347e-06
[38]3.3753e-06
[39]2.61986e-06
[40]2.04564e-06
[41]1.60706e-06
[42]1.27032e-06
[43]1.01033e-06
[44]8.08424e-07
[45]6.50668e-07
[46]5.26646e-07
[47]4.28538e-07
[48]3.5045e-07
[49]2.87919e-07
Total Elapsed Time: 1630
