Running without mySQLdb library
parsing sam file/likelihood score/reads and mapped genomes...
EM iteration...
(Genomes,Reads)=7399x82790
Delta Change:
writing initial alignment ...
[0]1.99445
[1]0.47701
[2]0.354825
[3]0.213135
[4]0.0732466
[5]0.016192
[6]0.00324503
[7]0.0011555
[8]0.000636261
[9]0.000418194
[10]0.000292478
[11]0.000209279
[12]0.000151368
[13]0.000110199
[14]8.05929e-05
[15]5.91378e-05
[16]4.3503e-05
[17]3.2062e-05
[18]2.36636e-05
[19]1.74839e-05
[20]1.29285e-05
[21]9.56586e-06
[22]7.08109e-06
[23]5.24356e-06
[24]3.88388e-06
[25]2.87734e-06
[26]2.13197e-06
[27]1.58009e-06
[28]1.17119e-06
[29]8.68134e-07
[30]6.43505e-07
[31]4.77004e-07
[32]3.53587e-07
[33]2.62104e-07
[34]1.94292e-07
[35]1.44024e-07
[36]1.06762e-07
[37]7.9141e-08
Total Elapsed Time: 153
