Running without mySQLdb library
parsing sam file/likelihood score/reads and mapped genomes...
EM iteration...
(Genomes,Reads)=7981x84290
Delta Change:
writing initial alignment ...
[0]1.9949
[1]0.476212
[2]0.346133
[3]0.208366
[4]0.071571
[5]0.0157587
[6]0.00313254
[7]0.00111901
[8]0.000623957
[9]0.000413195
[10]0.000288856
[11]0.000205976
[12]0.000148569
[13]0.000108001
[14]7.8932e-05
[15]5.7904e-05
[16]4.25921e-05
[17]3.13907e-05
[18]2.31687e-05
[19]1.71187e-05
[20]1.26588e-05
[21]9.36647e-06
[22]6.93359e-06
[23]5.13439e-06
[24]3.80305e-06
[25]2.81748e-06
[26]2.08762e-06
[27]1.54725e-06
[28]1.14686e-06
[29]8.50093e-07
[30]6.30131e-07
[31]4.67091e-07
[32]3.46238e-07
[33]2.56657e-07
[34]1.90253e-07
[35]1.4103e-07
[36]1.04543e-07
[37]7.74957e-08
Total Elapsed Time: 181
