Running without mySQLdb library
parsing sam file/likelihood score/reads and mapped genomes...
EM iteration...
(Genomes,Reads)=7012x180230
Delta Change:
writing initial alignment ...
[0]1.99802
[1]0.0145994
[2]0.0275724
[3]0.0558416
[4]0.114418
[5]0.231303
[6]0.398591
[7]0.370568
[8]0.0934852
[9]0.00373452
[10]0.000217036
[11]0.000153977
[12]0.000108116
[13]7.2059e-05
[14]4.63558e-05
[15]2.91224e-05
[16]1.80182e-05
[17]1.10413e-05
[18]6.72575e-06
[19]4.08203e-06
[20]2.47199e-06
[21]1.49496e-06
[22]9.03354e-07
[23]5.45594e-07
[24]3.29424e-07
[25]1.98865e-07
[26]1.20038e-07
[27]7.24509e-08
Total Elapsed Time: 944
