Running without mySQLdb library
parsing sam file/likelihood score/reads and mapped genomes...
EM iteration...
(Genomes,Reads)=10128x267746
Delta Change:
writing initial alignment ...
[0]1.99669
[1]0.262321
[2]0.156293
[3]0.181034
[4]0.205646
[5]0.186465
[6]0.133233
[7]0.0722874
[8]0.033734
[9]0.0162274
[10]0.00966239
[11]0.00710013
[12]0.00591637
[13]0.00526706
[14]0.00486713
[15]0.0045997
[16]0.00440454
[17]0.00424265
[18]0.00408541
[19]0.00395719
[20]0.00380486
[21]0.00360329
[22]0.00334971
[23]0.00304937
[24]0.00271469
[25]0.00236281
[26]0.00201215
[27]0.00167912
[28]0.00137594
[29]0.00110977
[30]0.000883159
[31]0.000695038
[32]0.000542057
[33]0.000419693
[34]0.000323092
[35]0.000247612
[36]0.000189106
[37]0.000144036
[38]0.000109481
[39]8.30847e-05
[40]6.2977e-05
[41]4.7692e-05
[42]3.60918e-05
[43]2.72989e-05
[44]2.06399e-05
[45]1.56007e-05
[46]1.17891e-05
[47]8.90725e-06
[48]6.72903e-06
[49]5.08301e-06
Total Elapsed Time: 2580
