Running without mySQLdb library
parsing sam file/likelihood score/reads and mapped genomes...
EM iteration...
(Genomes,Reads)=16591x243450
Delta Change:
writing initial alignment ...
[0]1.99671
[1]0.217303
[2]0.0130278
[3]0.00381978
[4]0.00234679
[5]0.00155608
[6]0.00104126
[7]0.000697892
[8]0.000468001
[9]0.00031392
[10]0.000210598
[11]0.000141301
[12]9.48173e-05
[13]6.36315e-05
[14]4.27068e-05
[15]2.86654e-05
[16]1.92421e-05
[17]1.29175e-05
[18]8.6723e-06
[19]5.82258e-06
[20]3.90951e-06
[21]2.62513e-06
[22]1.76279e-06
[23]1.18378e-06
[24]7.94985e-07
[25]5.33905e-07
[26]3.58578e-07
[27]2.40834e-07
[28]1.61758e-07
[29]1.08649e-07
[30]7.29789e-08
Total Elapsed Time: 1449
