Running without mySQLdb library
parsing sam file/likelihood score/reads and mapped genomes...
EM iteration...
(Genomes,Reads)=4947x204446
Delta Change:
writing initial alignment ...
[0]1.98685
[1]0.213327
[2]0.115448
[3]0.11122
[4]0.0952219
[5]0.0627649
[6]0.0297695
[7]0.0121802
[8]0.00643397
[9]0.00443294
[10]0.00362656
[11]0.00317929
[12]0.00286587
[13]0.00259495
[14]0.00234362
[15]0.00211252
[16]0.00190109
[17]0.00170837
[18]0.00153313
[19]0.00137422
[20]0.00123044
[21]0.00110063
[22]0.000983646
[23]0.000878399
[24]0.000783856
[25]0.000699042
[26]0.000623049
[27]0.000555034
[28]0.000494217
[29]0.000439885
[30]0.000391384
[31]0.000348116
[32]0.000309543
[33]0.000275172
[34]0.000244562
[35]0.000217312
[36]0.000193064
[37]0.000171493
[38]0.00015231
[39]0.000135256
[40]0.000120098
[41]0.000106627
[42]9.46595e-05
[43]8.40281e-05
[44]7.45854e-05
[45]6.61997e-05
[46]5.87535e-05
[47]5.21422e-05
[48]4.62729e-05
[49]4.10626e-05
Total Elapsed Time: 3616
