Running without mySQLdb library
parsing sam file/likelihood score/reads and mapped genomes...
EM iteration...
(Genomes,Reads)=6871x84570
Delta Change:
writing initial alignment ...
[0]1.99718
[1]0.00248071
[2]0.00103369
[3]0.00060026
[4]0.00016624
[5]3.21676e-05
[6]2.9017e-05
[7]4.16244e-05
[8]6.12456e-05
[9]7.54082e-05
[10]9.08376e-05
[11]0.000106943
[12]8.78385e-05
[13]3.94231e-05
[14]1.32749e-05
[15]4.60333e-06
[16]1.60389e-06
[17]5.58927e-07
[18]1.94713e-07
[19]6.78078e-08
Total Elapsed Time: 544
