Running without mySQLdb library
parsing sam file/likelihood score/reads and mapped genomes...
EM iteration...
(Genomes,Reads)=14566x248490
Delta Change:
writing initial alignment ...
[0]1.98737
[1]0.413307
[2]0.177521
[3]0.101359
[4]0.0616123
[5]0.0346645
[6]0.0185872
[7]0.00878077
[8]0.00426465
[9]0.00232646
[10]0.00132083
[11]0.00076754
[12]0.000453551
[13]0.000271301
[14]0.000163898
[15]0.000100055
[16]6.20533e-05
[17]3.96104e-05
[18]2.64129e-05
[19]1.77079e-05
[20]1.02446e-05
[21]5.20588e-06
[22]3.00277e-06
[23]1.82664e-06
[24]1.11264e-06
[25]6.77785e-07
[26]4.12904e-07
[27]2.51549e-07
[28]1.53251e-07
[29]9.33673e-08
Total Elapsed Time: 13570
