Running without mySQLdb library
parsing sam file/likelihood score/reads and mapped genomes...
EM iteration...
(Genomes,Reads)=16157x235950
Delta Change:
writing initial alignment ...
[0]1.98677
[1]0.405956
[2]0.176421
[3]0.101734
[4]0.0611215
[5]0.0335071
[6]0.0173984
[7]0.008085
[8]0.00408095
[9]0.00228787
[10]0.00133199
[11]0.000794511
[12]0.000482013
[13]0.000295959
[14]0.000183452
[15]0.000114835
[16]7.29299e-05
[17]4.75158e-05
[18]3.20758e-05
[19]2.14768e-05
[20]1.2531e-05
[21]6.79048e-06
[22]4.10928e-06
[23]2.5645e-06
[24]1.60137e-06
[25]1.00004e-06
[26]6.24538e-07
[27]3.90045e-07
[28]2.43601e-07
[29]1.52142e-07
[30]9.5022e-08
Total Elapsed Time: 10197
