Running without mySQLdb library
parsing sam file/likelihood score/reads and mapped genomes...
EM iteration...
(Genomes,Reads)=10384x284780
Delta Change:
writing initial alignment ...
[0]1.99569
[1]0.667212
[2]0.18936
[3]0.0141882
[4]0.00426548
[5]0.0012457
[6]0.000414918
[7]0.000184129
[8]0.000102011
[9]5.98494e-05
[10]3.59604e-05
[11]2.18585e-05
[12]1.33708e-05
[13]8.20928e-06
[14]5.0518e-06
[15]3.11335e-06
[16]1.92065e-06
[17]1.18575e-06
[18]7.32496e-07
[19]4.52749e-07
[20]2.79993e-07
[21]1.73257e-07
[22]1.0728e-07
[23]6.64756e-08
Total Elapsed Time: 1392
