Running without mySQLdb library
parsing sam file/likelihood score/reads and mapped genomes...
EM iteration...
(Genomes,Reads)=9145x157900
Delta Change:
writing initial alignment ...
[0]1.99584
[1]0.422091
[2]0.0296243
[3]0.0320259
[4]0.0352896
[5]0.0195478
[6]0.00536882
[7]0.000981754
[8]0.000241973
[9]0.000141795
[10]0.000108251
[11]7.71451e-05
[12]5.46825e-05
[13]3.88962e-05
[14]2.7696e-05
[15]1.96837e-05
[16]1.39462e-05
[17]9.8536e-06
[18]6.94758e-06
[19]4.89193e-06
[20]3.44254e-06
[21]2.42267e-06
[22]1.70575e-06
[23]1.20187e-06
[24]8.47595e-07
[25]5.98315e-07
[26]4.22748e-07
[27]2.98968e-07
[28]2.11607e-07
[29]1.49887e-07
[30]1.06241e-07
[31]7.53487e-08
Total Elapsed Time: 190
