Running without mySQLdb library
parsing sam file/likelihood score/reads and mapped genomes...
EM iteration...
(Genomes,Reads)=15667x247440
Delta Change:
writing initial alignment ...
[0]1.98763
[1]0.41138
[2]0.176523
[3]0.101722
[4]0.0616912
[5]0.0344349
[6]0.0183422
[7]0.00863042
[8]0.00420319
[9]0.00230495
[10]0.00131578
[11]0.000768942
[12]0.000457012
[13]0.000274972
[14]0.000167093
[15]0.000102612
[16]6.40248e-05
[17]4.11107e-05
[18]2.75007e-05
[19]1.82964e-05
[20]1.04512e-05
[21]5.43235e-06
[22]3.20047e-06
[23]1.95894e-06
[24]1.19988e-06
[25]7.34999e-07
[26]4.5025e-07
[27]2.75826e-07
[28]1.68976e-07
[29]1.03519e-07
[30]6.34196e-08
Total Elapsed Time: 13111
