Running without mySQLdb library
parsing sam file/likelihood score/reads and mapped genomes...
EM iteration...
(Genomes,Reads)=6228x162900
Delta Change:
writing initial alignment ...
[0]1.99628
[1]0.454433
[2]0.0115102
[3]0.000337108
[4]0.000146147
[5]8.61785e-05
[6]6.50049e-05
[7]5.30965e-05
[8]5.07249e-05
[9]4.17438e-05
[10]3.12017e-05
[11]2.20135e-05
[12]1.50308e-05
[13]1.00709e-05
[14]6.66682e-06
[15]4.38131e-06
[16]2.86654e-06
[17]1.87033e-06
[18]1.21823e-06
[19]7.92632e-07
[20]5.15363e-07
[21]3.34937e-07
[22]2.17616e-07
[23]1.41364e-07
[24]9.18192e-08
Total Elapsed Time: 170
