Running without mySQLdb library
parsing sam file/likelihood score/reads and mapped genomes...
EM iteration...
(Genomes,Reads)=15898x235629
Delta Change:
writing initial alignment ...
[0]1.99641
[1]0.0836522
[2]0.00231964
[3]0.000950916
[4]0.000583486
[5]0.00036731
[6]0.00024477
[7]0.000165807
[8]0.000109666
[9]7.08423e-05
[10]4.46586e-05
[11]2.74603e-05
[12]1.6522e-05
[13]9.77914e-06
[14]5.724e-06
[15]3.32677e-06
[16]1.92517e-06
[17]1.11122e-06
[18]6.40437e-07
[19]3.68784e-07
[20]2.12249e-07
[21]1.22121e-07
[22]7.02527e-08
Total Elapsed Time: 1334
