Running without mySQLdb library
parsing sam file/likelihood score/reads and mapped genomes...
EM iteration...
(Genomes,Reads)=3936x124686
Delta Change:
writing initial alignment ...
[0]1.97593
[1]0.136815
[2]0.0386571
[3]0.0152465
[4]0.00764317
[5]0.00454636
[6]0.00304619
[7]0.00215922
[8]0.00155548
[9]0.00111813
[10]0.000797143
[11]0.00056353
[12]0.000395796
[13]0.000276153
[14]0.000191724
[15]0.000132629
[16]9.15142e-05
[17]6.30306e-05
[18]4.33577e-05
[19]2.97988e-05
[20]2.04677e-05
[21]1.40526e-05
[22]9.64541e-06
[23]6.61908e-06
[24]4.54167e-06
[25]3.11596e-06
[26]2.13768e-06
[27]1.46647e-06
[28]1.00598e-06
[29]6.90076e-07
[30]4.73368e-07
[31]3.2471e-07
[32]2.22736e-07
[33]1.52786e-07
[34]1.04803e-07
[35]7.18894e-08
Total Elapsed Time: 1219
