Running without mySQLdb library
parsing sam file/likelihood score/reads and mapped genomes...
EM iteration...
(Genomes,Reads)=13593x209970
Delta Change:
writing initial alignment ...
[0]1.99609
[1]0.157518
[2]0.258316
[3]0.375282
[4]0.289355
[5]0.0883963
[6]0.0131459
[7]0.00686197
[8]0.00655673
[9]0.00636008
[10]0.0055287
[11]0.00437796
[12]0.00322296
[13]0.00226155
[14]0.00155005
[15]0.00105836
[16]0.000729466
[17]0.000511047
[18]0.000364672
[19]0.000264799
[20]0.000195189
[21]0.000145648
[22]0.000109729
[23]8.32813e-05
[24]6.35645e-05
[25]4.87227e-05
[26]3.7467e-05
[27]2.88821e-05
[28]2.23058e-05
[29]1.72512e-05
[30]1.33566e-05
[31]1.03498e-05
[32]8.02498e-06
[33]6.22546e-06
[34]4.83131e-06
[35]3.75047e-06
[36]2.91209e-06
[37]2.26152e-06
[38]1.75653e-06
[39]1.36445e-06
[40]1.05997e-06
[41]8.23494e-07
[42]6.39803e-07
[43]4.97107e-07
[44]3.86247e-07
[45]3.00118e-07
[46]2.33199e-07
[47]1.81203e-07
[48]1.40802e-07
[49]1.09411e-07
Total Elapsed Time: 8862
