Running without mySQLdb library
parsing sam file/likelihood score/reads and mapped genomes...
EM iteration...
(Genomes,Reads)=14359x248040
Delta Change:
writing initial alignment ...
[0]1.98753
[1]0.412252
[2]0.176216
[3]0.101713
[4]0.0620162
[5]0.0348491
[6]0.0186757
[7]0.00882714
[8]0.00429366
[9]0.00234676
[10]0.00133437
[11]0.000776282
[12]0.000459111
[13]0.000274819
[14]0.000166123
[15]0.000101469
[16]6.29608e-05
[17]4.02043e-05
[18]2.68132e-05
[19]1.79784e-05
[20]1.04104e-05
[21]5.30058e-06
[22]3.06177e-06
[23]1.86466e-06
[24]1.13724e-06
[25]6.93753e-07
[26]4.23305e-07
[27]2.58346e-07
[28]1.57708e-07
[29]9.62984e-08
Total Elapsed Time: 11023
