Running without mySQLdb library
parsing sam file/likelihood score/reads and mapped genomes...
EM iteration...
(Genomes,Reads)=13222x217610
Delta Change:
writing initial alignment ...
[0]1.98798
[1]0.211218
[2]0.0428047
[3]0.0275959
[4]0.0179039
[5]0.0118905
[6]0.00847054
[7]0.00636878
[8]0.00494761
[9]0.00392287
[10]0.00316947
[11]0.00256854
[12]0.00207831
[13]0.0016783
[14]0.00135257
[15]0.00108835
[16]0.000874842
[17]0.000702016
[18]0.000562563
[19]0.000450349
[20]0.000360206
[21]0.000287908
[22]0.000229995
[23]0.000183652
[24]0.000146597
[25]0.000116986
[26]9.33365e-05
[27]7.44547e-05
[28]5.93845e-05
[29]4.73595e-05
[30]3.77661e-05
[31]3.01139e-05
[32]2.40109e-05
[33]1.91439e-05
[34]1.52629e-05
[35]1.21683e-05
[36]9.70099e-06
[37]7.7338e-06
[38]6.16544e-06
[39]4.91507e-06
[40]3.91824e-06
[41]3.12356e-06
[42]2.49004e-06
[43]1.985e-06
[44]1.58239e-06
[45]1.26143e-06
[46]1.00558e-06
[47]8.01613e-07
[48]6.39019e-07
[49]5.09404e-07
Total Elapsed Time: 3902
