Running without mySQLdb library
parsing sam file/likelihood score/reads and mapped genomes...
EM iteration...
(Genomes,Reads)=12719x217710
Delta Change:
writing initial alignment ...
[0]1.9938
[1]0.206034
[2]0.0946919
[3]0.0940907
[4]0.082272
[5]0.0616888
[6]0.0359721
[7]0.0162464
[8]0.00749072
[9]0.0039821
[10]0.00261141
[11]0.00198977
[12]0.00162927
[13]0.00137309
[14]0.00117703
[15]0.00100444
[16]0.000855706
[17]0.000729082
[18]0.000621837
[19]0.000531085
[20]0.000454178
[21]0.000388851
[22]0.000333224
[23]0.000285752
[24]0.000245168
[25]0.000210424
[26]0.000180676
[27]0.000155174
[28]0.000133284
[29]0.000114483
[30]9.83361e-05
[31]8.44651e-05
[32]7.2548e-05
[33]6.23098e-05
[34]5.35144e-05
[35]4.59588e-05
[36]3.94686e-05
[37]3.38938e-05
[38]2.91056e-05
[39]2.49932e-05
[40]2.14616e-05
[41]1.84287e-05
[42]1.58241e-05
[43]1.35873e-05
[44]1.16666e-05
[45]1.00172e-05
[46]8.60093e-06
[47]7.3848e-06
[48]6.34056e-06
[49]5.44395e-06
Total Elapsed Time: 3268
