Running without mySQLdb library
parsing sam file/likelihood score/reads and mapped genomes...
EM iteration...
(Genomes,Reads)=6510x170420
Delta Change:
writing initial alignment ...
[0]1.9974
[1]0.229095
[2]0.206902
[3]0.133432
[4]0.0586432
[5]0.0266516
[6]0.0222813
[7]0.0232151
[8]0.0263848
[9]0.031032
[10]0.0361058
[11]0.0413146
[12]0.0461148
[13]0.0497142
[14]0.0512219
[15]0.0499632
[16]0.0458585
[17]0.0395637
[18]0.0322451
[19]0.0250672
[20]0.0188076
[21]0.0137762
[22]0.0099471
[23]0.00713214
[24]0.00510383
[25]0.00365792
[26]0.00262994
[27]0.00189819
[28]0.00137561
[29]0.00100074
[30]0.000730566
[31]0.000534941
[32]0.000392697
[33]0.000288886
[34]0.000212883
[35]0.000157095
[36]0.000116055
[37]8.58117e-05
[38]6.3494e-05
[39]4.70063e-05
[40]3.48149e-05
[41]2.5794e-05
[42]1.91154e-05
[43]1.4169e-05
[44]1.05041e-05
[45]7.78811e-06
[46]5.77491e-06
[47]4.28243e-06
[48]3.17584e-06
[49]2.3553e-06
Total Elapsed Time: 1016
