Running without mySQLdb library
parsing sam file/likelihood score/reads and mapped genomes...
EM iteration...
(Genomes,Reads)=7817x123666
Delta Change:
writing initial alignment ...
[0]1.98419
[1]0.203997
[2]0.0790484
[3]0.0308744
[4]0.0110452
[5]0.00636439
[6]0.00367385
[7]0.00194786
[8]0.00104321
[9]0.000654663
[10]0.000453437
[11]0.000352857
[12]0.000328654
[13]0.00037475
[14]0.000393527
[15]0.000232275
[16]7.42685e-05
[17]4.00288e-05
[18]2.89357e-05
[19]2.1127e-05
[20]1.54305e-05
[21]1.12698e-05
[22]8.23055e-06
[23]6.01054e-06
[24]4.3891e-06
[25]3.20495e-06
[26]2.3402e-06
[27]1.70875e-06
[28]1.24767e-06
[29]9.11006e-07
[30]6.65185e-07
[31]4.85698e-07
[32]3.54652e-07
[33]2.58988e-07
[34]1.89128e-07
[35]1.38113e-07
[36]1.00859e-07
[37]7.3654e-08
Total Elapsed Time: 2618
