Running without mySQLdb library
parsing sam file/likelihood score/reads and mapped genomes...
EM iteration...
(Genomes,Reads)=15576x202181
Delta Change:
writing initial alignment ...
[0]1.9954
[1]0.167548
[2]0.274829
[3]0.385485
[4]0.270965
[5]0.0727849
[6]0.00975045
[7]0.00381985
[8]0.00385105
[9]0.00442786
[10]0.00491531
[11]0.0051178
[12]0.00495617
[13]0.00444244
[14]0.00369392
[15]0.00287605
[16]0.00212612
[17]0.00151499
[18]0.00105468
[19]0.000724889
[20]0.000495452
[21]0.000338246
[22]0.0002312
[23]0.000158381
[24]0.000108761
[25]7.4855e-05
[26]5.16167e-05
[27]3.56467e-05
[28]2.46468e-05
[29]1.70563e-05
[30]1.18112e-05
[31]8.18298e-06
[32]5.67125e-06
[33]3.93146e-06
[34]2.72587e-06
[35]1.89022e-06
[36]1.31086e-06
[37]9.09132e-07
[38]6.30547e-07
[39]4.37342e-07
[40]3.03343e-07
[41]2.10404e-07
[42]1.45941e-07
[43]1.01229e-07
[44]7.02158e-08
Total Elapsed Time: 4890
