Running without mySQLdb library
parsing sam file/likelihood score/reads and mapped genomes...
EM iteration...
(Genomes,Reads)=9766x205450
Delta Change:
writing initial alignment ...
[0]1.99555
[1]0.176045
[2]0.234247
[3]0.324134
[4]0.273724
[5]0.125191
[6]0.0439235
[7]0.0153679
[8]0.00536236
[9]0.0020863
[10]0.000950071
[11]0.000494645
[12]0.000278879
[13]0.00016303
[14]9.65307e-05
[15]5.7305e-05
[16]3.39839e-05
[17]2.01153e-05
[18]1.18852e-05
[19]7.01268e-06
[20]4.13366e-06
[21]2.43498e-06
[22]1.43373e-06
[23]8.43947e-07
[24]4.96693e-07
[25]2.92289e-07
[26]1.71992e-07
[27]1.01202e-07
[28]5.95461e-08
Total Elapsed Time: 6501
