Running without mySQLdb library
parsing sam file/likelihood score/reads and mapped genomes...
EM iteration...
(Genomes,Reads)=16153x236850
Delta Change:
writing initial alignment ...
[0]1.99152
[1]0.333183
[2]0.145073
[3]0.0532366
[4]0.0316021
[5]0.0262867
[6]0.0245847
[7]0.0229989
[8]0.0202717
[9]0.0160888
[10]0.011499
[11]0.00760071
[12]0.00474963
[13]0.00282971
[14]0.0016326
[15]0.000922698
[16]0.000514911
[17]0.00028515
[18]0.000157199
[19]8.64389e-05
[20]4.74633e-05
[21]2.60436e-05
[22]1.42861e-05
[23]7.83621e-06
[24]4.29887e-06
[25]2.35888e-06
[26]1.29473e-06
[27]7.1087e-07
[28]3.90447e-07
[29]2.14542e-07
[30]1.17939e-07
[31]6.48659e-08
Total Elapsed Time: 3612
