Running without mySQLdb library
parsing sam file/likelihood score/reads and mapped genomes...
EM iteration...
(Genomes,Reads)=17553x247390
Delta Change:
writing initial alignment ...
[0]1.98882
[1]0.400567
[2]0.168171
[3]0.0969052
[4]0.0587688
[5]0.0328085
[6]0.0174794
[7]0.00822828
[8]0.00401072
[9]0.0022019
[10]0.00125869
[11]0.000736649
[12]0.000438429
[13]0.000264134
[14]0.000160703
[15]9.87983e-05
[16]6.17039e-05
[17]3.96446e-05
[18]2.65224e-05
[19]1.76477e-05
[20]1.01021e-05
[21]5.27261e-06
[22]3.11415e-06
[23]1.90982e-06
[24]1.17225e-06
[25]7.19712e-07
[26]4.4198e-07
[27]2.7149e-07
[28]1.66808e-07
[29]1.02518e-07
[30]6.30241e-08
Total Elapsed Time: 10164
