Running without mySQLdb library
parsing sam file/likelihood score/reads and mapped genomes...
EM iteration...
(Genomes,Reads)=13912x201810
Delta Change:
writing initial alignment ...
[0]1.99179
[1]0.247292
[2]0.112968
[3]0.0427065
[4]0.0130751
[5]0.00363659
[6]0.00144325
[7]0.000739434
[8]0.00043436
[9]0.000270623
[10]0.000173666
[11]0.000113521
[12]7.5131e-05
[13]5.01657e-05
[14]3.37108e-05
[15]2.27592e-05
[16]1.54222e-05
[17]1.04889e-05
[18]7.17552e-06
[19]4.97553e-06
[20]3.57457e-06
[21]2.80812e-06
[22]2.65529e-06
[23]3.25967e-06
[24]4.87176e-06
[25]7.05144e-06
[26]6.50842e-06
[27]2.14892e-06
[28]2.4828e-07
[29]1.0494e-07
[30]7.1444e-08
Total Elapsed Time: 2654
