Running without mySQLdb library
parsing sam file/likelihood score/reads and mapped genomes...
EM iteration...
(Genomes,Reads)=14968x216660
Delta Change:
writing initial alignment ...
[0]1.99292
[1]0.360835
[2]0.213885
[3]0.106149
[4]0.0357765
[5]0.0140893
[6]0.00708472
[7]0.00484891
[8]0.00290282
[9]0.00159795
[10]0.000840039
[11]0.000429935
[12]0.000216515
[13]0.000107957
[14]5.34961e-05
[15]2.64067e-05
[16]1.30033e-05
[17]6.39349e-06
[18]3.1406e-06
[19]1.54181e-06
[20]7.56644e-07
[21]3.7124e-07
[22]1.8212e-07
[23]8.9335e-08
Total Elapsed Time: 3423
