Running without mySQLdb library
parsing sam file/likelihood score/reads and mapped genomes...
EM iteration...
(Genomes,Reads)=10363x134480
Delta Change:
writing initial alignment ...
[0]1.99416
[1]0.0447897
[2]0.0035273
[3]0.000522475
[4]0.00012623
[5]5.4411e-05
[6]4.90642e-05
[7]5.67389e-05
[8]6.37497e-05
[9]5.91782e-05
[10]3.92846e-05
[11]1.94968e-05
[12]9.52231e-06
[13]5.21493e-06
[14]3.15149e-06
[15]2.03509e-06
[16]1.37302e-06
[17]9.54218e-07
[18]6.7693e-07
[19]4.8725e-07
[20]3.54395e-07
[21]2.59722e-07
[22]1.91395e-07
[23]1.41618e-07
[24]1.05102e-07
[25]7.81757e-08
Total Elapsed Time: 693
