Running without mySQLdb library
parsing sam file/likelihood score/reads and mapped genomes...
EM iteration...
(Genomes,Reads)=7846x163850
Delta Change:
writing initial alignment ...
[0]1.99505
[1]0.455535
[2]0.011845
[3]0.000404064
[4]0.000178747
[5]0.000104124
[6]8.05177e-05
[7]6.88748e-05
[8]6.69872e-05
[9]5.84701e-05
[10]4.81891e-05
[11]3.89321e-05
[12]3.13809e-05
[13]2.52678e-05
[14]2.05371e-05
[15]1.69959e-05
[16]1.42173e-05
[17]1.19634e-05
[18]1.00947e-05
[19]8.52134e-06
[20]7.18448e-06
[21]6.04407e-06
[22]5.07096e-06
[23]4.24233e-06
[24]3.53907e-06
[25]2.94458e-06
[26]2.44404e-06
[27]2.02426e-06
[28]1.67344e-06
[29]1.38119e-06
[30]1.13841e-06
[31]9.37208e-07
[32]7.70808e-07
[33]6.33429e-07
[34]5.20176e-07
[35]4.26926e-07
[36]3.50226e-07
[37]2.87191e-07
[38]2.35425e-07
[39]1.92937e-07
[40]1.58081e-07
[41]1.29499e-07
[42]1.06068e-07
[43]8.68658e-08
Total Elapsed Time: 3765
