Running without mySQLdb library
parsing sam file/likelihood score/reads and mapped genomes...
EM iteration...
(Genomes,Reads)=6523x180840
Delta Change:
writing initial alignment ...
[0]1.99611
[1]0.641832
[2]0.0964555
[3]0.0110356
[4]0.00181452
[5]0.000905771
[6]0.000923842
[7]0.00109374
[8]0.00130719
[9]0.00146007
[10]0.00136371
[11]0.00102102
[12]0.000665078
[13]0.000413926
[14]0.000268846
[15]0.000186033
[16]0.000136862
[17]0.00010119
[18]7.29317e-05
[19]5.10409e-05
[20]3.47952e-05
[21]2.32362e-05
[22]1.52862e-05
[23]9.95332e-06
[24]6.4373e-06
[25]4.14388e-06
[26]2.65945e-06
[27]1.70345e-06
[28]1.08975e-06
[29]6.96588e-07
[30]4.45047e-07
[31]2.84247e-07
[32]1.81508e-07
[33]1.15888e-07
[34]7.39852e-08
Total Elapsed Time: 860
