Running without mySQLdb library
parsing sam file/likelihood score/reads and mapped genomes...
EM iteration...
(Genomes,Reads)=6965x182178
Delta Change:
writing initial alignment ...
[0]1.99517
[1]0.370684
[2]0.0763453
[3]0.123068
[4]0.244803
[5]0.406631
[6]0.348977
[7]0.0798427
[8]0.00436139
[9]0.00110888
[10]0.000665965
[11]0.000413676
[12]0.00026184
[13]0.000167811
[14]0.000108891
[15]7.18014e-05
[16]4.84101e-05
[17]3.87742e-05
[18]3.62868e-05
[19]3.4488e-05
[20]3.30675e-05
[21]3.18348e-05
[22]3.06762e-05
[23]2.95269e-05
[24]2.83532e-05
[25]2.7141e-05
[26]2.58885e-05
[27]2.46013e-05
[28]2.32891e-05
[29]2.19638e-05
[30]2.06379e-05
[31]1.93235e-05
[32]1.80317e-05
[33]1.67726e-05
[34]1.55544e-05
[35]1.4384e-05
[36]1.32667e-05
[37]1.22062e-05
[38]1.12051e-05
[39]1.02645e-05
[40]9.38476e-06
[41]8.56523e-06
[42]7.80457e-06
[43]7.1009e-06
[44]6.45191e-06
[45]5.85498e-06
[46]5.3073e-06
[47]4.80593e-06
[48]4.34789e-06
[49]3.93019e-06
Total Elapsed Time: 1110
