Running without mySQLdb library
parsing sam file/likelihood score/reads and mapped genomes...
EM iteration...
(Genomes,Reads)=10301x199950
Delta Change:
writing initial alignment ...
[0]1.98809
[1]0.296231
[2]0.165608
[3]0.100004
[4]0.0493134
[5]0.0207754
[6]0.00773689
[7]0.00317085
[8]0.00152118
[9]0.000796173
[10]0.000458669
[11]0.000289359
[12]0.000195654
[13]0.000138757
[14]0.000101555
[15]7.57507e-05
[16]5.69752e-05
[17]4.30202e-05
[18]3.26235e-05
[19]2.48189e-05
[20]1.88335e-05
[21]1.42656e-05
[22]1.07913e-05
[23]8.1552e-06
[24]6.15859e-06
[25]4.64831e-06
[26]3.507e-06
[27]2.64513e-06
[28]1.99462e-06
[29]1.50385e-06
[30]1.13369e-06
[31]8.54565e-07
[32]6.44122e-07
[33]4.8548e-07
[34]3.65898e-07
[35]2.75766e-07
[36]2.07834e-07
[37]1.56634e-07
[38]1.18048e-07
[39]8.89667e-08
Total Elapsed Time: 14586
