Running without mySQLdb library
parsing sam file/likelihood score/reads and mapped genomes...
EM iteration...
(Genomes,Reads)=15761x243230
Delta Change:
writing initial alignment ...
[0]1.99022
[1]0.420693
[2]0.163926
[3]0.107086
[4]0.0718853
[5]0.0400925
[6]0.0186685
[7]0.00826684
[8]0.00358034
[9]0.00153401
[10]0.000655042
[11]0.000279966
[12]0.00012005
[13]5.18155e-05
[14]2.25971e-05
[15]1.0007e-05
[16]4.53016e-06
[17]2.11434e-06
[18]1.02743e-06
[19]5.25353e-07
[20]2.8453e-07
[21]1.63699e-07
[22]9.98206e-08
Total Elapsed Time: 4001
