Running without mySQLdb library
parsing sam file/likelihood score/reads and mapped genomes...
EM iteration...
(Genomes,Reads)=9838x274022
Delta Change:
writing initial alignment ...
[0]1.9967
[1]0.315662
[2]0.219531
[3]0.151885
[4]0.128579
[5]0.124392
[6]0.133171
[7]0.121132
[8]0.0831791
[9]0.0420957
[10]0.017003
[11]0.00619965
[12]0.00222734
[13]0.000824119
[14]0.000335063
[15]0.000152682
[16]7.86618e-05
[17]4.5189e-05
[18]2.81059e-05
[19]1.83768e-05
[20]1.23644e-05
[21]8.4493e-06
[22]5.82151e-06
[23]4.02823e-06
[24]2.79358e-06
[25]1.9396e-06
[26]1.34749e-06
[27]9.36427e-07
[28]6.50867e-07
[29]4.52425e-07
[30]3.14499e-07
[31]2.18626e-07
[32]1.5198e-07
[33]1.05652e-07
[34]7.34455e-08
Total Elapsed Time: 2515
