Running without mySQLdb library
parsing sam file/likelihood score/reads and mapped genomes...
EM iteration...
(Genomes,Reads)=15506x247390
Delta Change:
writing initial alignment ...
[0]1.9883
[1]0.413503
[2]0.167799
[3]0.096383
[4]0.0584386
[5]0.0326161
[6]0.0173703
[7]0.00817124
[8]0.00397878
[9]0.00218194
[10]0.00124581
[11]0.000728229
[12]0.000432898
[13]0.000260498
[14]0.000158311
[15]9.72242e-05
[16]6.06649e-05
[17]3.89539e-05
[18]2.60581e-05
[19]1.73367e-05
[20]9.90296e-06
[21]5.14742e-06
[22]3.03261e-06
[23]1.85619e-06
[24]1.13695e-06
[25]6.96444e-07
[26]4.26631e-07
[27]2.61356e-07
[28]1.60111e-07
[29]9.80887e-08
Total Elapsed Time: 10192
