Running without mySQLdb library
parsing sam file/likelihood score/reads and mapped genomes...
EM iteration...
(Genomes,Reads)=14271x208810
Delta Change:
writing initial alignment ...
[0]1.99647
[1]0.112309
[2]0.149146
[3]0.252266
[4]0.327387
[5]0.24349
[6]0.0879452
[7]0.0189004
[8]0.0144545
[9]0.0170659
[10]0.0206238
[11]0.020157
[12]0.0150343
[13]0.00872437
[14]0.00430472
[15]0.00194857
[16]0.000847633
[17]0.000364254
[18]0.000157029
[19]6.84119e-05
[20]3.01934e-05
[21]1.34955e-05
[22]6.09913e-06
[23]2.78153e-06
[24]1.2776e-06
[25]5.90026e-07
[26]2.73602e-07
[27]1.27257e-07
[28]5.93204e-08
Total Elapsed Time: 7809
