Running without mySQLdb library
parsing sam file/likelihood score/reads and mapped genomes...
EM iteration...
(Genomes,Reads)=9098x131850
Delta Change:
writing initial alignment ...
[0]1.9953
[1]0.112963
[2]0.0133258
[3]0.0122389
[4]0.0125433
[5]0.0117049
[6]0.00861124
[7]0.00487588
[8]0.002572
[9]0.00133064
[10]0.00066827
[11]0.000329349
[12]0.000160818
[13]7.81997e-05
[14]3.79607e-05
[15]1.84187e-05
[16]8.93646e-06
[17]4.33565e-06
[18]2.10363e-06
[19]1.02075e-06
[20]4.95347e-07
[21]2.40397e-07
[22]1.16673e-07
[23]5.66282e-08
Total Elapsed Time: 1052
