Running without mySQLdb library
parsing sam file/likelihood score/reads and mapped genomes...
EM iteration...
(Genomes,Reads)=7225x161850
Delta Change:
writing initial alignment ...
[0]1.9961
[1]0.45457
[2]0.0116398
[3]0.000414013
[4]0.000198017
[5]0.000118041
[6]8.1806e-05
[7]6.11796e-05
[8]5.43732e-05
[9]4.35372e-05
[10]3.22065e-05
[11]2.26478e-05
[12]1.54698e-05
[13]1.0397e-05
[14]6.92137e-06
[15]4.58668e-06
[16]3.03552e-06
[17]2.01088e-06
[18]1.33652e-06
[19]8.92259e-07
[20]5.99287e-07
[21]4.05444e-07
[22]2.7673e-07
[23]1.90844e-07
[24]1.3318e-07
[25]9.41679e-08
Total Elapsed Time: 1924
