Running without mySQLdb library
parsing sam file/likelihood score/reads and mapped genomes...
EM iteration...
(Genomes,Reads)=15025x248305
Delta Change:
writing initial alignment ...
[0]1.98731
[1]0.419436
[2]0.18253
[3]0.0984671
[4]0.0590177
[5]0.033103
[6]0.0176693
[7]0.00830949
[8]0.00402787
[9]0.00219252
[10]0.00124416
[11]0.000724106
[12]0.000429214
[13]0.000257811
[14]0.000156502
[15]9.60475e-05
[16]5.99057e-05
[17]3.84567e-05
[18]2.57217e-05
[19]1.71115e-05
[20]9.77402e-06
[21]5.0803e-06
[22]2.99301e-06
[23]1.83194e-06
[24]1.12209e-06
[25]6.87341e-07
[26]4.21054e-07
[27]2.5794e-07
[28]1.58019e-07
[29]9.68067e-08
Total Elapsed Time: 12958
