Running without mySQLdb library
parsing sam file/likelihood score/reads and mapped genomes...
EM iteration...
(Genomes,Reads)=14915x248490
Delta Change:
writing initial alignment ...
[0]1.988
[1]0.412462
[2]0.173904
[3]0.100333
[4]0.0611821
[5]0.0343845
[6]0.018427
[7]0.00870811
[8]0.00423474
[9]0.00231411
[10]0.00131571
[11]0.000765513
[12]0.000452961
[13]0.000271447
[14]0.000164467
[15]0.000100906
[16]6.31236e-05
[17]4.08812e-05
[18]2.78943e-05
[19]1.94361e-05
[20]1.22826e-05
[21]7.63995e-06
[22]5.95139e-06
[23]5.4448e-06
[24]5.54388e-06
[25]5.8558e-06
[26]5.54627e-06
[27]3.56569e-06
[28]1.01429e-06
[29]1.34995e-07
[30]5.68391e-08
Total Elapsed Time: 13903
