Running without mySQLdb library
parsing sam file/likelihood score/reads and mapped genomes...
EM iteration...
(Genomes,Reads)=14762x176570
Delta Change:
writing initial alignment ...
[0]1.99696
[1]0.209475
[2]0.182377
[3]0.115649
[4]0.0437269
[5]0.0202362
[6]0.0147359
[7]0.0116798
[8]0.00885537
[9]0.00634024
[10]0.00432716
[11]0.00285017
[12]0.00183158
[13]0.00115786
[14]0.000724237
[15]0.000449967
[16]0.000278387
[17]0.000171781
[18]0.000105827
[19]6.513e-05
[20]4.00587e-05
[21]2.46291e-05
[22]1.5139e-05
[23]9.30429e-06
[24]5.71783e-06
[25]3.51363e-06
[26]2.15906e-06
[27]1.32668e-06
[28]8.15195e-07
[29]5.00903e-07
[30]3.07782e-07
[31]1.89118e-07
[32]1.16204e-07
[33]7.14015e-08
Total Elapsed Time: 946
