Running without mySQLdb library
parsing sam file/likelihood score/reads and mapped genomes...
EM iteration...
(Genomes,Reads)=7493x131220
Delta Change:
writing initial alignment ...
[0]1.98147
[1]0.263603
[2]0.0250088
[3]0.00907609
[4]0.0049635
[5]0.00269448
[6]0.0014122
[7]0.000697177
[8]0.000383238
[9]0.000283001
[10]0.000255805
[11]0.000261187
[12]0.000285199
[13]0.000323236
[14]0.000374677
[15]0.000440755
[16]0.000523646
[17]0.00062586
[18]0.000749421
[19]0.000894309
[20]0.00105562
[21]0.00121924
[22]0.00135724
[23]0.0014281
[24]0.00139022
[25]0.00122944
[26]0.000977758
[27]0.000702342
[28]0.000463228
[29]0.000286732
[30]0.000170043
[31]9.81671e-05
[32]5.57708e-05
[33]3.13942e-05
[34]1.75829e-05
[35]9.82223e-06
[36]5.48132e-06
[37]3.05901e-06
[38]1.70876e-06
[39]9.56264e-07
[40]5.36704e-07
[41]3.02523e-07
[42]1.71578e-07
[43]9.81587e-08
Total Elapsed Time: 3980
