Running without mySQLdb library
parsing sam file/likelihood score/reads and mapped genomes...
EM iteration...
(Genomes,Reads)=10220x126630
Delta Change:
writing initial alignment ...
[0]1.99641
[1]0.184371
[2]0.00666497
[3]0.000934932
[4]0.000366709
[5]0.000405376
[6]0.000567527
[7]0.000804838
[8]0.00111695
[9]0.00148939
[10]0.00185899
[11]0.00208845
[12]0.00201312
[13]0.00160115
[14]0.0010448
[15]0.000579751
[16]0.000289238
[17]0.000136133
[18]6.2316e-05
[19]2.81985e-05
[20]1.27162e-05
[21]5.73758e-06
[22]2.59571e-06
[23]1.1789e-06
[24]5.37994e-07
[25]2.46866e-07
[26]1.13973e-07
[27]5.29715e-08
Total Elapsed Time: 1426
