Running without mySQLdb library
parsing sam file/likelihood score/reads and mapped genomes...
EM iteration...
(Genomes,Reads)=16444x219780
Delta Change:
writing initial alignment ...
[0]1.98953
[1]0.416955
[2]0.0652959
[3]0.0196248
[4]0.00576894
[5]0.00199198
[6]0.00111271
[7]0.000714089
[8]0.0004772
[9]0.000322552
[10]0.000219033
[11]0.000149276
[12]0.000102136
[13]7.019e-05
[14]4.84656e-05
[15]3.36303e-05
[16]2.3453e-05
[17]1.6438e-05
[18]1.15803e-05
[19]8.20213e-06
[20]5.8449e-06
[21]4.19842e-06
[22]3.05625e-06
[23]2.29132e-06
[24]1.84801e-06
[25]1.68287e-06
[26]1.47656e-06
[27]9.8908e-07
[28]6.00973e-07
[29]3.90087e-07
[30]2.69961e-07
[31]1.94041e-07
[32]1.42495e-07
[33]1.05975e-07
[34]7.9444e-08
Total Elapsed Time: 22176
