Running without mySQLdb library
parsing sam file/likelihood score/reads and mapped genomes...
EM iteration...
(Genomes,Reads)=14373x210470
Delta Change:
writing initial alignment ...
[0]1.99578
[1]0.164286
[2]0.268514
[3]0.382216
[4]0.277865
[5]0.077783
[6]0.0107313
[7]0.00412227
[8]0.00411813
[9]0.0046916
[10]0.00512117
[11]0.00521859
[12]0.00492895
[13]0.00430353
[14]0.003491
[15]0.00266219
[16]0.00193798
[17]0.00136762
[18]0.000947875
[19]0.00065147
[20]0.000446831
[21]0.000306968
[22]0.000211621
[23]0.000146525
[24]0.00010194
[25]7.12636e-05
[26]4.9944e-05
[27]3.4818e-05
[28]2.40721e-05
[29]1.67424e-05
[30]1.17202e-05
[31]8.21282e-06
[32]5.75736e-06
[33]4.0372e-06
[34]2.83156e-06
[35]1.98625e-06
[36]1.39344e-06
[37]9.77632e-07
[38]6.85937e-07
[39]4.81293e-07
[40]3.37712e-07
[41]2.36968e-07
[42]1.66281e-07
[43]1.16679e-07
[44]8.18752e-08
Total Elapsed Time: 6122
