Running without mySQLdb library
parsing sam file/likelihood score/reads and mapped genomes...
EM iteration...
(Genomes,Reads)=6329x163960
Delta Change:
writing initial alignment ...
[0]1.99579
[1]0.454614
[2]0.0122021
[3]0.000505115
[4]0.000203024
[5]0.00012397
[6]8.57359e-05
[7]6.01327e-05
[8]5.16542e-05
[9]4.09132e-05
[10]3.02652e-05
[11]2.13558e-05
[12]1.46571e-05
[13]9.87372e-06
[14]6.57524e-06
[15]4.34781e-06
[16]2.86238e-06
[17]1.8793e-06
[18]1.23173e-06
[19]8.06408e-07
[20]5.27581e-07
[21]3.45005e-07
[22]2.25545e-07
[23]1.47421e-07
[24]9.63451e-08
Total Elapsed Time: 167
