Running without mySQLdb library
parsing sam file/likelihood score/reads and mapped genomes...
EM iteration...
(Genomes,Reads)=15883x226285
Delta Change:
writing initial alignment ...
[0]1.99678
[1]0.1807
[2]0.00212624
[3]0.000978689
[4]0.000429439
[5]0.000168864
[6]6.80537e-05
[7]3.10058e-05
[8]1.68274e-05
[9]1.0774e-05
[10]7.72004e-06
[11]5.88677e-06
[12]4.63056e-06
[13]3.69843e-06
[14]2.97713e-06
[15]2.40701e-06
[16]1.95133e-06
[17]1.58481e-06
[18]1.28885e-06
[19]1.04923e-06
[20]8.54845e-07
[21]6.96917e-07
[22]5.68459e-07
[23]4.63872e-07
[24]3.78655e-07
[25]3.09179e-07
[26]2.52507e-07
[27]2.0626e-07
[28]1.68509e-07
[29]1.37684e-07
[30]1.12509e-07
[31]9.19442e-08
Total Elapsed Time: 529
