Running without mySQLdb library
parsing sam file/likelihood score/reads and mapped genomes...
EM iteration...
(Genomes,Reads)=5814x160850
Delta Change:
writing initial alignment ...
[0]1.99705
[1]0.454533
[2]0.0115037
[3]0.000329781
[4]0.00013996
[5]8.23354e-05
[6]6.24255e-05
[7]5.14619e-05
[8]4.97564e-05
[9]4.1236e-05
[10]3.09747e-05
[11]2.19243e-05
[12]1.49987e-05
[13]1.00607e-05
[14]6.66425e-06
[15]4.38122e-06
[16]2.86707e-06
[17]1.8709e-06
[18]1.21869e-06
[19]7.92958e-07
[20]5.15586e-07
[21]3.35086e-07
[22]2.17714e-07
[23]1.41428e-07
[24]9.18615e-08
Total Elapsed Time: 161
