Running without mySQLdb library
parsing sam file/likelihood score/reads and mapped genomes...
EM iteration...
(Genomes,Reads)=7072x123150
Delta Change:
writing initial alignment ...
[0]1.9863
[1]0.161413
[2]0.0163589
[3]0.00394683
[4]0.00170298
[5]0.00106888
[6]0.00070898
[7]0.000479728
[8]0.000384103
[9]0.000341009
[10]0.00026352
[11]0.000121675
[12]2.05132e-05
[13]1.71241e-06
[14]5.01571e-07
[15]3.12005e-07
[16]2.21841e-07
[17]1.62254e-07
[18]1.19853e-07
[19]8.89118e-08
Total Elapsed Time: 2187
