Running without mySQLdb library
parsing sam file/likelihood score/reads and mapped genomes...
EM iteration...
(Genomes,Reads)=14010x208770
Delta Change:
writing initial alignment ...
[0]1.99669
[1]0.141819
[2]0.210918
[3]0.330216
[4]0.325772
[5]0.150045
[6]0.0336688
[7]0.00759183
[8]0.00577816
[9]0.00545873
[10]0.00460824
[11]0.00356097
[12]0.00258268
[13]0.00179323
[14]0.00121209
[15]0.000807834
[16]0.000535521
[17]0.000354936
[18]0.000235824
[19]0.000157222
[20]0.000105183
[21]7.05848e-05
[22]4.74866e-05
[23]3.20101e-05
[24]2.16097e-05
[25]1.46046e-05
[26]9.87816e-06
[27]6.68516e-06
[28]4.52609e-06
[29]3.06521e-06
[30]2.07627e-06
[31]1.40659e-06
[32]9.52998e-07
[33]6.45724e-07
[34]4.37543e-07
[35]2.96489e-07
[36]2.00912e-07
[37]1.36148e-07
[38]9.22609e-08
Total Elapsed Time: 7879
