Running without mySQLdb library
parsing sam file/likelihood score/reads and mapped genomes...
EM iteration...
(Genomes,Reads)=15450x225131
Delta Change:
writing initial alignment ...
[0]1.99421
[1]0.203697
[2]0.25095
[3]0.34736
[4]0.244145
[5]0.0658658
[6]0.00913601
[7]0.00375319
[8]0.00372886
[9]0.00419559
[10]0.00458579
[11]0.00472643
[12]0.00454754
[13]0.00405974
[14]0.00336749
[15]0.0026182
[16]0.00193403
[17]0.00137761
[18]0.000958908
[19]0.00065905
[20]0.000450461
[21]0.000307537
[22]0.000210209
[23]0.000143997
[24]9.88775e-05
[25]6.80461e-05
[26]4.69164e-05
[27]3.23966e-05
[28]2.23964e-05
[29]1.54967e-05
[30]1.07296e-05
[31]7.43251e-06
[32]5.15034e-06
[33]3.56981e-06
[34]2.47475e-06
[35]1.71582e-06
[36]1.18974e-06
[37]8.25016e-07
[38]5.72126e-07
[39]3.96767e-07
[40]2.75163e-07
[41]1.90833e-07
[42]1.32349e-07
[43]9.17897e-08
Total Elapsed Time: 7571
