Running without mySQLdb library
parsing sam file/likelihood score/reads and mapped genomes...
EM iteration...
(Genomes,Reads)=11230x278909
Delta Change:
writing initial alignment ...
[0]1.9967
[1]0.430986
[2]0.322022
[3]0.126663
[4]0.0296364
[5]0.00948448
[6]0.00642216
[7]0.00569809
[8]0.00487201
[9]0.0039296
[10]0.00303188
[11]0.00225921
[12]0.00163822
[13]0.00116348
[14]0.000813638
[15]0.000562634
[16]0.000385957
[17]0.000263271
[18]0.000178881
[19]0.000121214
[20]8.19849e-05
[21]5.53818e-05
[22]3.7379e-05
[23]2.52137e-05
[24]1.7001e-05
[25]1.14603e-05
[26]7.72395e-06
[27]5.20512e-06
[28]3.50741e-06
[29]2.3633e-06
[30]1.59234e-06
[31]1.07285e-06
[32]7.22832e-07
[33]4.87002e-07
[34]3.2811e-07
[35]2.21059e-07
[36]1.48934e-07
[37]1.00341e-07
[38]6.76024e-08
Total Elapsed Time: 2115
