Running without mySQLdb library
parsing sam file/likelihood score/reads and mapped genomes...
EM iteration...
(Genomes,Reads)=11153x220300
Delta Change:
writing initial alignment ...
[0]1.99401
[1]0.508596
[2]0.0401065
[3]0.00926703
[4]0.00595146
[5]0.00474611
[6]0.00386715
[7]0.00302975
[8]0.00224552
[9]0.0015739
[10]0.00105951
[11]0.000693902
[12]0.000445156
[13]0.000282301
[14]0.000177688
[15]0.000111377
[16]6.96976e-05
[17]4.36233e-05
[18]2.73649e-05
[19]1.72812e-05
[20]1.09799e-05
[21]7.03377e-06
[22]4.55409e-06
[23]2.98842e-06
[24]1.99342e-06
[25]1.35569e-06
[26]9.42461e-07
[27]6.71067e-07
[28]4.90492e-07
[29]3.67384e-07
[30]2.82315e-07
[31]2.22625e-07
[32]1.78524e-07
[33]1.45499e-07
[34]1.19914e-07
[35]9.96234e-08
Total Elapsed Time: 3537
