Running without mySQLdb library
parsing sam file/likelihood score/reads and mapped genomes...
EM iteration...
(Genomes,Reads)=13815x210020
Delta Change:
writing initial alignment ...
[0]1.99579
[1]0.163645
[2]0.269168
[3]0.383131
[4]0.278525
[5]0.0779695
[6]0.0107586
[7]0.00413344
[8]0.00412893
[9]0.0047035
[10]0.00513387
[11]0.00523135
[12]0.00494089
[13]0.00431387
[14]0.00349934
[15]0.00266849
[16]0.0019425
[17]0.00137073
[18]0.000949933
[19]0.000652763
[20]0.000447569
[21]0.000307291
[22]0.000211612
[23]0.00014623
[24]0.000101383
[25]7.04906e-05
[26]4.91249e-05
[27]3.42972e-05
[28]2.39781e-05
[29]1.67811e-05
[30]1.17532e-05
[31]8.23637e-06
[32]5.77418e-06
[33]4.04923e-06
[34]2.84019e-06
[35]1.99245e-06
[36]1.3979e-06
[37]9.80847e-07
[38]6.8826e-07
[39]4.82975e-07
[40]3.38932e-07
[41]2.37856e-07
[42]1.66927e-07
[43]1.17152e-07
[44]8.22212e-08
Total Elapsed Time: 6236
