Running without mySQLdb library
parsing sam file/likelihood score/reads and mapped genomes...
EM iteration...
(Genomes,Reads)=7773x123140
Delta Change:
writing initial alignment ...
[0]1.98908
[1]0.159094
[2]0.0412763
[3]0.0137352
[4]0.00532794
[5]0.00245447
[6]0.00123692
[7]0.000652827
[8]0.000351922
[9]0.000191499
[10]0.000104704
[11]5.7347e-05
[12]3.14994e-05
[13]1.7451e-05
[14]9.96375e-06
[15]6.27283e-06
[16]5.06598e-06
[17]6.00796e-06
[18]9.53346e-06
[19]1.60921e-05
[20]2.17018e-05
[21]1.44806e-05
[22]2.53165e-06
[23]8.67824e-08
Total Elapsed Time: 1686
