Running without mySQLdb library
parsing sam file/likelihood score/reads and mapped genomes...
EM iteration...
(Genomes,Reads)=9165x131850
Delta Change:
writing initial alignment ...
[0]1.99527
[1]0.112881
[2]0.0150974
[3]0.0141935
[4]0.013883
[5]0.0107893
[6]0.00698436
[7]0.00427532
[8]0.00241232
[9]0.00126984
[10]0.000641183
[11]0.000316585
[12]0.000154542
[13]7.50251e-05
[14]3.63225e-05
[15]1.75612e-05
[16]8.4847e-06
[17]4.09806e-06
[18]1.979e-06
[19]9.55607e-07
[20]4.61419e-07
[21]2.22793e-07
[22]1.07573e-07
[23]5.19404e-08
Total Elapsed Time: 1122
