Running without mySQLdb library
parsing sam file/likelihood score/reads and mapped genomes...
EM iteration...
(Genomes,Reads)=14313x240100
Delta Change:
writing initial alignment ...
[0]1.99934
[1]0.115023
[2]0.000548443
[3]3.86707e-05
[4]1.72095e-05
[5]1.22473e-05
[6]9.22059e-06
[7]7.082e-06
[8]5.51329e-06
[9]4.33523e-06
[10]3.43493e-06
[11]2.7376e-06
[12]2.19185e-06
[13]1.76123e-06
[14]1.41926e-06
[15]1.14629e-06
[16]9.27506e-07
[17]7.51581e-07
[18]6.09743e-07
[19]4.95143e-07
[20]4.02392e-07
[21]3.27218e-07
[22]2.66223e-07
[23]2.16687e-07
[24]1.76427e-07
[25]1.43686e-07
[26]1.17047e-07
[27]9.53637e-08
Total Elapsed Time: 1104
