Running without mySQLdb library
parsing sam file/likelihood score/reads and mapped genomes...
EM iteration...
(Genomes,Reads)=9926x187640
Delta Change:
writing initial alignment ...
[0]1.99479
[1]0.520967
[2]0.0375268
[3]0.00696885
[4]0.00473306
[5]0.00377318
[6]0.00321021
[7]0.00276967
[8]0.00234503
[9]0.00194041
[10]0.00156393
[11]0.00122926
[12]0.00094525
[13]0.00071413
[14]0.000531916
[15]0.000391863
[16]0.000286305
[17]0.000207898
[18]0.000150282
[19]0.000108275
[20]7.78231e-05
[21]5.5839e-05
[22]4.00152e-05
[23]2.86498e-05
[24]2.04994e-05
[25]1.46608e-05
[26]1.04817e-05
[27]7.49212e-06
[28]5.3543e-06
[29]3.82603e-06
[30]2.73374e-06
[31]1.95316e-06
[32]1.39541e-06
[33]9.96895e-07
[34]7.12181e-07
[35]5.08775e-07
[36]3.6346e-07
[37]2.59647e-07
[38]1.85484e-07
[39]1.32504e-07
[40]9.46578e-08
Total Elapsed Time: 6823
