Running without mySQLdb library
parsing sam file/likelihood score/reads and mapped genomes...
EM iteration...
(Genomes,Reads)=7179x82290
Delta Change:
writing initial alignment ...
[0]1.99572
[1]0.477066
[2]0.355019
[3]0.213873
[4]0.0734621
[5]0.0161739
[6]0.00321465
[7]0.00114825
[8]0.000640286
[9]0.000424037
[10]0.000296453
[11]0.000211404
[12]0.000152489
[13]0.000110854
[14]8.10189e-05
[15]5.94358e-05
[16]4.37194e-05
[17]3.22218e-05
[18]2.37823e-05
[19]1.75722e-05
[20]1.29941e-05
[21]9.61462e-06
[22]7.1173e-06
[23]5.27044e-06
[24]3.90383e-06
[25]2.89214e-06
[26]2.14294e-06
[27]1.58825e-06
[28]1.17725e-06
[29]8.7262e-07
[30]6.4683e-07
[31]4.79469e-07
[32]3.55414e-07
[33]2.63458e-07
[34]1.95295e-07
[35]1.44768e-07
[36]1.07313e-07
[37]7.95494e-08
Total Elapsed Time: 3026
