Running without mySQLdb library
parsing sam file/likelihood score/reads and mapped genomes...
EM iteration...
(Genomes,Reads)=14434x210385
Delta Change:
writing initial alignment ...
[0]1.99543
[1]0.168639
[2]0.270454
[3]0.379486
[4]0.274016
[5]0.076178
[6]0.0105187
[7]0.00384621
[8]0.00379511
[9]0.00436796
[10]0.00486785
[11]0.00509483
[12]0.00496318
[13]0.00447574
[14]0.00374283
[15]0.00292877
[16]0.00217443
[17]0.00155532
[18]0.00108671
[19]0.000749758
[20]0.000514634
[21]0.000353047
[22]0.000242643
[23]0.000167237
[24]0.000115608
[25]8.01338e-05
[26]5.56713e-05
[27]3.87467e-05
[28]2.70052e-05
[29]1.88417e-05
[30]1.31563e-05
[31]9.19171e-06
[32]6.42452e-06
[33]4.49176e-06
[34]3.14112e-06
[35]2.19695e-06
[36]1.53675e-06
[37]1.07503e-06
[38]7.52074e-07
[39]5.26159e-07
[40]3.68117e-07
[41]2.57551e-07
[42]1.80197e-07
[43]1.26076e-07
[44]8.82115e-08
Total Elapsed Time: 7398
