Running without mySQLdb library
parsing sam file/likelihood score/reads and mapped genomes...
EM iteration...
(Genomes,Reads)=10954x198880
Delta Change:
writing initial alignment ...
[0]1.98611
[1]0.242074
[2]0.114781
[3]0.0399423
[4]0.0131049
[5]0.00526115
[6]0.00322952
[7]0.00234272
[8]0.00176173
[9]0.00140138
[10]0.00112709
[11]0.000885943
[12]0.000679139
[13]0.000509069
[14]0.000374587
[15]0.000271663
[16]0.000194885
[17]0.000138706
[18]9.81759e-05
[19]6.92295e-05
[20]4.87007e-05
[21]3.42109e-05
[22]2.40154e-05
[23]1.68554e-05
[24]1.18325e-05
[25]8.31039e-06
[26]5.84077e-06
[27]4.10856e-06
[28]2.89292e-06
[29]2.03917e-06
[30]1.43907e-06
[31]1.01683e-06
[32]7.19415e-07
[33]5.09689e-07
[34]3.61613e-07
[35]2.56931e-07
[36]1.82827e-07
[37]1.30295e-07
[38]9.3003e-08
Total Elapsed Time: 15145
