Running without mySQLdb library
parsing sam file/likelihood score/reads and mapped genomes...
EM iteration...
(Genomes,Reads)=15298x227330
Delta Change:
writing initial alignment ...
[0]1.99732
[1]0.181063
[2]0.0020528
[3]0.0009202
[4]0.000396049
[5]0.000171201
[6]8.72016e-05
[7]5.55307e-05
[8]4.21114e-05
[9]3.51766e-05
[10]3.07145e-05
[11]2.7316e-05
[12]2.44517e-05
[13]2.19013e-05
[14]1.95624e-05
[15]1.73854e-05
[16]1.53464e-05
[17]1.34383e-05
[18]1.16637e-05
[19]1.00299e-05
[20]8.54478e-06
[21]7.21374e-06
[22]6.03808e-06
[23]5.01437e-06
[24]4.1349e-06
[25]3.38853e-06
[26]2.76198e-06
[27]2.241e-06
[28]1.81128e-06
[29]1.45928e-06
[30]1.17257e-06
[31]9.40149e-07
[32]7.52466e-07
[33]6.01388e-07
[34]4.80088e-07
[35]3.82897e-07
[36]3.05153e-07
[37]2.43049e-07
[38]1.93492e-07
[39]1.5398e-07
[40]1.225e-07
[41]9.74312e-08
Total Elapsed Time: 1495
