Running without mySQLdb library
parsing sam file/likelihood score/reads and mapped genomes...
EM iteration...
(Genomes,Reads)=15450x248310
Delta Change:
writing initial alignment ...
[0]1.98817
[1]0.410056
[2]0.174799
[3]0.10091
[4]0.0615285
[5]0.0345786
[6]0.0185308
[7]0.00875682
[8]0.00425807
[9]0.00232653
[10]0.00132241
[11]0.000769048
[12]0.000454663
[13]0.000272049
[14]0.000164381
[15]0.000100362
[16]6.22487e-05
[17]3.97371e-05
[18]2.64982e-05
[19]1.77654e-05
[20]1.0278e-05
[21]5.22286e-06
[22]3.01257e-06
[23]1.8326e-06
[24]1.11628e-06
[25]6.80002e-07
[26]4.14255e-07
[27]2.52372e-07
[28]1.53753e-07
[29]9.36728e-08
Total Elapsed Time: 13837
