Running without mySQLdb library
parsing sam file/likelihood score/reads and mapped genomes...
EM iteration...
(Genomes,Reads)=12486x101984
Delta Change:
writing initial alignment ...
[0]1.99704
[1]0.372146
[2]0.073278
[3]0.00712262
[4]0.00300787
[5]0.0022211
[6]0.00186227
[7]0.00170135
[8]0.00164798
[9]0.00162743
[10]0.0016127
[11]0.00158351
[12]0.00152433
[13]0.00142642
[14]0.00128911
[15]0.00111932
[16]0.000930047
[17]0.000737963
[18]0.000559706
[19]0.00040752
[20]0.000286756
[21]0.000196476
[22]0.000132002
[23]8.74626e-05
[24]5.74022e-05
[25]3.74332e-05
[26]2.43079e-05
[27]1.5741e-05
[28]1.01749e-05
[29]6.5693e-06
[30]4.23816e-06
[31]2.73289e-06
[32]1.76169e-06
[33]1.1354e-06
[34]7.31659e-07
[35]4.71447e-07
[36]3.03762e-07
[37]1.95712e-07
[38]1.26094e-07
[39]8.12384e-08
Total Elapsed Time: 2195
