Running without mySQLdb library
parsing sam file/likelihood score/reads and mapped genomes...
EM iteration...
(Genomes,Reads)=14728x294350
Delta Change:
writing initial alignment ...
[0]1.99562
[1]0.145978
[2]0.0611289
[3]0.0499238
[4]0.0454861
[5]0.0437336
[6]0.0364679
[7]0.0273993
[8]0.0193545
[9]0.0132423
[10]0.00891569
[11]0.00595117
[12]0.00395239
[13]0.00261665
[14]0.00172877
[15]0.00114062
[16]0.000751884
[17]0.000495344
[18]0.000326212
[19]0.000214778
[20]0.00014139
[21]9.30711e-05
[22]6.12624e-05
[23]4.03245e-05
[24]2.65428e-05
[25]1.74716e-05
[26]1.15008e-05
[27]7.57067e-06
[28]4.98372e-06
[29]3.28084e-06
[30]2.15987e-06
[31]1.42194e-06
[32]9.36154e-07
[33]6.16344e-07
[34]4.05796e-07
[35]2.67179e-07
[36]1.75916e-07
[37]1.15829e-07
[38]7.62668e-08
Total Elapsed Time: 1913
