Running without mySQLdb library
parsing sam file/likelihood score/reads and mapped genomes...
EM iteration...
(Genomes,Reads)=16767x232912
Delta Change:
writing initial alignment ...
[0]1.9902
[1]0.250531
[2]0.0384086
[3]0.0187012
[4]0.00767578
[5]0.00334622
[6]0.00172076
[7]0.000939082
[8]0.000670129
[9]0.000529607
[10]0.000427018
[11]0.000342266
[12]0.000272007
[13]0.000217772
[14]0.000176174
[15]0.000143749
[16]0.000118443
[17]9.88185e-05
[18]8.37804e-05
[19]7.24624e-05
[20]6.41775e-05
[21]5.83861e-05
[22]5.46727e-05
[23]5.27277e-05
[24]5.2332e-05
[25]5.33477e-05
[26]5.57097e-05
[27]5.94227e-05
[28]6.45606e-05
[29]7.12706e-05
[30]7.97806e-05
[31]9.04091e-05
[32]0.000103575
[33]0.000119805
[34]0.000139718
[35]0.000163976
[36]0.000193129
[37]0.000227293
[38]0.000265533
[39]0.00030487
[40]0.000339155
[41]0.000358811
[42]0.000353338
[43]0.000317503
[44]0.000257311
[45]0.000188375
[46]0.000126395
[47]7.93998e-05
[48]4.76851e-05
[49]2.78347e-05
Total Elapsed Time: 3521
