Running without mySQLdb library
parsing sam file/likelihood score/reads and mapped genomes...
EM iteration...
(Genomes,Reads)=11976x145200
Delta Change:
writing initial alignment ...
[0]1.98911
[1]0.460255
[2]0.0344117
[3]0.00727997
[4]0.00476864
[5]0.003707
[6]0.00313446
[7]0.00265111
[8]0.00217909
[9]0.00174322
[10]0.00135097
[11]0.00101527
[12]0.000743501
[13]0.000533656
[14]0.000377361
[15]0.000263969
[16]0.000183233
[17]0.000126504
[18]8.70112e-05
[19]5.96929e-05
[20]4.08792e-05
[21]2.79615e-05
[22]1.91105e-05
[23]1.30542e-05
[24]8.91417e-06
[25]6.08582e-06
[26]4.15436e-06
[27]2.83572e-06
[28]1.93561e-06
[29]1.32123e-06
[30]9.01897e-07
[31]6.1569e-07
[32]4.20338e-07
[33]2.86994e-07
[34]1.95969e-07
[35]1.33828e-07
[36]9.14022e-08
Total Elapsed Time: 3577
