Running without mySQLdb library
parsing sam file/likelihood score/reads and mapped genomes...
EM iteration...
(Genomes,Reads)=15891x254020
Delta Change:
writing initial alignment ...
[0]1.99642
[1]0.103616
[2]0.00357952
[3]0.000465098
[4]0.000164758
[5]9.11337e-05
[6]5.79194e-05
[7]3.86559e-05
[8]2.62467e-05
[9]1.79789e-05
[10]1.23715e-05
[11]8.53334e-06
[12]5.89398e-06
[13]4.0735e-06
[14]2.81638e-06
[15]1.94769e-06
[16]1.34715e-06
[17]9.3188e-07
[18]6.4467e-07
[19]4.46006e-07
[20]3.08577e-07
[21]2.13503e-07
[22]1.47726e-07
[23]1.02217e-07
[24]7.07296e-08
Total Elapsed Time: 1728
