Running without mySQLdb library
parsing sam file/likelihood score/reads and mapped genomes...
EM iteration...
(Genomes,Reads)=14602x214570
Delta Change:
writing initial alignment ...
[0]1.98801
[1]0.1854
[2]0.0244457
[3]0.00941273
[4]0.00463871
[5]0.00245198
[6]0.00161333
[7]0.00118903
[8]0.000965826
[9]0.000830923
[10]0.000738377
[11]0.00066796
[12]0.000597619
[13]0.000528971
[14]0.000463787
[15]0.000403305
[16]0.000348147
[17]0.000298561
[18]0.000254549
[19]0.000215884
[20]0.000182258
[21]0.000153267
[22]0.00012846
[23]0.000107367
[24]8.95258e-05
[25]7.45036e-05
[26]6.19007e-05
[27]5.13592e-05
[28]4.25646e-05
[29]3.52427e-05
[30]2.91576e-05
[31]2.41077e-05
[32]1.99217e-05
[33]1.64554e-05
[34]1.35872e-05
[35]1.12156e-05
[36]9.25565e-06
[37]7.63665e-06
[38]6.29979e-06
[39]5.19624e-06
[40]4.2855e-06
[41]3.53406e-06
[42]2.91415e-06
[43]2.40282e-06
[44]1.98111e-06
[45]1.63334e-06
[46]1.34657e-06
[47]1.11011e-06
[48]9.15158e-07
[49]7.54425e-07
Total Elapsed Time: 3003
