Running without mySQLdb library
parsing sam file/likelihood score/reads and mapped genomes...
EM iteration...
(Genomes,Reads)=15607x233840
Delta Change:
writing initial alignment ...
[0]1.98882
[1]0.345426
[2]0.0668881
[3]0.0231427
[4]0.00790923
[5]0.00335953
[6]0.00166025
[7]0.000846333
[8]0.000402764
[9]0.000210884
[10]0.000128841
[11]8.6177e-05
[12]6.10584e-05
[13]4.46617e-05
[14]3.32484e-05
[15]2.49697e-05
[16]1.88394e-05
[17]1.42504e-05
[18]1.07935e-05
[19]8.18136e-06
[20]6.20426e-06
[21]4.70635e-06
[22]3.57085e-06
[23]2.70974e-06
[24]2.05657e-06
[25]1.56102e-06
[26]1.185e-06
[27]8.99648e-07
[28]6.83069e-07
[29]5.18674e-07
[30]3.93876e-07
[31]2.99129e-07
[32]2.27191e-07
[33]1.72566e-07
[34]1.31084e-07
[35]9.95809e-08
Total Elapsed Time: 3337
