Running without mySQLdb library
parsing sam file/likelihood score/reads and mapped genomes...
EM iteration...
(Genomes,Reads)=17053x232464
Delta Change:
writing initial alignment ...
[0]1.99851
[1]0.0555333
[2]0.0231273
[3]0.0172655
[4]0.0159026
[5]0.014279
[6]0.0119135
[7]0.00918984
[8]0.00659864
[9]0.00446674
[10]0.00289234
[11]0.0018156
[12]0.00111653
[13]0.000677714
[14]0.000408041
[15]0.000244465
[16]0.000146027
[17]8.70708e-05
[18]5.18618e-05
[19]3.08706e-05
[20]1.83686e-05
[21]1.09273e-05
[22]6.4996e-06
[23]3.86569e-06
[24]2.29904e-06
[25]1.36727e-06
[26]8.1312e-07
[27]4.8356e-07
[28]2.8757e-07
[29]1.71015e-07
[30]1.01701e-07
[31]6.04806e-08
Total Elapsed Time: 1356
