Running without mySQLdb library
parsing sam file/likelihood score/reads and mapped genomes...
EM iteration...
(Genomes,Reads)=13488x184280
Delta Change:
writing initial alignment ...
[0]1.99731
[1]0.261118
[2]0.222231
[3]0.123709
[4]0.0565244
[5]0.0475567
[6]0.0502077
[7]0.0465962
[8]0.0346588
[9]0.0206191
[10]0.0104695
[11]0.00493385
[12]0.00229103
[13]0.00108018
[14]0.000524587
[15]0.000264435
[16]0.000138653
[17]7.54261e-05
[18]4.23385e-05
[19]2.43659e-05
[20]1.42893e-05
[21]8.49533e-06
[22]5.0997e-06
[23]3.08964e-06
[24]1.89894e-06
[25]1.17001e-06
[26]7.19493e-07
[27]4.41892e-07
[28]2.71172e-07
[29]1.66318e-07
[30]1.01971e-07
[31]6.25049e-08
Total Elapsed Time: 1393
