Running without mySQLdb library
parsing sam file/likelihood score/reads and mapped genomes...
EM iteration...
(Genomes,Reads)=7875x117964
Delta Change:
writing initial alignment ...
[0]1.99107
[1]0.426965
[2]0.204989
[3]0.0463362
[4]0.0060162
[5]0.00139296
[6]0.000424996
[7]0.000124515
[8]3.79675e-05
[9]1.17451e-05
[10]3.86305e-06
[11]1.48526e-06
[12]6.84878e-07
[13]3.95793e-07
[14]2.79693e-07
[15]2.25038e-07
[16]1.94132e-07
[17]1.73726e-07
[18]1.58858e-07
[19]1.47456e-07
[20]1.38523e-07
[21]1.31515e-07
[22]1.26053e-07
[23]1.21901e-07
[24]1.18891e-07
[25]1.16909e-07
[26]1.15879e-07
[27]1.15758e-07
[28]1.16531e-07
[29]1.18211e-07
[30]1.2084e-07
[31]1.24488e-07
[32]1.2926e-07
[33]1.35301e-07
[34]1.42806e-07
[35]1.52034e-07
[36]1.63325e-07
[37]1.77131e-07
[38]1.94051e-07
[39]2.14889e-07
[40]2.40739e-07
[41]2.73101e-07
[42]3.14067e-07
[43]3.66584e-07
[44]4.34843e-07
[45]5.24822e-07
[46]6.45036e-07
[47]8.07616e-07
[48]1.02809e-06
[49]1.31788e-06
Total Elapsed Time: 1874
