Running without mySQLdb library
parsing sam file/likelihood score/reads and mapped genomes...
EM iteration...
(Genomes,Reads)=10662x107790
Delta Change:
writing initial alignment ...
[0]1.99317
[1]0.487283
[2]0.285181
[3]0.168217
[4]0.0582538
[5]0.0134791
[6]0.00328944
[7]0.00159001
[8]0.00107649
[9]0.000793552
[10]0.000589889
[11]0.000434397
[12]0.000316141
[13]0.000227777
[14]0.000162891
[15]0.000115898
[16]8.2204e-05
[17]5.82079e-05
[18]4.11909e-05
[19]2.91523e-05
[20]2.0645e-05
[21]1.46345e-05
[22]1.03862e-05
[23]7.38097e-06
[24]5.25273e-06
[25]3.74384e-06
[26]2.67254e-06
[27]1.91059e-06
[28]1.36786e-06
[29]9.80717e-07
[30]7.04142e-07
[31]5.06266e-07
[32]3.6449e-07
[33]2.62761e-07
[34]1.89666e-07
[35]1.37073e-07
[36]9.91806e-08
Total Elapsed Time: 2652
