Running without mySQLdb library
parsing sam file/likelihood score/reads and mapped genomes...
EM iteration...
(Genomes,Reads)=10652x289382
Delta Change:
writing initial alignment ...
[0]1.99229
[1]0.309684
[2]0.221631
[3]0.145889
[4]0.116108
[5]0.113919
[6]0.127489
[7]0.122534
[8]0.0904823
[9]0.0494517
[10]0.0213013
[11]0.00824265
[12]0.0031677
[13]0.0012483
[14]0.000510343
[15]0.000223711
[16]0.000107344
[17]5.60979e-05
[18]3.13475e-05
[19]1.8349e-05
[20]1.10626e-05
[21]6.78978e-06
[22]4.21111e-06
[23]2.62826e-06
[24]1.64587e-06
[25]1.03265e-06
[26]6.48611e-07
[27]4.07648e-07
[28]2.56297e-07
[29]1.61173e-07
[30]1.01367e-07
[31]6.37577e-08
Total Elapsed Time: 2680
