Running without mySQLdb library
parsing sam file/likelihood score/reads and mapped genomes...
EM iteration...
(Genomes,Reads)=10870x208340
Delta Change:
writing initial alignment ...
[0]1.99223
[1]0.209715
[2]0.0969676
[3]0.0818684
[4]0.0766935
[5]0.0640226
[6]0.0393768
[7]0.0284587
[8]0.0257525
[9]0.0270548
[10]0.0299844
[11]0.0334807
[12]0.0370275
[13]0.0401466
[14]0.0421625
[15]0.0423386
[16]0.0401328
[17]0.035547
[18]0.0293006
[19]0.0225713
[20]0.0164458
[21]0.0115199
[22]0.00788488
[23]0.00534321
[24]0.00361702
[25]0.00245835
[26]0.00168129
[27]0.00115747
[28]0.000801675
[29]0.000558059
[30]0.000390037
[31]0.000273444
[32]0.000192146
[33]0.000135248
[34]9.53156e-05
[35]6.72332e-05
[36]4.74549e-05
[37]3.351e-05
[38]2.36706e-05
[39]1.67242e-05
[40]1.18182e-05
[41]8.35228e-06
[42]5.90332e-06
[43]4.17265e-06
[44]2.94949e-06
[45]2.08494e-06
[46]1.47383e-06
[47]1.04186e-06
[48]7.36506e-07
[49]5.2065e-07
Total Elapsed Time: 3126
