Running without mySQLdb library
parsing sam file/likelihood score/reads and mapped genomes...
EM iteration...
(Genomes,Reads)=7888x85205
Delta Change:
writing initial alignment ...
[0]1.9943
[1]0.478267
[2]0.352424
[3]0.208747
[4]0.0718447
[5]0.0161261
[6]0.00336684
[7]0.0012235
[8]0.000661147
[9]0.000423711
[10]0.000291137
[11]0.000206198
[12]0.000148318
[13]0.000107664
[14]7.86176e-05
[15]5.76409e-05
[16]4.23828e-05
[17]3.12286e-05
[18]2.30451e-05
[19]1.70253e-05
[20]1.25886e-05
[21]9.31393e-06
[22]6.89437e-06
[23]5.10518e-06
[24]3.78131e-06
[25]2.80132e-06
[26]2.07562e-06
[27]1.53828e-06
[28]1.14021e-06
[29]8.45165e-07
[30]6.26479e-07
[31]4.64383e-07
[32]3.44232e-07
[33]2.55169e-07
[34]1.89151e-07
[35]1.40213e-07
[36]1.03937e-07
[37]7.70469e-08
Total Elapsed Time: 344
