Running without mySQLdb library
parsing sam file/likelihood score/reads and mapped genomes...
EM iteration...
(Genomes,Reads)=10937x208340
Delta Change:
writing initial alignment ...
[0]1.99238
[1]0.199923
[2]0.0906945
[3]0.0770591
[4]0.0743864
[5]0.0663025
[6]0.0451242
[7]0.0359171
[8]0.0324628
[9]0.0336502
[10]0.0367978
[11]0.0402618
[12]0.0430823
[13]0.044378
[14]0.0432857
[15]0.0394283
[16]0.0332463
[17]0.0259631
[18]0.018987
[19]0.0132466
[20]0.0089966
[21]0.00604984
[22]0.00407489
[23]0.00276657
[24]0.00189791
[25]0.00131556
[26]0.000920278
[27]0.000648604
[28]0.000459818
[29]0.000327433
[30]0.000233935
[31]0.000167542
[32]0.000120204
[33]8.63517e-05
[34]6.20904e-05
[35]4.46752e-05
[36]3.21602e-05
[37]2.3159e-05
[38]1.66812e-05
[39]1.20175e-05
[40]8.65879e-06
[41]6.23936e-06
[42]4.49626e-06
[43]3.24029e-06
[44]2.33524e-06
[45]1.68302e-06
[46]1.21299e-06
[47]8.74235e-07
[48]6.30092e-07
[49]4.54133e-07
Total Elapsed Time: 3377
