Running without mySQLdb library
parsing sam file/likelihood score/reads and mapped genomes...
EM iteration...
(Genomes,Reads)=13142x164972
Delta Change:
writing initial alignment ...
[0]1.99392
[1]0.454365
[2]0.0156856
[3]0.00245193
[4]0.00124875
[5]0.000591964
[6]0.000274714
[7]0.000150647
[8]0.000112363
[9]0.000118324
[10]0.000120533
[11]8.19505e-05
[12]3.70741e-05
[13]2.39861e-05
[14]1.89794e-05
[15]1.47415e-05
[16]1.11934e-05
[17]8.35197e-06
[18]6.15062e-06
[19]4.48561e-06
[20]3.24843e-06
[21]2.34068e-06
[22]1.68056e-06
[23]1.20354e-06
[24]8.60353e-07
[25]6.14236e-07
[26]4.38125e-07
[27]3.12304e-07
[28]2.22514e-07
[29]1.58488e-07
[30]1.12858e-07
[31]8.03521e-08
Total Elapsed Time: 392
