Running without mySQLdb library
parsing sam file/likelihood score/reads and mapped genomes...
EM iteration...
(Genomes,Reads)=17100x261354
Delta Change:
writing initial alignment ...
[0]1.98866
[1]0.460987
[2]0.212278
[3]0.0772604
[4]0.0427281
[5]0.0259013
[6]0.014872
[7]0.00741389
[8]0.00364665
[9]0.001854
[10]0.000970187
[11]0.000527848
[12]0.00029855
[13]0.000174455
[14]0.00010459
[15]6.40557e-05
[16]4.01121e-05
[17]2.58993e-05
[18]1.73845e-05
[19]1.16025e-05
[20]6.75953e-06
[21]3.65989e-06
[22]2.21311e-06
[23]1.38044e-06
[24]8.61726e-07
[25]5.38031e-07
[26]3.35968e-07
[27]2.09807e-07
[28]1.31028e-07
[29]8.18319e-08
Total Elapsed Time: 9738
