Running without mySQLdb library
parsing sam file/likelihood score/reads and mapped genomes...
EM iteration...
(Genomes,Reads)=15598x229920
Delta Change:
writing initial alignment ...
[0]1.99669
[1]0.171102
[2]0.0296503
[3]0.00965795
[4]0.0041069
[5]0.00191974
[6]0.000935395
[7]0.00045594
[8]0.000222914
[9]0.000109832
[10]5.48332e-05
[11]2.79415e-05
[12]1.46738e-05
[13]8.03345e-06
[14]4.6363e-06
[15]2.84176e-06
[16]1.85139e-06
[17]1.27413e-06
[18]9.16571e-07
[19]6.81133e-07
[20]5.17547e-07
[21]3.99254e-07
[22]3.10778e-07
[23]2.43243e-07
[24]1.91018e-07
[25]1.50305e-07
[26]1.18408e-07
[27]9.33435e-08
Total Elapsed Time: 1656
