Running without mySQLdb library
parsing sam file/likelihood score/reads and mapped genomes...
EM iteration...
(Genomes,Reads)=10530x207899
Delta Change:
writing initial alignment ...
[0]1.99356
[1]0.369668
[2]0.23226
[3]0.112373
[4]0.0375697
[5]0.0143079
[6]0.00733814
[7]0.00524994
[8]0.00320801
[9]0.00179907
[10]0.000963004
[11]0.000501793
[12]0.000257297
[13]0.000130645
[14]6.59333e-05
[15]3.31494e-05
[16]1.66277e-05
[17]8.32834e-06
[18]4.16771e-06
[19]2.08448e-06
[20]1.0422e-06
[21]5.2097e-07
[22]2.60388e-07
[23]1.30135e-07
[24]6.50355e-08
Total Elapsed Time: 3108
