Running without mySQLdb library
parsing sam file/likelihood score/reads and mapped genomes...
EM iteration...
(Genomes,Reads)=14139x244460
Delta Change:
writing initial alignment ...
[0]1.988
[1]0.421774
[2]0.201928
[3]0.109128
[4]0.0534178
[5]0.025013
[6]0.013242
[7]0.00811676
[8]0.00606986
[9]0.00528878
[10]0.00437549
[11]0.00272673
[12]0.00129428
[13]0.000597062
[14]0.000306955
[15]0.00017485
[16]0.000106296
[17]6.68618e-05
[18]4.27518e-05
[19]2.75449e-05
[20]1.78095e-05
[21]1.15337e-05
[22]7.47491e-06
[23]4.84628e-06
[24]3.1428e-06
[25]2.03848e-06
[26]1.32212e-06
[27]8.57467e-07
[28]5.56102e-07
[29]3.60649e-07
[30]2.3389e-07
[31]1.51682e-07
[32]9.83686e-08
Total Elapsed Time: 2931
