Running without mySQLdb library
parsing sam file/likelihood score/reads and mapped genomes...
EM iteration...
(Genomes,Reads)=10366x170496
Delta Change:
writing initial alignment ...
[0]1.99454
[1]0.463383
[2]0.0149281
[3]0.00130809
[4]0.000812658
[5]0.000601133
[6]0.000493262
[7]0.000422307
[8]0.000353767
[9]0.000292728
[10]0.00023461
[11]0.000182423
[12]0.000138193
[13]0.00010244
[14]7.46156e-05
[15]5.36038e-05
[16]3.8107e-05
[17]2.68828e-05
[18]1.88599e-05
[19]1.31792e-05
[20]9.18446e-06
[21]6.38889e-06
[22]4.43901e-06
[23]3.08204e-06
[24]2.13909e-06
[25]1.48444e-06
[26]1.03018e-06
[27]7.15046e-07
[28]4.96437e-07
[29]3.44773e-07
[30]2.39529e-07
[31]1.66478e-07
[32]1.15755e-07
[33]8.05219e-08
Total Elapsed Time: 347
