Running without mySQLdb library
parsing sam file/likelihood score/reads and mapped genomes...
EM iteration...
(Genomes,Reads)=15221x294110
Delta Change:
writing initial alignment ...
[0]1.99579
[1]0.375872
[2]0.283659
[3]0.122593
[4]0.0313097
[5]0.0124104
[6]0.00703131
[7]0.00465993
[8]0.00262873
[9]0.00135952
[10]0.000669307
[11]0.000320269
[12]0.000150722
[13]7.02402e-05
[14]3.2546e-05
[15]1.50296e-05
[16]6.92699e-06
[17]3.18896e-06
[18]1.46713e-06
[19]6.74717e-07
[20]3.10229e-07
[21]1.42623e-07
[22]6.55645e-08
Total Elapsed Time: 2394
