Running without mySQLdb library
parsing sam file/likelihood score/reads and mapped genomes...
EM iteration...
(Genomes,Reads)=7686x82790
Delta Change:
writing initial alignment ...
[0]1.99418
[1]0.477276
[2]0.353677
[3]0.212999
[4]0.0731803
[5]0.0161298
[6]0.00322109
[7]0.00116039
[8]0.000651936
[9]0.000434055
[10]0.000304608
[11]0.000217782
[12]0.000157327
[13]0.000114437
[14]8.36271e-05
[15]6.13094e-05
[16]4.50523e-05
[17]3.31634e-05
[18]2.44439e-05
[19]1.80352e-05
[20]1.33173e-05
[21]9.83955e-06
[22]7.27356e-06
[23]5.37882e-06
[24]3.97889e-06
[25]2.94405e-06
[26]2.1788e-06
[27]1.61299e-06
[28]1.19428e-06
[29]8.8434e-07
[30]6.5488e-07
[31]4.8499e-07
[32]3.59194e-07
[33]2.66041e-07
[34]1.97056e-07
[35]1.45966e-07
[36]1.08126e-07
[37]8.00993e-08
Total Elapsed Time: 262
