Running without mySQLdb library
parsing sam file/likelihood score/reads and mapped genomes...
EM iteration...
(Genomes,Reads)=13331x226478
Delta Change:
writing initial alignment ...
[0]1.98798
[1]0.27294
[2]0.0249769
[3]0.00921616
[4]0.00467605
[5]0.00167839
[6]0.000823888
[7]0.000519843
[8]0.000305051
[9]0.000173224
[10]0.000103921
[11]7.12373e-05
[12]5.74105e-05
[13]5.3885e-05
[14]5.66902e-05
[15]6.45996e-05
[16]7.80124e-05
[17]9.78233e-05
[18]0.000125619
[19]0.000163005
[20]0.000208191
[21]0.00024995
[22]0.000265438
[23]0.000237349
[24]0.000178429
[25]0.000117847
[26]7.20917e-05
[27]4.24025e-05
[28]2.54602e-05
[29]1.56825e-05
[30]9.85744e-06
[31]6.28111e-06
[32]4.04755e-06
[33]2.66484e-06
[34]1.78157e-06
[35]1.19907e-06
[36]8.11735e-07
[37]5.53103e-07
[38]3.77689e-07
[39]2.58828e-07
[40]1.77866e-07
[41]1.22223e-07
[42]8.3959e-08
Total Elapsed Time: 2767
