Running without mySQLdb library
parsing sam file/likelihood score/reads and mapped genomes...
EM iteration...
(Genomes,Reads)=14847x248040
Delta Change:
writing initial alignment ...
[0]1.98837
[1]0.412267
[2]0.176222
[3]0.101741
[4]0.0620399
[5]0.0348649
[6]0.018684
[7]0.00882921
[8]0.00429327
[9]0.00234576
[10]0.00133334
[11]0.000775405
[12]0.000458421
[13]0.000274298
[14]0.00016574
[15]0.000101192
[16]6.27632e-05
[17]4.00655e-05
[18]2.67173e-05
[19]1.79123e-05
[20]1.03629e-05
[21]5.26603e-06
[22]3.03747e-06
[23]1.84775e-06
[24]1.12551e-06
[25]6.85622e-07
[26]4.17679e-07
[27]2.54457e-07
[28]1.55024e-07
[29]9.4447e-08
Total Elapsed Time: 7930
