Running without mySQLdb library
parsing sam file/likelihood score/reads and mapped genomes...
EM iteration...
(Genomes,Reads)=13780x198280
Delta Change:
writing initial alignment ...
[0]1.99112
[1]0.294958
[2]0.0533066
[3]0.0272375
[4]0.0124354
[5]0.00830707
[6]0.00526615
[7]0.00308117
[8]0.00179854
[9]0.000847201
[10]0.000335591
[11]0.000123344
[12]4.96689e-05
[13]3.21842e-05
[14]4.10503e-05
[15]6.69616e-05
[16]8.84064e-05
[17]5.60423e-05
[18]8.83769e-06
[19]1.56591e-07
[20]5.44885e-09
Total Elapsed Time: 11378
