Running without mySQLdb library
parsing sam file/likelihood score/reads and mapped genomes...
EM iteration...
(Genomes,Reads)=16806x225285
Delta Change:
writing initial alignment ...
[0]1.99661
[1]0.178296
[2]0.00215325
[3]0.00104863
[4]0.000477125
[5]0.000197713
[6]8.36415e-05
[7]3.88214e-05
[8]2.05717e-05
[9]1.26708e-05
[10]8.75911e-06
[11]6.51309e-06
[12]5.04749e-06
[13]4.00038e-06
[14]3.20948e-06
[15]2.59281e-06
[16]2.10328e-06
[17]1.71057e-06
[18]1.39416e-06
[19]1.13753e-06
[20]9.28927e-07
[21]7.58941e-07
[22]6.20302e-07
[23]5.07147e-07
[24]4.14739e-07
[25]3.39239e-07
[26]2.77529e-07
[27]2.27075e-07
[28]1.85813e-07
[29]1.52063e-07
[30]1.24453e-07
[31]1.01862e-07
[32]8.33768e-08
Total Elapsed Time: 4618
