Running without mySQLdb library
parsing sam file/likelihood score/reads and mapped genomes...
EM iteration...
(Genomes,Reads)=14061x228900
Delta Change:
writing initial alignment ...
[0]1.98803
[1]0.407869
[2]0.177688
[3]0.10248
[4]0.0615642
[5]0.033762
[6]0.0175355
[7]0.00814939
[8]0.00411366
[9]0.00230628
[10]0.00134271
[11]0.000800913
[12]0.000485898
[13]0.000298345
[14]0.000184931
[15]0.00011576
[16]7.35178e-05
[17]4.78988e-05
[18]3.23344e-05
[19]2.165e-05
[20]1.2632e-05
[21]6.84522e-06
[22]4.14241e-06
[23]2.58517e-06
[24]1.61428e-06
[25]1.0081e-06
[26]6.29572e-07
[27]3.93189e-07
[28]2.45565e-07
[29]1.53369e-07
[30]9.5788e-08
Total Elapsed Time: 9962
