Running without mySQLdb library
parsing sam file/likelihood score/reads and mapped genomes...
EM iteration...
(Genomes,Reads)=14347x245390
Delta Change:
writing initial alignment ...
[0]1.98823
[1]0.411747
[2]0.176843
[3]0.101903
[4]0.0617934
[5]0.0344902
[6]0.0183691
[7]0.00864112
[8]0.00420756
[9]0.00230742
[10]0.00131746
[11]0.000770117
[12]0.000457802
[13]0.000275486
[14]0.000167421
[15]0.00010282
[16]6.41569e-05
[17]4.11964e-05
[18]2.75585e-05
[19]1.8335e-05
[20]1.04732e-05
[21]5.44384e-06
[22]3.20725e-06
[23]1.96309e-06
[24]1.20243e-06
[25]7.36557e-07
[26]4.51204e-07
[27]2.7641e-07
[28]1.69334e-07
[29]1.03739e-07
[30]6.35541e-08
Total Elapsed Time: 11479
