Running without mySQLdb library
parsing sam file/likelihood score/reads and mapped genomes...
EM iteration...
(Genomes,Reads)=7483x121310
Delta Change:
writing initial alignment ...
[0]1.98816
[1]0.0559329
[2]0.00274812
[3]0.00166409
[4]0.00154674
[5]0.00143496
[6]0.00128885
[7]0.00111473
[8]0.000928372
[9]0.000746962
[10]0.000584714
[11]0.00045101
[12]0.000351424
[13]0.000291027
[14]0.000279075
[15]0.000332415
[16]0.000456799
[17]0.000532154
[18]0.000308666
[19]6.41075e-05
[20]2.11897e-05
[21]1.45329e-05
[22]1.01469e-05
[23]7.08053e-06
[24]4.93882e-06
[25]3.44396e-06
[26]2.40109e-06
[27]1.67378e-06
[28]1.16667e-06
[29]8.13142e-07
[30]5.66717e-07
[31]3.94959e-07
[32]2.7525e-07
[33]1.91821e-07
[34]1.33678e-07
[35]9.31584e-08
Total Elapsed Time: 1669
