Running without mySQLdb library
parsing sam file/likelihood score/reads and mapped genomes...
EM iteration...
(Genomes,Reads)=15290x246304
Delta Change:
writing initial alignment ...
[0]1.98705
[1]0.318592
[2]0.180593
[3]0.169789
[4]0.153264
[5]0.0846887
[6]0.0287474
[7]0.00850491
[8]0.00345422
[9]0.00191288
[10]0.00115535
[11]0.000695787
[12]0.000421398
[13]0.000256949
[14]0.000157737
[15]9.75983e-05
[16]6.11255e-05
[17]3.91248e-05
[18]2.58337e-05
[19]1.69786e-05
[20]9.92914e-06
[21]5.45466e-06
[22]3.29035e-06
[23]2.03752e-06
[24]1.26277e-06
[25]7.82926e-07
[26]4.85593e-07
[27]3.01278e-07
[28]1.86981e-07
[29]1.16079e-07
[30]7.20831e-08
Total Elapsed Time: 13382
