Running without mySQLdb library
parsing sam file/likelihood score/reads and mapped genomes...
EM iteration...
(Genomes,Reads)=10315x200030
Delta Change:
writing initial alignment ...
[0]1.99616
[1]0.0122352
[2]0.00153481
[3]0.00198764
[4]0.00238603
[5]0.00238397
[6]0.00176684
[7]0.000979314
[8]0.000747768
[9]0.000705246
[10]0.000748052
[11]0.000818018
[12]0.000896985
[13]0.00097395
[14]0.00103761
[15]0.00107509
[16]0.00107244
[17]0.0010196
[18]0.000916492
[19]0.00077614
[20]0.000620975
[21]0.00047364
[22]0.000348895
[23]0.000251588
[24]0.000179621
[25]0.000127975
[26]9.14085e-05
[27]6.55905e-05
[28]4.7305e-05
[29]3.42799e-05
[30]2.49425e-05
[31]1.82087e-05
[32]1.33274e-05
[33]9.77418e-06
[34]7.17919e-06
[35]5.27919e-06
[36]3.88534e-06
[37]2.86132e-06
[38]2.10818e-06
[39]1.55382e-06
[40]1.14553e-06
[41]8.44685e-07
[42]6.22937e-07
[43]4.5945e-07
[44]3.38896e-07
[45]2.49987e-07
[46]1.84412e-07
[47]1.36042e-07
[48]1.00361e-07
[49]7.40401e-08
Total Elapsed Time: 2454
