Running without mySQLdb library
parsing sam file/likelihood score/reads and mapped genomes...
EM iteration...
(Genomes,Reads)=14288x209240
Delta Change:
writing initial alignment ...
[0]1.99665
[1]0.145424
[2]0.203053
[3]0.316374
[4]0.319638
[5]0.16065
[6]0.0416027
[7]0.00747865
[8]0.00377914
[9]0.0026444
[10]0.00184701
[11]0.00121379
[12]0.000782764
[13]0.000503623
[14]0.000325563
[15]0.000211986
[16]0.00013906
[17]9.18199e-05
[18]6.09509e-05
[19]4.0626e-05
[20]2.71616e-05
[21]1.82001e-05
[22]1.22146e-05
[23]8.20683e-06
[24]5.51839e-06
[25]3.71267e-06
[26]2.49875e-06
[27]1.68218e-06
[28]1.13266e-06
[29]7.62746e-07
[30]5.13684e-07
[31]3.45968e-07
[32]2.3302e-07
[33]1.5695e-07
[34]1.05715e-07
[35]7.12066e-08
Total Elapsed Time: 8180
