Running without mySQLdb library
parsing sam file/likelihood score/reads and mapped genomes...
EM iteration...
(Genomes,Reads)=11110x202010
Delta Change:
writing initial alignment ...
[0]1.98764
[1]0.327459
[2]0.0329686
[3]0.00944787
[4]0.0048338
[5]0.00387412
[6]0.00367457
[7]0.00298194
[8]0.00175168
[9]0.000786899
[10]0.000335661
[11]0.000175805
[12]0.000128325
[13]0.000103924
[14]5.89986e-05
[15]1.7761e-05
[16]5.23973e-06
[17]2.76902e-06
[18]1.72651e-06
[19]1.10948e-06
[20]7.22807e-07
[21]4.75759e-07
[22]3.15823e-07
[23]2.11164e-07
[24]1.42038e-07
[25]9.60267e-08
Total Elapsed Time: 12387
