Running without mySQLdb library
parsing sam file/likelihood score/reads and mapped genomes...
EM iteration...
(Genomes,Reads)=10856x210280
Delta Change:
writing initial alignment ...
[0]1.99431
[1]0.165023
[2]0.0917983
[3]0.0990455
[4]0.0864037
[5]0.0517131
[6]0.030244
[7]0.0263397
[8]0.0277341
[9]0.0309246
[10]0.034725
[11]0.0387079
[12]0.0425174
[13]0.0455882
[14]0.0472125
[15]0.0466597
[16]0.0434828
[17]0.0378565
[18]0.0306745
[19]0.0232176
[20]0.0165883
[21]0.0113473
[22]0.00753714
[23]0.004917
[24]0.0031755
[25]0.00204019
[26]0.0013076
[27]0.000837234
[28]0.00053589
[29]0.000342997
[30]0.000219551
[31]0.000140547
[32]8.99802e-05
[33]5.76103e-05
[34]3.68872e-05
[35]2.36192e-05
[36]1.5124e-05
[37]9.68441e-06
[38]6.20134e-06
[39]3.971e-06
[40]2.54283e-06
[41]1.6283e-06
[42]1.04269e-06
[43]6.6769e-07
[44]4.27558e-07
[45]2.73788e-07
[46]1.75322e-07
[47]1.12268e-07
[48]7.18913e-08
Total Elapsed Time: 4174
