Running without mySQLdb library
parsing sam file/likelihood score/reads and mapped genomes...
EM iteration...
(Genomes,Reads)=16387x227403
Delta Change:
writing initial alignment ...
[0]1.99691
[1]0.178284
[2]0.00209409
[3]0.00103484
[4]0.00047456
[5]0.000195112
[6]7.9016e-05
[7]3.49745e-05
[8]1.83878e-05
[9]1.15317e-05
[10]8.19254e-06
[11]6.24584e-06
[12]4.9367e-06
[13]3.97549e-06
[14]3.23832e-06
[15]2.66514e-06
[16]2.22021e-06
[17]1.85648e-06
[18]1.50318e-06
[19]1.19612e-06
[20]9.77393e-07
[21]8.04701e-07
[22]6.62987e-07
[23]5.4649e-07
[24]4.50638e-07
[25]3.71717e-07
[26]3.06697e-07
[27]2.53104e-07
[28]2.08914e-07
[29]1.72463e-07
[30]1.4239e-07
[31]1.17572e-07
[32]9.70877e-08
Total Elapsed Time: 5995
