Running without mySQLdb library
parsing sam file/likelihood score/reads and mapped genomes...
EM iteration...
(Genomes,Reads)=10270x199200
Delta Change:
writing initial alignment ...
[0]1.99314
[1]0.223484
[2]0.0964715
[3]0.09666
[4]0.100271
[5]0.0948396
[6]0.0810683
[7]0.0731929
[8]0.0673635
[9]0.0577404
[10]0.0440732
[11]0.0297091
[12]0.0181946
[13]0.0105724
[14]0.0060611
[15]0.00350859
[16]0.00206633
[17]0.00123582
[18]0.000748796
[19]0.000459325
[20]0.000284277
[21]0.000177025
[22]0.000110702
[23]6.94205e-05
[24]4.36127e-05
[25]2.74316e-05
[26]1.72672e-05
[27]1.08743e-05
[28]6.85048e-06
[29]4.31645e-06
[30]2.72013e-06
[31]1.7143e-06
[32]1.08046e-06
[33]6.80994e-07
[34]4.29229e-07
[35]2.70545e-07
[36]1.70528e-07
[37]1.07486e-07
[38]6.77505e-08
Total Elapsed Time: 2938
