Running without mySQLdb library
parsing sam file/likelihood score/reads and mapped genomes...
EM iteration...
(Genomes,Reads)=16045x249190
Delta Change:
writing initial alignment ...
[0]1.9988
[1]0.105512
[2]0.0389025
[3]0.0218396
[4]0.00979191
[5]0.00330069
[6]0.00102817
[7]0.000400256
[8]0.000207385
[9]0.000126381
[10]8.19026e-05
[11]5.44475e-05
[12]3.63007e-05
[13]2.41942e-05
[14]1.61225e-05
[15]1.07426e-05
[16]7.1575e-06
[17]4.76864e-06
[18]3.17699e-06
[19]2.11656e-06
[20]1.41006e-06
[21]9.39387e-07
[22]6.25817e-07
[23]4.16917e-07
[24]2.77747e-07
[25]1.85033e-07
[26]1.23268e-07
[27]8.212e-08
Total Elapsed Time: 2379
