Running without mySQLdb library
parsing sam file/likelihood score/reads and mapped genomes...
EM iteration...
(Genomes,Reads)=16675x227585
Delta Change:
writing initial alignment ...
[0]1.9954
[1]0.216257
[2]0.272265
[3]0.339343
[4]0.236762
[5]0.0651492
[6]0.0100532
[7]0.00421042
[8]0.00375795
[9]0.00400859
[10]0.0043185
[11]0.00444718
[12]0.00428926
[13]0.00383867
[14]0.00318987
[15]0.00248293
[16]0.00183528
[17]0.00130767
[18]0.000910324
[19]0.000625663
[20]0.000427628
[21]0.000291941
[22]0.00019955
[23]0.0001367
[24]9.38726e-05
[25]6.46078e-05
[26]4.45508e-05
[27]3.07671e-05
[28]2.1273e-05
[29]1.47216e-05
[30]1.01945e-05
[31]7.06292e-06
[32]4.89501e-06
[33]3.39336e-06
[34]2.35279e-06
[35]1.63151e-06
[36]1.13145e-06
[37]7.84711e-07
[38]5.44255e-07
[39]3.77491e-07
[40]2.61832e-07
[41]1.81611e-07
[42]1.2597e-07
[43]8.73772e-08
Total Elapsed Time: 6211
