Running without mySQLdb library
parsing sam file/likelihood score/reads and mapped genomes...
EM iteration...
(Genomes,Reads)=19109x231724
Delta Change:
writing initial alignment ...
[0]1.99646
[1]0.225206
[2]0.0364235
[3]0.00748583
[4]0.00328064
[5]0.00246825
[6]0.00168428
[7]0.000931634
[8]0.000443889
[9]0.000193859
[10]8.16396e-05
[11]3.45298e-05
[12]1.52487e-05
[13]7.32416e-06
[14]3.96008e-06
[15]2.43485e-06
[16]1.66897e-06
[17]1.23244e-06
[18]9.50804e-07
[19]7.51097e-07
[20]6.00657e-07
[21]4.83371e-07
[22]3.90248e-07
[23]3.15604e-07
[24]2.5548e-07
[25]2.06924e-07
[26]1.67654e-07
[27]1.35868e-07
[28]1.10126e-07
[29]8.92727e-08
Total Elapsed Time: 2668
