Running without mySQLdb library
parsing sam file/likelihood score/reads and mapped genomes...
EM iteration...
(Genomes,Reads)=7651x124730
Delta Change:
writing initial alignment ...
[0]1.98449
[1]0.168802
[2]0.035595
[3]0.0119981
[4]0.00420208
[5]0.00173766
[6]0.00101721
[7]0.000780384
[8]0.00066857
[9]0.000531509
[10]0.000307028
[11]0.000129433
[12]6.82535e-05
[13]4.57461e-05
[14]3.17152e-05
[15]1.80351e-05
[16]7.76171e-06
[17]4.17237e-06
[18]2.27407e-06
[19]1.25983e-06
[20]7.06838e-07
[21]4.01268e-07
[22]2.30357e-07
[23]1.33641e-07
[24]7.82883e-08
Total Elapsed Time: 3211
