Running without mySQLdb library
parsing sam file/likelihood score/reads and mapped genomes...
EM iteration...
(Genomes,Reads)=13944x204370
Delta Change:
writing initial alignment ...
[0]1.99192
[1]0.295685
[2]0.036759
[3]0.0159012
[4]0.00917119
[5]0.00613466
[6]0.00389274
[7]0.00218733
[8]0.00127197
[9]0.000736991
[10]0.000517488
[11]0.000405275
[12]0.000328472
[13]0.000269683
[14]0.00022322
[15]0.000185795
[16]0.00015552
[17]0.000130996
[18]0.000111091
[19]9.48841e-05
[20]8.16305e-05
[21]7.07324e-05
[22]6.17152e-05
[23]5.42041e-05
[24]4.79041e-05
[25]4.25831e-05
[26]3.80579e-05
[27]3.41841e-05
[28]3.08465e-05
[29]2.79536e-05
[30]2.54317e-05
[31]2.32213e-05
[32]2.12741e-05
[33]1.95506e-05
[34]1.80182e-05
[35]1.66502e-05
[36]1.5424e-05
[37]1.43209e-05
[38]1.33252e-05
[39]1.24235e-05
[40]1.16043e-05
[41]1.08582e-05
[42]1.01766e-05
[43]9.5524e-06
[44]8.97944e-06
[45]8.45229e-06
[46]7.96626e-06
[47]7.51722e-06
[48]7.10155e-06
[49]6.71608e-06
Total Elapsed Time: 3148
