Running without mySQLdb library
parsing sam file/likelihood score/reads and mapped genomes...
EM iteration...
(Genomes,Reads)=14883x209470
Delta Change:
writing initial alignment ...
[0]1.99584
[1]0.167212
[2]0.267519
[3]0.379787
[4]0.274449
[5]0.076194
[6]0.010444
[7]0.00380929
[8]0.00378574
[9]0.0043718
[10]0.00487754
[11]0.00510679
[12]0.00497542
[13]0.00448694
[14]0.00375225
[15]0.00293615
[16]0.00217991
[17]0.00155924
[18]0.00108944
[19]0.000751645
[20]0.000515929
[21]0.000353936
[22]0.000243254
[23]0.000167658
[24]0.000115899
[25]8.03355e-05
[26]5.58114e-05
[27]3.88442e-05
[28]2.70731e-05
[29]1.88891e-05
[30]1.31894e-05
[31]9.21482e-06
[32]6.44068e-06
[33]4.50305e-06
[34]3.14902e-06
[35]2.20247e-06
[36]1.54061e-06
[37]1.07773e-06
[38]7.53963e-07
[39]5.27481e-07
[40]3.69042e-07
[41]2.58198e-07
[42]1.80649e-07
[43]1.26393e-07
[44]8.84321e-08
Total Elapsed Time: 5289
