Running without mySQLdb library
parsing sam file/likelihood score/reads and mapped genomes...
EM iteration...
(Genomes,Reads)=8206x122910
Delta Change:
writing initial alignment ...
[0]1.98916
[1]0.205207
[2]0.0746392
[3]0.0742151
[4]0.0682819
[5]0.0491724
[6]0.0272988
[7]0.0124962
[8]0.00518705
[9]0.00210596
[10]0.00088275
[11]0.000399619
[12]0.000202487
[13]0.000116297
[14]7.44504e-05
[15]5.14233e-05
[16]3.71756e-05
[17]2.75525e-05
[18]2.07151e-05
[19]1.57526e-05
[20]1.19788e-05
[21]9.10921e-06
[22]6.92724e-06
[23]5.26805e-06
[24]4.00636e-06
[25]3.04689e-06
[26]2.31724e-06
[27]1.76233e-06
[28]1.34032e-06
[29]1.01938e-06
[30]7.75285e-07
[31]5.89644e-07
[32]4.48455e-07
[33]3.41075e-07
[34]2.59407e-07
[35]1.97294e-07
[36]1.50053e-07
[37]1.14124e-07
[38]8.67981e-08
Total Elapsed Time: 2093
