Running without mySQLdb library
parsing sam file/likelihood score/reads and mapped genomes...
EM iteration...
(Genomes,Reads)=13797x222038
Delta Change:
writing initial alignment ...
[0]1.99247
[1]0.405775
[2]0.0369991
[3]0.00666778
[4]0.00302279
[5]0.00156934
[6]0.000847032
[7]0.000461551
[8]0.000254157
[9]0.000141659
[10]7.99426e-05
[11]4.56443e-05
[12]2.63324e-05
[13]1.53259e-05
[14]8.98562e-06
[15]5.30006e-06
[16]3.14148e-06
[17]1.86942e-06
[18]1.11602e-06
[19]6.67987e-07
[20]4.00673e-07
[21]2.40755e-07
[22]1.44876e-07
[23]8.72867e-08
Total Elapsed Time: 3219
