Running without mySQLdb library
parsing sam file/likelihood score/reads and mapped genomes...
EM iteration...
(Genomes,Reads)=13758x194317
Delta Change:
writing initial alignment ...
[0]1.98077
[1]0.316534
[2]0.0494258
[3]0.0290782
[4]0.0172723
[5]0.00870074
[6]0.0041299
[7]0.00246061
[8]0.00181788
[9]0.00150389
[10]0.00132578
[11]0.00120939
[12]0.00112659
[13]0.00105961
[14]0.000975661
[15]0.000876413
[16]0.000803695
[17]0.000743214
[18]0.000684506
[19]0.00062594
[20]0.000566686
[21]0.00050659
[22]0.000446377
[23]0.000388437
[24]0.000332296
[25]0.000279521
[26]0.000231409
[27]0.000188815
[28]0.000152098
[29]0.000121179
[30]9.56588e-05
[31]7.49423e-05
[32]5.83531e-05
[33]4.52139e-05
[34]3.48978e-05
[35]2.68538e-05
[36]2.06152e-05
[37]1.5797e-05
[38]1.20878e-05
[39]9.23947e-06
[40]7.05644e-06
[41]5.38576e-06
[42]4.10862e-06
[43]3.13316e-06
[44]2.38861e-06
[45]1.82059e-06
[46]1.38742e-06
[47]1.05718e-06
[48]8.0547e-07
[49]6.13644e-07
Total Elapsed Time: 10182
