Running without mySQLdb library
parsing sam file/likelihood score/reads and mapped genomes...
EM iteration...
(Genomes,Reads)=14441x248490
Delta Change:
writing initial alignment ...
[0]1.98676
[1]0.413339
[2]0.174986
[3]0.10089
[4]0.0615426
[5]0.0346023
[6]0.0185581
[7]0.00878582
[8]0.00428525
[9]0.00234988
[10]0.00134147
[11]0.000783994
[12]0.000466037
[13]0.000280511
[14]0.000170572
[15]0.000104836
[16]6.54524e-05
[17]4.20161e-05
[18]2.81114e-05
[19]1.89036e-05
[20]1.10807e-05
[21]5.78851e-06
[22]3.41008e-06
[23]2.11159e-06
[24]1.31195e-06
[25]8.1717e-07
[26]5.10377e-07
[27]3.19712e-07
[28]2.0092e-07
[29]1.26704e-07
[30]8.01999e-08
Total Elapsed Time: 12104
