Running without mySQLdb library
parsing sam file/likelihood score/reads and mapped genomes...
EM iteration...
(Genomes,Reads)=10722x132604
Delta Change:
writing initial alignment ...
[0]1.98886
[1]0.142725
[2]0.1513
[3]0.244269
[4]0.270179
[5]0.149759
[6]0.0411069
[7]0.00741474
[8]0.00170646
[9]0.000891109
[10]0.000616927
[11]0.000383161
[12]0.000230405
[13]0.000137036
[14]8.12016e-05
[15]4.80682e-05
[16]2.84545e-05
[17]1.68493e-05
[18]9.98106e-06
[19]5.91443e-06
[20]3.50559e-06
[21]2.07821e-06
[22]1.23218e-06
[23]7.3063e-07
[24]4.33258e-07
[25]2.56928e-07
[26]1.52366e-07
[27]9.03592e-08
Total Elapsed Time: 5047
