Running without mySQLdb library
parsing sam file/likelihood score/reads and mapped genomes...
EM iteration...
(Genomes,Reads)=16459x236920
Delta Change:
writing initial alignment ...
[0]1.99696
[1]0.189724
[2]0.00829548
[3]0.00110528
[4]0.000184186
[5]5.2014e-05
[6]2.75836e-05
[7]1.89126e-05
[8]1.38341e-05
[9]1.03113e-05
[10]7.74794e-06
[11]5.84774e-06
[12]4.42521e-06
[13]3.35416e-06
[14]2.54494e-06
[15]1.93223e-06
[16]1.46768e-06
[17]1.11514e-06
[18]8.47459e-07
[19]6.44124e-07
[20]4.89627e-07
[21]3.72215e-07
[22]2.82974e-07
[23]2.15137e-07
[24]1.63568e-07
[25]1.24363e-07
[26]9.45569e-08
Total Elapsed Time: 1444
