Running without mySQLdb library
parsing sam file/likelihood score/reads and mapped genomes...
EM iteration...
(Genomes,Reads)=16338x215163
Delta Change:
writing initial alignment ...
[0]1.99334
[1]0.370868
[2]0.232175
[3]0.110601
[4]0.0357826
[5]0.014315
[6]0.00756302
[7]0.00528075
[8]0.00312412
[9]0.0017016
[10]0.000885501
[11]0.000448783
[12]0.000223881
[13]0.000110606
[14]5.43176e-05
[15]2.65765e-05
[16]1.29737e-05
[17]6.3244e-06
[18]3.08034e-06
[19]1.49951e-06
[20]7.29722e-07
[21]3.55042e-07
[22]1.72723e-07
[23]8.40213e-08
Total Elapsed Time: 3475
