Running without mySQLdb library
parsing sam file/likelihood score/reads and mapped genomes...
EM iteration...
(Genomes,Reads)=10931x212640
Delta Change:
writing initial alignment ...
[0]1.99446
[1]0.520508
[2]0.0374028
[3]0.00706821
[4]0.0048126
[5]0.00382806
[6]0.00325275
[7]0.00279881
[8]0.00235854
[9]0.00193946
[10]0.001553
[11]0.00121273
[12]0.000926406
[13]0.000695172
[14]0.000514565
[15]0.00037695
[16]0.000273961
[17]0.000197974
[18]0.000142496
[19]0.000102305
[20]7.33632e-05
[21]5.26224e-05
[22]3.78277e-05
[23]2.73291e-05
[24]1.99194e-05
[25]1.46782e-05
[26]1.08024e-05
[27]7.60273e-06
[28]5.04018e-06
[29]3.44471e-06
[30]2.44285e-06
[31]1.73745e-06
[32]1.23571e-06
[33]8.78846e-07
[34]6.25031e-07
[35]4.44514e-07
[36]3.16131e-07
[37]2.24826e-07
[38]1.59892e-07
[39]1.13713e-07
[40]8.08713e-08
Total Elapsed Time: 7146
