Running without mySQLdb library
parsing sam file/likelihood score/reads and mapped genomes...
EM iteration...
(Genomes,Reads)=16671x227200
Delta Change:
writing initial alignment ...
[0]1.99665
[1]0.182035
[2]0.00547205
[3]0.00160671
[4]0.000674892
[5]0.000334738
[6]0.000162833
[7]7.46871e-05
[8]3.46407e-05
[9]1.75774e-05
[10]1.0231e-05
[11]6.79472e-06
[12]4.95257e-06
[13]3.80898e-06
[14]3.01234e-06
[15]2.41594e-06
[16]1.95153e-06
[17]1.58244e-06
[18]1.28602e-06
[19]1.0466e-06
[20]8.52583e-07
[21]6.95028e-07
[22]5.66898e-07
[23]4.62588e-07
[24]3.776e-07
[25]3.08312e-07
[26]2.51795e-07
[27]2.05676e-07
[28]1.68029e-07
[29]1.37289e-07
[30]1.12184e-07
[31]9.16776e-08
Total Elapsed Time: 3865
