Running without mySQLdb library
parsing sam file/likelihood score/reads and mapped genomes...
EM iteration...
(Genomes,Reads)=7687x120990
Delta Change:
writing initial alignment ...
[0]1.9886
[1]0.0527329
[2]0.00168327
[3]0.000526461
[4]0.00038042
[5]0.000316773
[6]0.000272817
[7]0.000237733
[8]0.000208941
[9]0.000186318
[10]0.000171407
[11]0.00016811
[12]0.000184537
[13]0.000235679
[14]0.000340068
[15]0.000468324
[16]0.000418291
[17]0.000156252
[18]5.11286e-05
[19]4.00969e-05
[20]3.43627e-05
[21]2.94378e-05
[22]2.52069e-05
[23]2.15754e-05
[24]1.84607e-05
[25]1.57909e-05
[26]1.35037e-05
[27]1.15453e-05
[28]9.86905e-06
[29]8.4348e-06
[30]7.20798e-06
[31]6.15887e-06
[32]5.26192e-06
[33]4.49521e-06
[34]3.83993e-06
[35]3.27996e-06
[36]2.8015e-06
[37]2.39272e-06
[38]2.04351e-06
[39]1.74521e-06
[40]1.4904e-06
[41]1.27277e-06
[42]1.0869e-06
[43]9.28148e-07
[44]7.92574e-07
[45]6.76794e-07
[46]5.77921e-07
[47]4.93488e-07
[48]4.21387e-07
[49]3.59817e-07
Total Elapsed Time: 2024
