Running without mySQLdb library
parsing sam file/likelihood score/reads and mapped genomes...
EM iteration...
(Genomes,Reads)=16011x228180
Delta Change:
writing initial alignment ...
[0]1.99092
[1]0.284294
[2]0.0234658
[3]0.00861305
[4]0.00445883
[5]0.00280481
[6]0.00198412
[7]0.00147986
[8]0.00117355
[9]0.000896098
[10]0.000662861
[11]0.000486842
[12]0.000356184
[13]0.000259765
[14]0.000189067
[15]0.000137523
[16]0.000100089
[17]7.29188e-05
[18]5.31884e-05
[19]3.88464e-05
[20]2.84074e-05
[21]2.07983e-05
[22]1.5244e-05
[23]1.11841e-05
[24]8.21267e-06
[25]6.03546e-06
[26]4.43852e-06
[27]3.26611e-06
[28]2.40467e-06
[29]1.77127e-06
[30]1.30524e-06
[31]9.6217e-07
[32]7.09493e-07
[33]5.23314e-07
[34]3.86081e-07
[35]2.84894e-07
[36]2.10264e-07
[37]1.55208e-07
[38]1.14583e-07
[39]8.46016e-08
Total Elapsed Time: 3084
