Running without mySQLdb library
parsing sam file/likelihood score/reads and mapped genomes...
EM iteration...
(Genomes,Reads)=10549x278370
Delta Change:
writing initial alignment ...
[0]1.99434
[1]0.321559
[2]0.235325
[3]0.145762
[4]0.103707
[5]0.100657
[6]0.115757
[7]0.118196
[8]0.0959309
[9]0.059205
[10]0.0288463
[11]0.0121818
[12]0.00483533
[13]0.00188319
[14]0.000732408
[15]0.00028656
[16]0.000113336
[17]4.55619e-05
[18]1.87595e-05
[19]7.98942e-06
[20]3.55869e-06
[21]1.67414e-06
[22]8.36166e-07
[23]4.42754e-07
[24]2.4668e-07
[25]1.43062e-07
[26]8.54253e-08
Total Elapsed Time: 1458
