Running without mySQLdb library
parsing sam file/likelihood score/reads and mapped genomes...
EM iteration...
(Genomes,Reads)=10347x110244
Delta Change:
writing initial alignment ...
[0]1.9945
[1]0.490228
[2]0.325871
[3]0.166389
[4]0.0583843
[5]0.0164142
[6]0.00573631
[7]0.00275248
[8]0.00137593
[9]0.000699883
[10]0.000375361
[11]0.000217139
[12]0.000135426
[13]8.96729e-05
[14]6.18783e-05
[15]4.38272e-05
[16]3.15357e-05
[17]2.29058e-05
[18]1.67314e-05
[19]1.22633e-05
[20]9.00765e-06
[21]6.62542e-06
[22]4.87766e-06
[23]3.59319e-06
[24]2.64812e-06
[25]1.95223e-06
[26]1.43953e-06
[27]1.06166e-06
[28]7.83074e-07
[29]5.77742e-07
[30]4.26277e-07
[31]3.14529e-07
[32]2.32077e-07
[33]1.71241e-07
[34]1.26353e-07
[35]9.32316e-08
Total Elapsed Time: 2797
