Running without mySQLdb library
parsing sam file/likelihood score/reads and mapped genomes...
EM iteration...
(Genomes,Reads)=18193x216674
Delta Change:
writing initial alignment ...
[0]1.99653
[1]0.173539
[2]0.0177633
[3]0.0260729
[4]0.0282785
[5]0.0156214
[6]0.00429861
[7]0.000786293
[8]0.000190379
[9]0.000102281
[10]7.11493e-05
[11]4.51169e-05
[12]2.80144e-05
[13]1.74083e-05
[14]1.09255e-05
[15]6.9613e-06
[16]4.5194e-06
[17]2.9978e-06
[18]2.03549e-06
[19]1.416e-06
[20]1.00899e-06
[21]7.35485e-07
[22]5.47269e-07
[23]4.14627e-07
[24]3.18897e-07
[25]2.48298e-07
[26]1.95227e-07
[27]1.54676e-07
[28]1.23269e-07
[29]9.86795e-08
Total Elapsed Time: 5062
