Running without mySQLdb library
parsing sam file/likelihood score/reads and mapped genomes...
EM iteration...
(Genomes,Reads)=15587x246360
Delta Change:
writing initial alignment ...
[0]1.98683
[1]0.159838
[2]0.0218545
[3]0.011286
[4]0.00517842
[5]0.00204279
[6]0.000950356
[7]0.000513697
[8]0.00032151
[9]0.000236727
[10]0.000189545
[11]0.000162224
[12]0.000139465
[13]0.000120106
[14]0.000103255
[15]8.85079e-05
[16]7.57276e-05
[17]6.47169e-05
[18]5.52647e-05
[19]4.71683e-05
[20]4.02429e-05
[21]3.43248e-05
[22]2.9271e-05
[23]2.49573e-05
[24]2.12765e-05
[25]1.81368e-05
[26]1.54592e-05
[27]1.3176e-05
[28]1.12295e-05
[29]9.57013e-06
[30]8.1557e-06
[31]6.95015e-06
[32]5.92269e-06
[33]5.04705e-06
[34]4.30083e-06
[35]3.66491e-06
[36]3.12301e-06
[37]2.66122e-06
[38]2.26772e-06
[39]1.9324e-06
[40]1.64667e-06
[41]1.40319e-06
[42]1.19572e-06
[43]1.01892e-06
[44]8.6827e-07
[45]7.39895e-07
[46]6.30503e-07
[47]5.37287e-07
[48]4.57853e-07
[49]3.90165e-07
Total Elapsed Time: 3979
