Running without mySQLdb library
parsing sam file/likelihood score/reads and mapped genomes...
EM iteration...
(Genomes,Reads)=13761x207470
Delta Change:
writing initial alignment ...
[0]1.99621
[1]0.164287
[2]0.270231
[3]0.383793
[4]0.277347
[5]0.0769981
[6]0.010554
[7]0.00384937
[8]0.00382565
[9]0.00441794
[10]0.00492905
[11]0.00516073
[12]0.00502798
[13]0.00453434
[14]0.00379189
[15]0.00296717
[16]0.00220294
[17]0.00157571
[18]0.00110095
[19]0.000759587
[20]0.00052138
[21]0.000357675
[22]0.000245824
[23]0.000169429
[24]0.000117123
[25]8.11843e-05
[26]5.64011e-05
[27]3.92546e-05
[28]2.73592e-05
[29]1.90886e-05
[30]1.33287e-05
[31]9.31218e-06
[32]6.50872e-06
[33]4.55062e-06
[34]3.18229e-06
[35]2.22574e-06
[36]1.55689e-06
[37]1.08912e-06
[38]7.61928e-07
[39]5.33054e-07
[40]3.72941e-07
[41]2.60926e-07
[42]1.82557e-07
[43]1.27728e-07
[44]8.93664e-08
Total Elapsed Time: 5618
