Running without mySQLdb library
parsing sam file/likelihood score/reads and mapped genomes...
EM iteration...
(Genomes,Reads)=13472x102266
Delta Change:
writing initial alignment ...
[0]1.99173
[1]0.475472
[2]0.34689
[3]0.207613
[4]0.0718927
[5]0.0163337
[6]0.00349762
[7]0.00133407
[8]0.000778828
[9]0.000573751
[10]0.000452294
[11]0.000299621
[12]0.000163628
[13]0.00010661
[14]7.68289e-05
[15]5.59244e-05
[16]4.08833e-05
[17]2.9972e-05
[18]2.20143e-05
[19]1.61905e-05
[20]1.19182e-05
[21]8.7789e-06
[22]6.46948e-06
[23]4.76917e-06
[24]3.51659e-06
[25]2.5937e-06
[26]1.91348e-06
[27]1.41171e-06
[28]1.04155e-06
[29]7.68466e-07
[30]5.6699e-07
[31]4.18342e-07
[32]3.08667e-07
[33]2.27747e-07
[34]1.68042e-07
[35]1.23989e-07
[36]9.1485e-08
Total Elapsed Time: 3223
