Running without mySQLdb library
parsing sam file/likelihood score/reads and mapped genomes...
EM iteration...
(Genomes,Reads)=7144x181730
Delta Change:
writing initial alignment ...
[0]1.99617
[1]0.369382
[2]0.0649761
[3]0.0973878
[4]0.195212
[5]0.355096
[6]0.408021
[7]0.158539
[8]0.0127931
[9]0.00122891
[10]0.000737608
[11]0.000702632
[12]0.000865551
[13]0.00104661
[14]0.00116359
[15]0.00107426
[16]0.000752081
[17]0.000397566
[18]0.00017682
[19]7.55704e-05
[20]3.45862e-05
[21]1.82522e-05
[22]1.13071e-05
[23]7.92121e-06
[24]5.95446e-06
[25]4.62911e-06
[26]3.69273e-06
[27]2.93108e-06
[28]2.31622e-06
[29]1.82355e-06
[30]1.43133e-06
[31]1.12074e-06
[32]8.75869e-07
[33]6.8346e-07
[34]5.32686e-07
[35]4.14787e-07
[36]3.22748e-07
[37]2.5099e-07
[38]1.951e-07
[39]1.51604e-07
[40]1.17773e-07
[41]9.1473e-08
Total Elapsed Time: 1032
