Running without mySQLdb library
parsing sam file/likelihood score/reads and mapped genomes...
EM iteration...
(Genomes,Reads)=6326x163780
Delta Change:
writing initial alignment ...
[0]1.99662
[1]0.453934
[2]0.0114893
[3]0.000334972
[4]0.000140827
[5]8.05334e-05
[6]6.01856e-05
[7]4.86737e-05
[8]4.72085e-05
[9]3.92949e-05
[10]2.96885e-05
[11]2.11519e-05
[12]1.45862e-05
[13]9.85024e-06
[14]6.56839e-06
[15]4.34653e-06
[16]2.86275e-06
[17]1.88e-06
[18]1.23236e-06
[19]8.06891e-07
[20]5.27922e-07
[21]3.45238e-07
[22]2.25701e-07
[23]1.47524e-07
[24]9.64132e-08
Total Elapsed Time: 431
