Running without mySQLdb library
parsing sam file/likelihood score/reads and mapped genomes...
EM iteration...
(Genomes,Reads)=8122x117060
Delta Change:
writing initial alignment ...
[0]1.99014
[1]0.109893
[2]0.0336848
[3]0.0149718
[4]0.00686363
[5]0.00338177
[6]0.00186944
[7]0.0011273
[8]0.000714543
[9]0.000465081
[10]0.000307103
[11]0.000204473
[12]0.000136824
[13]9.18452e-05
[14]6.17783e-05
[15]4.161e-05
[16]2.80509e-05
[17]1.89214e-05
[18]1.27683e-05
[19]8.61845e-06
[20]5.81841e-06
[21]3.92854e-06
[22]2.65274e-06
[23]1.79136e-06
[24]1.20972e-06
[25]8.16959e-07
[26]5.51725e-07
[27]3.72606e-07
[28]2.51642e-07
[29]1.69952e-07
[30]1.14785e-07
[31]7.75359e-08
Total Elapsed Time: 1903
