Running without mySQLdb library
parsing sam file/likelihood score/reads and mapped genomes...
EM iteration...
(Genomes,Reads)=3824x180211
Delta Change:
writing initial alignment ...
[0]1.99376
[1]0.820378
[2]0.224974
[3]0.00938196
[4]0.000970508
[5]0.000459184
[6]0.000230746
[7]0.000125856
[8]7.34968e-05
[9]4.42403e-05
[10]2.69154e-05
[11]1.64881e-05
[12]1.01435e-05
[13]6.25674e-06
[14]3.8655e-06
[15]2.39053e-06
[16]1.47928e-06
[17]9.1573e-07
[18]5.67005e-07
[19]3.51131e-07
[20]2.17466e-07
[21]1.3469e-07
[22]8.34248e-08
Total Elapsed Time: 514
