Running without mySQLdb library
parsing sam file/likelihood score/reads and mapped genomes...
EM iteration...
(Genomes,Reads)=15669x226335
Delta Change:
writing initial alignment ...
[0]1.99679
[1]0.178115
[2]0.0020487
[3]0.000988278
[4]0.000436376
[5]0.000172657
[6]7.04188e-05
[7]3.24538e-05
[8]1.76913e-05
[9]1.1251e-05
[10]7.96203e-06
[11]6.00949e-06
[12]4.69914e-06
[13]3.74207e-06
[14]3.00814e-06
[15]2.43065e-06
[16]1.97004e-06
[17]1.59987e-06
[18]1.30108e-06
[19]1.05919e-06
[20]8.62964e-07
[21]7.03544e-07
[22]5.73869e-07
[23]4.68289e-07
[24]3.82263e-07
[25]3.12125e-07
[26]2.54914e-07
[27]2.08226e-07
[28]1.70115e-07
[29]1.38997e-07
[30]1.13581e-07
[31]9.2821e-08
Total Elapsed Time: 4593
