Running without mySQLdb library
parsing sam file/likelihood score/reads and mapped genomes...
EM iteration...
(Genomes,Reads)=15424x216150
Delta Change:
writing initial alignment ...
[0]1.99175
[1]0.304536
[2]0.0154423
[3]0.00296689
[4]0.00101701
[5]0.000488349
[6]0.000273441
[7]0.000176005
[8]0.000151294
[9]0.000163466
[10]0.000187012
[11]0.000205523
[12]0.000205878
[13]0.00018421
[14]0.000148635
[15]0.000112188
[16]8.23437e-05
[17]5.98571e-05
[18]4.35959e-05
[19]3.204e-05
[20]2.38394e-05
[21]1.79771e-05
[22]1.37364e-05
[23]1.06264e-05
[24]8.31256e-06
[25]6.56653e-06
[26]5.23121e-06
[27]4.19769e-06
[28]3.38851e-06
[29]2.74879e-06
[30]2.23882e-06
[31]1.82941e-06
[32]1.49879e-06
[33]1.2305e-06
[34]1.01192e-06
[35]8.33278e-07
[36]6.86893e-07
[37]5.66694e-07
[38]4.67834e-07
[39]3.86418e-07
[40]3.193e-07
[41]2.63923e-07
[42]2.18204e-07
[43]1.8044e-07
[44]1.49234e-07
[45]1.2344e-07
[46]1.02113e-07
[47]8.44772e-08
Total Elapsed Time: 3799
