Running without mySQLdb library
parsing sam file/likelihood score/reads and mapped genomes...
EM iteration...
(Genomes,Reads)=6670x147546
Delta Change:
writing initial alignment ...
[0]1.99543
[1]0.454458
[2]0.0115547
[3]0.000347239
[4]0.000154851
[5]7.59974e-05
[6]4.01454e-05
[7]3.11563e-05
[8]2.66362e-05
[9]3.00272e-05
[10]3.1518e-05
[11]3.04775e-05
[12]2.75142e-05
[13]2.34433e-05
[14]1.90597e-05
[15]1.49416e-05
[16]1.13979e-05
[17]8.52496e-06
[18]6.28611e-06
[19]4.58764e-06
[20]3.32361e-06
[21]2.39538e-06
[22]1.72004e-06
[23]1.2319e-06
[24]8.80665e-07
[25]6.28753e-07
[26]4.48485e-07
[27]3.19692e-07
[28]2.2778e-07
[29]1.62239e-07
[30]1.15529e-07
[31]8.2254e-08
Total Elapsed Time: 173
