Running without mySQLdb library
parsing sam file/likelihood score/reads and mapped genomes...
EM iteration...
(Genomes,Reads)=16399x222431
Delta Change:
writing initial alignment ...
[0]1.99591
[1]0.205172
[2]0.240479
[3]0.335254
[4]0.235644
[5]0.0633022
[6]0.00848396
[7]0.0033246
[8]0.00335076
[9]0.00385216
[10]0.0042761
[11]0.00445211
[12]0.00431142
[13]0.00386451
[14]0.00321343
[15]0.00250204
[16]0.00184976
[17]0.00131818
[18]0.000917769
[19]0.000630878
[20]0.00043127
[21]0.000294487
[22]0.000201337
[23]0.000137961
[24]9.47679e-05
[25]6.52471e-05
[26]4.501e-05
[27]3.10988e-05
[28]2.1514e-05
[29]1.48977e-05
[30]1.03239e-05
[31]7.15852e-06
[32]4.96605e-06
[33]3.44645e-06
[34]2.39269e-06
[35]1.66166e-06
[36]1.15436e-06
[37]8.022e-07
[38]5.57674e-07
[39]3.87836e-07
[40]2.6984e-07
[41]1.87838e-07
[42]1.30829e-07
[43]9.11806e-08
Total Elapsed Time: 6045
