Running without mySQLdb library
parsing sam file/likelihood score/reads and mapped genomes...
EM iteration...
(Genomes,Reads)=7146x121380
Delta Change:
writing initial alignment ...
[0]1.98798
[1]0.0494923
[2]0.00271155
[3]0.00143778
[4]0.00118415
[5]0.00101616
[6]0.000861915
[7]0.000715058
[8]0.000580242
[9]0.000462168
[10]0.000363598
[11]0.000285822
[12]0.000229936
[13]0.000198812
[14]0.000200062
[15]0.000250218
[16]0.000375203
[17]0.000567319
[18]0.000609118
[19]0.000268518
[20]3.8592e-05
[21]1.40519e-05
[22]1.02308e-05
[23]7.4974e-06
[24]5.49232e-06
[25]4.02241e-06
[26]2.94532e-06
[27]2.15634e-06
[28]1.57855e-06
[29]1.15549e-06
[30]8.45762e-07
[31]6.19033e-07
[32]4.53071e-07
[33]3.31596e-07
[34]2.42686e-07
[35]1.77614e-07
[36]1.29988e-07
[37]9.51323e-08
Total Elapsed Time: 2578
