Running without mySQLdb library
parsing sam file/likelihood score/reads and mapped genomes...
EM iteration...
(Genomes,Reads)=8618x123200
Delta Change:
writing initial alignment ...
[0]1.98492
[1]0.190731
[2]0.0177016
[3]0.00399915
[4]0.00199088
[5]0.00135246
[6]0.0010075
[7]0.000772503
[8]0.00056658
[9]0.000377481
[10]0.000241684
[11]0.000157026
[12]0.000105118
[13]7.21393e-05
[14]5.02504e-05
[15]3.52588e-05
[16]2.48091e-05
[17]1.7465e-05
[18]1.22886e-05
[19]8.63904e-06
[20]6.06787e-06
[21]4.25853e-06
[22]2.98673e-06
[23]2.09365e-06
[24]1.46702e-06
[25]1.02763e-06
[26]7.19673e-07
[27]5.03918e-07
[28]3.52801e-07
[29]2.46978e-07
[30]1.72886e-07
[31]1.21014e-07
[32]8.47028e-08
Total Elapsed Time: 4670
