Running without mySQLdb library
parsing sam file/likelihood score/reads and mapped genomes...
EM iteration...
(Genomes,Reads)=6869x125160
Delta Change:
writing initial alignment ...
[0]1.98124
[1]0.188632
[2]0.0684451
[3]0.0265493
[4]0.0121389
[5]0.00687742
[6]0.00421088
[7]0.00257032
[8]0.00152857
[9]0.000879186
[10]0.000487961
[11]0.000263792
[12]0.000141741
[13]7.66675e-05
[14]4.17346e-05
[15]2.28009e-05
[16]1.24867e-05
[17]6.84937e-06
[18]3.76145e-06
[19]2.06744e-06
[20]1.13711e-06
[21]6.2575e-07
[22]3.44503e-07
[23]1.89733e-07
[24]1.04525e-07
[25]5.7598e-08
Total Elapsed Time: 1583
