Running without mySQLdb library
parsing sam file/likelihood score/reads and mapped genomes...
EM iteration...
(Genomes,Reads)=10581x212640
Delta Change:
writing initial alignment ...
[0]1.99411
[1]0.520779
[2]0.0382119
[3]0.0072658
[4]0.00488529
[5]0.00387895
[6]0.00328324
[7]0.0028132
[8]0.00236479
[9]0.00194228
[10]0.0015544
[11]0.00121349
[12]0.000926828
[13]0.000695385
[14]0.00051463
[15]0.000376902
[16]0.000273821
[17]0.000197753
[18]0.000142199
[19]0.000101929
[20]7.28982e-05
[21]5.20507e-05
[22]3.71218e-05
[23]2.64528e-05
[24]1.8839e-05
[25]1.34109e-05
[26]9.54405e-06
[27]6.79071e-06
[28]4.83095e-06
[29]3.43642e-06
[30]2.44426e-06
[31]1.73847e-06
[32]1.23644e-06
[33]8.79361e-07
[34]6.25397e-07
[35]4.44774e-07
[36]3.16316e-07
[37]2.24958e-07
[38]1.59986e-07
[39]1.13779e-07
[40]8.09188e-08
Total Elapsed Time: 6640
