Running without mySQLdb library
parsing sam file/likelihood score/reads and mapped genomes...
EM iteration...
(Genomes,Reads)=7182x82340
Delta Change:
writing initial alignment ...
[0]1.99474
[1]0.476979
[2]0.354917
[3]0.213808
[4]0.0734608
[5]0.016185
[6]0.00322388
[7]0.00115485
[8]0.00064544
[9]0.000428336
[10]0.000299729
[11]0.000213593
[12]0.000153876
[13]0.000111739
[14]8.15974e-05
[15]5.98204e-05
[16]4.39776e-05
[17]3.23961e-05
[18]2.39003e-05
[19]1.76521e-05
[20]1.30483e-05
[21]9.65127e-06
[22]7.14209e-06
[23]5.2872e-06
[24]3.91514e-06
[25]2.89976e-06
[26]2.14808e-06
[27]1.5917e-06
[28]1.17956e-06
[29]8.74169e-07
[30]6.47864e-07
[31]4.80158e-07
[32]3.55871e-07
[33]2.63761e-07
[34]1.95494e-07
[35]1.44898e-07
[36]1.07398e-07
[37]7.96044e-08
Total Elapsed Time: 188
