Running without mySQLdb library
parsing sam file/likelihood score/reads and mapped genomes...
EM iteration...
(Genomes,Reads)=14873x210290
Delta Change:
writing initial alignment ...
[0]1.99613
[1]0.163425
[2]0.26889
[3]0.382631
[4]0.278155
[5]0.077864
[6]0.0107424
[7]0.00412644
[8]0.0041223
[9]0.00469635
[10]0.00512636
[11]0.00522389
[12]0.00493395
[13]0.00430787
[14]0.00349448
[15]0.00266478
[16]0.00193979
[17]0.00136881
[18]0.000948587
[19]0.000651828
[20]0.00044692
[21]0.000306839
[22]0.000211296
[23]0.000146009
[24]0.000101227
[25]7.03799e-05
[26]4.90462e-05
[27]3.42411e-05
[28]2.3938e-05
[29]1.67524e-05
[30]1.17326e-05
[31]8.2215e-06
[32]5.76345e-06
[33]4.04147e-06
[34]2.83455e-06
[35]1.98836e-06
[36]1.39492e-06
[37]9.78667e-07
[38]6.86664e-07
[39]4.81804e-07
[40]3.3807e-07
[41]2.3722e-07
[42]1.66457e-07
[43]1.16803e-07
[44]8.19623e-08
Total Elapsed Time: 5760
