Running without mySQLdb library
parsing sam file/likelihood score/reads and mapped genomes...
EM iteration...
(Genomes,Reads)=7827x82790
Delta Change:
writing initial alignment ...
[0]1.99476
[1]0.477021
[2]0.35491
[3]0.213846
[4]0.0735103
[5]0.0162225
[6]0.00323718
[7]0.00115598
[8]0.000642827
[9]0.000424878
[10]0.000296717
[11]0.000211467
[12]0.000152491
[13]0.000110849
[14]8.10408e-05
[15]5.95167e-05
[16]4.38933e-05
[17]3.24633e-05
[18]2.39243e-05
[19]1.75828e-05
[20]1.29854e-05
[21]9.60784e-06
[22]7.11224e-06
[23]5.26667e-06
[24]3.90103e-06
[25]2.89006e-06
[26]2.1414e-06
[27]1.58711e-06
[28]1.1764e-06
[29]8.7199e-07
[30]6.46363e-07
[31]4.79122e-07
[32]3.55157e-07
[33]2.63268e-07
[34]1.95154e-07
[35]1.44663e-07
[36]1.07236e-07
[37]7.94919e-08
Total Elapsed Time: 1699
