Running without mySQLdb library
parsing sam file/likelihood score/reads and mapped genomes...
EM iteration...
(Genomes,Reads)=12758x171190
Delta Change:
writing initial alignment ...
[0]1.99824
[1]0.292966
[2]0.321689
[3]0.191986
[4]0.195314
[5]0.260947
[6]0.216986
[7]0.0695784
[8]0.00858076
[9]0.00142209
[10]0.000485555
[11]0.000207142
[12]9.25386e-05
[13]4.19033e-05
[14]1.90758e-05
[15]8.70423e-06
[16]3.97592e-06
[17]1.817e-06
[18]8.30559e-07
[19]3.7969e-07
[20]1.73583e-07
[21]7.93591e-08
Total Elapsed Time: 758
