Running without mySQLdb library
parsing sam file/likelihood score/reads and mapped genomes...
EM iteration...
(Genomes,Reads)=10596x212640
Delta Change:
writing initial alignment ...
[0]1.99433
[1]0.520799
[2]0.0375629
[3]0.00715425
[4]0.00487987
[5]0.00387117
[6]0.00327556
[7]0.0028117
[8]0.00236716
[9]0.00194582
[10]0.00155783
[11]0.00121639
[12]0.000929154
[13]0.000697217
[14]0.000516016
[15]0.000377868
[16]0.000274498
[17]0.000198241
[18]0.000142549
[19]0.000102181
[20]7.30779e-05
[21]5.2179e-05
[22]3.72134e-05
[23]2.6518e-05
[24]1.88854e-05
[25]1.3444e-05
[26]9.56757e-06
[27]6.80744e-06
[28]4.84286e-06
[29]3.44489e-06
[30]2.45028e-06
[31]1.74275e-06
[32]1.23948e-06
[33]8.81528e-07
[34]6.26938e-07
[35]4.4587e-07
[36]3.17096e-07
[37]2.25512e-07
[38]1.6038e-07
[39]1.14059e-07
[40]8.11174e-08
Total Elapsed Time: 4659
