Running without mySQLdb library
parsing sam file/likelihood score/reads and mapped genomes...
EM iteration...
(Genomes,Reads)=13979x110244
Delta Change:
writing initial alignment ...
[0]1.99562
[1]0.39056
[2]0.252927
[3]0.151842
[4]0.0520928
[5]0.0115398
[6]0.00234827
[7]0.000866988
[8]0.000480787
[9]0.000314053
[10]0.00021742
[11]0.000153986
[12]0.000110331
[13]7.96397e-05
[14]5.7792e-05
[15]4.21049e-05
[16]3.07689e-05
[17]2.25368e-05
[18]1.65362e-05
[19]1.21497e-05
[20]8.93587e-06
[21]6.57729e-06
[22]4.84412e-06
[23]3.56926e-06
[24]2.63081e-06
[25]1.93961e-06
[26]1.43029e-06
[27]1.05487e-06
[28]7.78081e-07
[29]5.74084e-07
[30]4.23578e-07
[31]3.12538e-07
[32]2.30608e-07
[33]1.70156e-07
[34]1.25552e-07
[35]9.26406e-08
Total Elapsed Time: 691
