Running without mySQLdb library
parsing sam file/likelihood score/reads and mapped genomes...
EM iteration...
(Genomes,Reads)=7186x82290
Delta Change:
writing initial alignment ...
[0]1.99579
[1]0.473409
[2]0.360881
[3]0.2129
[4]0.0693136
[5]0.0142487
[6]0.00285931
[7]0.00131815
[8]0.000894858
[9]0.000699666
[10]0.000571335
[11]0.000474611
[12]0.000398075
[13]0.000336134
[14]0.000285311
[15]0.000243271
[16]0.000208079
[17]0.000178453
[18]0.000153395
[19]0.000132113
[20]0.000113974
[21]9.84677e-05
[22]8.51763e-05
[23]7.3758e-05
[24]6.39294e-05
[25]5.5455e-05
[26]4.81373e-05
[27]4.18104e-05
[28]3.6334e-05
[29]3.15892e-05
[30]2.74749e-05
[31]2.39046e-05
[32]2.08044e-05
[33]1.8111e-05
[34]1.57699e-05
[35]1.3734e-05
[36]1.19631e-05
[37]1.0422e-05
[38]9.08064e-06
[39]7.9128e-06
[40]6.89584e-06
[41]6.01009e-06
[42]5.2385e-06
[43]4.56627e-06
[44]3.98053e-06
[45]3.47009e-06
[46]3.02524e-06
[47]2.63752e-06
[48]2.29956e-06
[49]2.00497e-06
Total Elapsed Time: 1692
