Running without mySQLdb library
parsing sam file/likelihood score/reads and mapped genomes...
EM iteration...
(Genomes,Reads)=16722x250670
Delta Change:
writing initial alignment ...
[0]1.98821
[1]0.564946
[2]0.0472128
[3]0.0255442
[4]0.0164197
[5]0.00826989
[6]0.00462209
[7]0.00251043
[8]0.00149199
[9]0.00105317
[10]0.000774943
[11]0.000576631
[12]0.000435051
[13]0.000333576
[14]0.000259932
[15]0.000205509
[16]0.000164463
[17]0.000132892
[18]0.000108282
[19]8.87387e-05
[20]7.30069e-05
[21]6.02396e-05
[22]4.98136e-05
[23]4.12775e-05
[24]3.42485e-05
[25]2.84391e-05
[26]2.36297e-05
[27]1.9643e-05
[28]1.6335e-05
[29]1.3588e-05
[30]1.13056e-05
[31]9.40832e-06
[32]7.83057e-06
[33]6.51816e-06
[34]5.42623e-06
[35]4.51757e-06
[36]3.7613e-06
[37]3.13179e-06
[38]2.60775e-06
[39]2.17147e-06
[40]1.80823e-06
[41]1.50579e-06
[42]1.25396e-06
[43]1.04426e-06
[44]8.69636e-07
[45]7.24224e-07
[46]6.03131e-07
[47]5.02289e-07
[48]4.18311e-07
[49]3.48374e-07
Total Elapsed Time: 3327
