Running without mySQLdb library
parsing sam file/likelihood score/reads and mapped genomes...
EM iteration...
(Genomes,Reads)=16088x209720
Delta Change:
writing initial alignment ...
[0]1.99307
[1]0.201465
[2]0.075783
[3]0.0808595
[4]0.078056
[5]0.0696196
[6]0.0598496
[7]0.0549548
[8]0.0555981
[9]0.0557901
[10]0.052212
[11]0.0433774
[12]0.0318672
[13]0.0211592
[14]0.0133913
[15]0.00857429
[16]0.00578149
[17]0.00415696
[18]0.0031664
[19]0.00252224
[20]0.00207741
[21]0.0017529
[22]0.00150607
[23]0.0013125
[24]0.00115703
[25]0.00102975
[26]0.000923903
[27]0.000834693
[28]0.000758646
[29]0.000693175
[30]0.000636313
[31]0.000586545
[32]0.000542683
[33]0.000503784
[34]0.000469091
[35]0.000437991
[36]0.00040998
[37]0.000384644
[38]0.000361636
[39]0.000340665
[40]0.000321488
[41]0.000303895
[42]0.000287709
[43]0.000272777
[44]0.000258966
[45]0.000246163
[46]0.000234267
[47]0.00022319
[48]0.000212857
[49]0.000203199
Total Elapsed Time: 3186
