Running without mySQLdb library
parsing sam file/likelihood score/reads and mapped genomes...
EM iteration...
(Genomes,Reads)=9284x207180
Delta Change:
writing initial alignment ...
[0]1.99605
[1]0.126978
[2]0.0803968
[3]0.101855
[4]0.121811
[5]0.124362
[6]0.12371
[7]0.132694
[8]0.09871
[9]0.0351903
[10]0.0140763
[11]0.0164718
[12]0.0233662
[13]0.0339978
[14]0.0490947
[15]0.0688382
[16]0.0903827
[17]0.104317
[18]0.0968756
[19]0.0671349
[20]0.0348591
[21]0.0149079
[22]0.0058503
[23]0.00225208
[24]0.000877109
[25]0.00034667
[26]0.000139032
[27]5.64969e-05
[28]2.32298e-05
[29]9.65278e-06
[30]4.04955e-06
[31]1.71361e-06
[32]7.30893e-07
[33]3.13895e-07
[34]1.35625e-07
[35]5.8909e-08
Total Elapsed Time: 3290
