Running without mySQLdb library
parsing sam file/likelihood score/reads and mapped genomes...
EM iteration...
(Genomes,Reads)=10518x220300
Delta Change:
writing initial alignment ...
[0]1.99372
[1]0.50737
[2]0.0401033
[3]0.00892899
[4]0.00585153
[5]0.00469169
[6]0.00386098
[7]0.00305428
[8]0.00228776
[9]0.00162584
[10]0.00110725
[11]0.000730761
[12]0.000473008
[13]0.000302689
[14]0.000191948
[15]0.000121217
[16]7.6357e-05
[17]4.80115e-05
[18]3.01588e-05
[19]1.89447e-05
[20]1.19058e-05
[21]7.48271e-06
[22]4.70375e-06
[23]2.95769e-06
[24]1.8604e-06
[25]1.17063e-06
[26]7.36891e-07
[27]4.64046e-07
[28]2.92347e-07
[29]1.84301e-07
[30]1.16248e-07
[31]7.3354e-08
Total Elapsed Time: 3708
