Running without mySQLdb library
parsing sam file/likelihood score/reads and mapped genomes...
EM iteration...
(Genomes,Reads)=15936x219582
Delta Change:
writing initial alignment ...
[0]1.99429
[1]0.501802
[2]0.0380417
[3]0.00985578
[4]0.00757341
[5]0.00587645
[6]0.00419447
[7]0.00274219
[8]0.00167181
[9]0.000970328
[10]0.000545158
[11]0.000302157
[12]0.00016767
[13]9.57767e-05
[14]6.03748e-05
[15]4.82652e-05
[16]5.29403e-05
[17]6.16528e-05
[18]4.28303e-05
[19]1.02936e-05
[20]2.06402e-06
[21]1.19817e-06
[22]7.72154e-07
[23]5.09185e-07
[24]3.4273e-07
[25]2.34783e-07
[26]1.63197e-07
[27]1.14775e-07
[28]8.14673e-08
Total Elapsed Time: 2925
