Running without mySQLdb library
parsing sam file/likelihood score/reads and mapped genomes...
EM iteration...
(Genomes,Reads)=13531x201330
Delta Change:
writing initial alignment ...
[0]1.99163
[1]0.247374
[2]0.110014
[3]0.0382322
[4]0.00939295
[5]0.00270125
[6]0.00117779
[7]0.000654766
[8]0.000395674
[9]0.00024497
[10]0.000153748
[11]9.76896e-05
[12]6.24471e-05
[13]4.00603e-05
[14]2.57597e-05
[15]1.65905e-05
[16]1.06966e-05
[17]6.90162e-06
[18]4.4553e-06
[19]2.8771e-06
[20]1.8584e-06
[21]1.20059e-06
[22]7.75764e-07
[23]5.01369e-07
[24]3.24031e-07
[25]2.09419e-07
[26]1.35351e-07
[27]8.74806e-08
Total Elapsed Time: 2558
