Running without mySQLdb library
parsing sam file/likelihood score/reads and mapped genomes...
EM iteration...
(Genomes,Reads)=10511x215270
Delta Change:
writing initial alignment ...
[0]1.995
[1]0.503553
[2]0.0420036
[3]0.00615758
[4]0.00425412
[5]0.00368429
[6]0.00324917
[7]0.0027939
[8]0.00231521
[9]0.00185604
[10]0.00143991
[11]0.00108606
[12]0.000800968
[13]0.000580601
[14]0.000415461
[15]0.000294492
[16]0.000207323
[17]0.000145245
[18]0.000101404
[19]7.0644e-05
[20]4.91287e-05
[21]3.41236e-05
[22]2.36806e-05
[23]1.64232e-05
[24]1.13849e-05
[25]7.88972e-06
[26]5.46632e-06
[27]3.78666e-06
[28]2.6228e-06
[29]1.81651e-06
[30]1.258e-06
[31]8.71176e-07
[32]6.03275e-07
[33]4.17747e-07
[34]2.8927e-07
[35]2.00302e-07
[36]1.38696e-07
[37]9.60372e-08
Total Elapsed Time: 3823
