Running without mySQLdb library
parsing sam file/likelihood score/reads and mapped genomes...
EM iteration...
(Genomes,Reads)=14278x210020
Delta Change:
writing initial alignment ...
[0]1.9963
[1]0.163617
[2]0.26918
[3]0.383194
[4]0.278575
[5]0.0779817
[6]0.0107586
[7]0.00413269
[8]0.00412854
[9]0.00470346
[10]0.00513412
[11]0.00523178
[12]0.00494139
[13]0.00431436
[14]0.00349974
[15]0.00266879
[16]0.0019427
[17]0.00137086
[18]0.000950011
[19]0.000652806
[20]0.00044759
[21]0.000307299
[22]0.000211613
[23]0.000146228
[24]0.000101379
[25]7.04854e-05
[26]4.91197e-05
[27]3.42924e-05
[28]2.39739e-05
[29]1.67775e-05
[30]1.17501e-05
[31]8.23381e-06
[32]5.77208e-06
[33]4.04751e-06
[34]2.83879e-06
[35]1.99133e-06
[36]1.397e-06
[37]9.8013e-07
[38]6.8769e-07
[39]4.82523e-07
[40]3.38575e-07
[41]2.37574e-07
[42]1.66706e-07
[43]1.16977e-07
[44]8.20844e-08
Total Elapsed Time: 4380
