Running without mySQLdb library
parsing sam file/likelihood score/reads and mapped genomes...
EM iteration...
(Genomes,Reads)=10296x129831
Delta Change:
writing initial alignment ...
[0]1.99556
[1]0.206651
[2]0.0129039
[3]0.00225265
[4]0.000602469
[5]0.000287923
[6]0.000175921
[7]0.000115371
[8]7.69625e-05
[9]5.12812e-05
[10]3.39733e-05
[11]2.23756e-05
[12]1.46672e-05
[13]9.58039e-06
[14]6.24199e-06
[15]4.05977e-06
[16]2.63731e-06
[17]1.71187e-06
[18]1.11057e-06
[19]7.20228e-07
[20]4.66973e-07
[21]3.02726e-07
[22]1.9623e-07
[23]1.27191e-07
[24]8.24385e-08
Total Elapsed Time: 886
