Running without mySQLdb library
parsing sam file/likelihood score/reads and mapped genomes...
EM iteration...
(Genomes,Reads)=13982x231540
Delta Change:
writing initial alignment ...
[0]1.98797
[1]0.201727
[2]0.024284
[3]0.011662
[4]0.0053945
[5]0.00257288
[6]0.00162972
[7]0.00108133
[8]0.000556646
[9]0.000266034
[10]0.000168415
[11]0.000118306
[12]0.000103264
[13]0.000109459
[14]0.000107331
[15]8.27622e-05
[16]4.88586e-05
[17]2.93417e-05
[18]1.87297e-05
[19]1.19924e-05
[20]7.68037e-06
[21]4.92046e-06
[22]3.15303e-06
[23]2.02088e-06
[24]1.29565e-06
[25]8.3085e-07
[26]5.32895e-07
[27]3.4186e-07
[28]2.19352e-07
[29]1.40775e-07
[30]9.03698e-08
Total Elapsed Time: 2912
