Running without mySQLdb library
parsing sam file/likelihood score/reads and mapped genomes...
EM iteration...
(Genomes,Reads)=5634x140496
Delta Change:
writing initial alignment ...
[0]1.99696
[1]0.455
[2]0.0115401
[3]0.000330339
[4]0.000143394
[5]7.25567e-05
[6]3.94921e-05
[7]3.10318e-05
[8]2.66449e-05
[9]3.00748e-05
[10]3.15754e-05
[11]3.05347e-05
[12]2.75662e-05
[13]2.34877e-05
[14]1.90958e-05
[15]1.49699e-05
[16]1.14195e-05
[17]8.54111e-06
[18]6.29801e-06
[19]4.59633e-06
[20]3.32991e-06
[21]2.39991e-06
[22]1.7233e-06
[23]1.23423e-06
[24]8.82333e-07
[25]6.29944e-07
[26]4.49335e-07
[27]3.20298e-07
[28]2.28211e-07
[29]1.62546e-07
[30]1.15748e-07
[31]8.24098e-08
Total Elapsed Time: 491
