Running without mySQLdb library
parsing sam file/likelihood score/reads and mapped genomes...
EM iteration...
(Genomes,Reads)=10644x213140
Delta Change:
writing initial alignment ...
[0]1.9938
[1]0.52082
[2]0.0376268
[3]0.00717718
[4]0.00488855
[5]0.00387713
[6]0.00328233
[7]0.00281655
[8]0.00236952
[9]0.0019468
[10]0.00155816
[11]0.00121644
[12]0.000929082
[13]0.00069709
[14]0.000515913
[15]0.000377865
[16]0.000274543
[17]0.000198296
[18]0.000142608
[19]0.000102239
[20]7.31335e-05
[21]5.22304e-05
[22]3.72598e-05
[23]2.65592e-05
[24]1.89215e-05
[25]1.34753e-05
[26]9.59454e-06
[27]6.83051e-06
[28]4.86249e-06
[29]3.46152e-06
[30]2.46434e-06
[31]1.75459e-06
[32]1.24943e-06
[33]8.8987e-07
[34]6.33923e-07
[35]4.51711e-07
[36]3.21974e-07
[37]2.29583e-07
[38]1.63774e-07
[39]1.16887e-07
[40]8.34715e-08
Total Elapsed Time: 8000
