Running without mySQLdb library
parsing sam file/likelihood score/reads and mapped genomes...
EM iteration...
(Genomes,Reads)=5915x213570
Delta Change:
writing initial alignment ...
[0]1.98728
[1]0.18379
[2]0.0759274
[3]0.0879591
[4]0.089459
[5]0.07819
[6]0.0659743
[7]0.0554055
[8]0.0517663
[9]0.0509012
[10]0.0489095
[11]0.0447098
[12]0.0382277
[13]0.0305471
[14]0.022961
[15]0.0164536
[16]0.0114291
[17]0.00781733
[18]0.0053264
[19]0.00364109
[20]0.00250528
[21]0.00173645
[22]0.00121179
[23]0.000850541
[24]0.000599753
[25]0.000424435
[26]0.000301194
[27]0.000214188
[28]0.000152567
[29]0.000108812
[30]7.76857e-05
[31]5.55107e-05
[32]3.96954e-05
[33]2.8406e-05
[34]2.03408e-05
[35]1.4575e-05
[36]1.04506e-05
[37]7.49858e-06
[38]5.38443e-06
[39]3.86944e-06
[40]2.78312e-06
[41]2.00365e-06
[42]1.44396e-06
[43]1.04176e-06
[44]7.52495e-07
[45]5.44254e-07
[46]3.94194e-07
[47]2.85941e-07
[48]2.07755e-07
[49]1.51212e-07
Total Elapsed Time: 3436
