Running without mySQLdb library
parsing sam file/likelihood score/reads and mapped genomes...
EM iteration...
(Genomes,Reads)=6737x121590
Delta Change:
writing initial alignment ...
[0]1.9873
[1]0.169432
[2]0.0123788
[3]0.00311308
[4]0.00203789
[5]0.0014312
[6]0.000937767
[7]0.000574054
[8]0.000336209
[9]0.000194157
[10]0.000116614
[11]8.21356e-05
[12]8.11645e-05
[13]0.000116115
[14]0.000200398
[15]0.000336946
[16]0.0004108
[17]0.000215935
[18]2.54274e-05
[19]6.56022e-07
[20]2.30707e-07
[21]1.24858e-07
[22]6.75777e-08
Total Elapsed Time: 1620
