Running without mySQLdb library
parsing sam file/likelihood score/reads and mapped genomes...
EM iteration...
(Genomes,Reads)=14070x210470
Delta Change:
writing initial alignment ...
[0]1.99572
[1]0.163688
[2]0.269164
[3]0.38314
[4]0.278541
[5]0.0779847
[6]0.0107655
[7]0.00413497
[8]0.00412863
[9]0.00470267
[10]0.00513295
[11]0.00523048
[12]0.00494013
[13]0.00431325
[14]0.00349884
[15]0.00266813
[16]0.00194227
[17]0.0013706
[18]0.000949823
[19]0.000652643
[20]0.000447472
[21]0.000307218
[22]0.000211557
[23]0.000146189
[24]0.000101352
[25]7.04668e-05
[26]4.91067e-05
[27]3.42833e-05
[28]2.39675e-05
[29]1.6773e-05
[30]1.1747e-05
[31]8.23163e-06
[32]5.77055e-06
[33]4.04644e-06
[34]2.83804e-06
[35]1.9908e-06
[36]1.39663e-06
[37]9.79871e-07
[38]6.87509e-07
[39]4.82396e-07
[40]3.38485e-07
[41]2.37511e-07
[42]1.66661e-07
[43]1.16946e-07
[44]8.20629e-08
Total Elapsed Time: 6601
