Running without mySQLdb library
parsing sam file/likelihood score/reads and mapped genomes...
EM iteration...
(Genomes,Reads)=5878x163550
Delta Change:
writing initial alignment ...
[0]1.99655
[1]0.454482
[2]0.0115456
[3]0.000353352
[4]0.00015153
[5]8.58133e-05
[6]6.3032e-05
[7]5.04555e-05
[8]4.83957e-05
[9]4.01198e-05
[10]3.02588e-05
[11]2.15445e-05
[12]1.48563e-05
[13]1.00356e-05
[14]6.6955e-06
[15]4.43364e-06
[16]2.92244e-06
[17]1.92088e-06
[18]1.26036e-06
[19]8.26059e-07
[20]5.41046e-07
[21]3.54223e-07
[22]2.31852e-07
[23]1.51735e-07
[24]9.9296e-08
Total Elapsed Time: 2987
