Running without mySQLdb library
parsing sam file/likelihood score/reads and mapped genomes...
EM iteration...
(Genomes,Reads)=9819x210460
Delta Change:
writing initial alignment ...
[0]1.9964
[1]0.129137
[2]0.0768096
[3]0.0995508
[4]0.137119
[5]0.150154
[6]0.158733
[7]0.173876
[8]0.144383
[9]0.0937416
[10]0.051902
[11]0.023996
[12]0.0100468
[13]0.00400913
[14]0.00158431
[15]0.000629844
[16]0.000256812
[17]0.000106385
[18]4.46495e-05
[19]1.89616e-05
[20]8.14e-06
[21]3.52903e-06
[22]1.5438e-06
[23]6.80902e-07
[24]3.02531e-07
[25]1.35231e-07
[26]6.07287e-08
Total Elapsed Time: 6164
