Running without mySQLdb library
parsing sam file/likelihood score/reads and mapped genomes...
EM iteration...
(Genomes,Reads)=15230x236420
Delta Change:
writing initial alignment ...
[0]1.99077
[1]0.378355
[2]0.0791044
[3]0.0189232
[4]0.00508838
[5]0.00221989
[6]0.00132038
[7]0.000905958
[8]0.000648753
[9]0.000467747
[10]0.000337302
[11]0.000243263
[12]0.000175675
[13]0.000127067
[14]9.20568e-05
[15]6.67851e-05
[16]4.8504e-05
[17]3.5257e-05
[18]2.56468e-05
[19]1.86654e-05
[20]1.35899e-05
[21]9.89772e-06
[22]7.21059e-06
[23]5.25419e-06
[24]3.82937e-06
[25]2.79142e-06
[26]2.03513e-06
[27]1.48397e-06
[28]1.08222e-06
[29]7.89342e-07
[30]5.75795e-07
[31]4.2007e-07
[32]3.06497e-07
[33]2.23655e-07
[34]1.63221e-07
[35]1.19129e-07
[36]8.6957e-08
Total Elapsed Time: 3557
