Running without mySQLdb library
parsing sam file/likelihood score/reads and mapped genomes...
EM iteration...
(Genomes,Reads)=17352x220094
Delta Change:
writing initial alignment ...
[0]1.99506
[1]0.456927
[2]0.0309073
[3]0.00582207
[4]0.00390443
[5]0.00308657
[6]0.00261664
[7]0.00225461
[8]0.00190807
[9]0.00157858
[10]0.00127222
[11]0.000999942
[12]0.000768906
[13]0.000580899
[14]0.000432677
[15]0.000318753
[16]0.000232888
[17]0.00016911
[18]0.000122243
[19]8.80734e-05
[20]6.33031e-05
[21]4.54206e-05
[22]3.25492e-05
[23]2.33044e-05
[24]1.66746e-05
[25]1.19254e-05
[26]8.52603e-06
[27]6.09423e-06
[28]4.35529e-06
[29]3.11216e-06
[30]2.22367e-06
[31]1.58874e-06
[32]1.13505e-06
[33]8.10892e-07
[34]5.793e-07
[35]4.13846e-07
[36]2.95644e-07
[37]2.11201e-07
[38]1.50876e-07
[39]1.07781e-07
[40]7.69961e-08
Total Elapsed Time: 8067
