Running without mySQLdb library
parsing sam file/likelihood score/reads and mapped genomes...
EM iteration...
(Genomes,Reads)=10642x215820
Delta Change:
writing initial alignment ...
[0]1.99488
[1]0.513389
[2]0.0421685
[3]0.0073956
[4]0.00508536
[5]0.00437088
[6]0.00375087
[7]0.00310354
[8]0.00246174
[9]0.00187687
[10]0.00138437
[11]0.000992482
[12]0.00069645
[13]0.000480447
[14]0.000327491
[15]0.000221347
[16]0.000148721
[17]9.95198e-05
[18]6.64115e-05
[19]4.42401e-05
[20]2.94367e-05
[21]1.95687e-05
[22]1.30005e-05
[23]8.63306e-06
[24]5.73104e-06
[25]3.80371e-06
[26]2.52414e-06
[27]1.67482e-06
[28]1.1112e-06
[29]7.37201e-07
[30]4.89061e-07
[31]3.24433e-07
[32]2.15218e-07
[33]1.42768e-07
[34]9.47054e-08
Total Elapsed Time: 3764
