Running without mySQLdb library
parsing sam file/likelihood score/reads and mapped genomes...
EM iteration...
(Genomes,Reads)=15677x206320
Delta Change:
writing initial alignment ...
[0]1.99615
[1]0.178232
[2]0.00203743
[3]0.00100474
[4]0.000450454
[5]0.000176605
[6]6.96025e-05
[7]3.05868e-05
[8]1.58665e-05
[9]9.76752e-06
[10]6.81238e-06
[11]5.10676e-06
[12]3.97127e-06
[13]3.14407e-06
[14]2.51151e-06
[15]2.01581e-06
[16]1.6225e-06
[17]1.30831e-06
[18]1.05631e-06
[19]8.53661e-07
[20]6.90397e-07
[21]5.58682e-07
[22]4.52306e-07
[23]3.66321e-07
[24]2.96772e-07
[25]2.40486e-07
[26]1.94913e-07
[27]1.58002e-07
[28]1.28097e-07
[29]1.03863e-07
[30]8.42212e-08
Total Elapsed Time: 2468
