Running without mySQLdb library
parsing sam file/likelihood score/reads and mapped genomes...
EM iteration...
(Genomes,Reads)=14938x227977
Delta Change:
writing initial alignment ...
[0]1.98965
[1]0.298163
[2]0.0268284
[3]0.00885852
[4]0.00428306
[5]0.00363029
[6]0.00339636
[7]0.00247073
[8]0.00201857
[9]0.00181183
[10]0.00149022
[11]0.00117642
[12]0.000818773
[13]0.000500957
[14]0.000278888
[15]0.00014655
[16]7.48543e-05
[17]3.78556e-05
[18]1.91785e-05
[19]9.78511e-06
[20]5.04801e-06
[21]2.64036e-06
[22]1.40289e-06
[23]7.58134e-07
[24]4.16958e-07
[25]2.33371e-07
[26]1.32845e-07
[27]7.68316e-08
Total Elapsed Time: 2855
