Running without mySQLdb library
parsing sam file/likelihood score/reads and mapped genomes...
EM iteration...
(Genomes,Reads)=15162x212140
Delta Change:
writing initial alignment ...
[0]1.99683
[1]0.138002
[2]0.186697
[3]0.298674
[4]0.325752
[5]0.184461
[6]0.0535344
[7]0.0104241
[8]0.00355386
[9]0.00223818
[10]0.00163374
[11]0.001104
[12]0.000732232
[13]0.000485956
[14]0.000324993
[15]0.000219447
[16]0.000149557
[17]0.000102738
[18]7.10276e-05
[19]4.93465e-05
[20]3.44101e-05
[21]2.40597e-05
[22]1.68558e-05
[23]1.18255e-05
[24]8.30482e-06
[25]5.8365e-06
[26]4.10388e-06
[27]2.88665e-06
[28]2.03097e-06
[29]1.4292e-06
[30]1.00585e-06
[31]7.07973e-07
[32]4.9834e-07
[33]3.50795e-07
[34]2.46942e-07
[35]1.73839e-07
[36]1.22378e-07
[37]8.61522e-08
Total Elapsed Time: 10102
