Running without mySQLdb library
parsing sam file/likelihood score/reads and mapped genomes...
EM iteration...
(Genomes,Reads)=13862x224120
Delta Change:
writing initial alignment ...
[0]1.98974
[1]0.450906
[2]0.0721749
[3]0.00990726
[4]0.00227268
[5]0.000833209
[6]0.000384847
[7]0.000212599
[8]0.000124444
[9]7.55087e-05
[10]4.75735e-05
[11]3.14941e-05
[12]2.15875e-05
[13]1.31177e-05
[14]7.03058e-06
[15]4.27583e-06
[16]2.76603e-06
[17]1.85166e-06
[18]1.30508e-06
[19]9.88184e-07
[20]8.15736e-07
[21]7.34827e-07
[22]7.1074e-07
[23]7.08737e-07
[24]6.55455e-07
[25]4.31751e-07
[26]1.29402e-07
[27]1.82676e-08
Total Elapsed Time: 3760
