Running without mySQLdb library
parsing sam file/likelihood score/reads and mapped genomes...
EM iteration...
(Genomes,Reads)=15527x220420
Delta Change:
writing initial alignment ...
[0]1.99421
[1]0.498377
[2]0.0417281
[3]0.00655328
[4]0.0051109
[5]0.00416083
[6]0.003682
[7]0.00326975
[8]0.00280599
[9]0.00231876
[10]0.00184807
[11]0.00142767
[12]0.00107528
[13]0.000794354
[14]0.000578578
[15]0.000417209
[16]0.00029877
[17]0.00021296
[18]0.000151335
[19]0.000107339
[20]7.60503e-05
[21]5.38538e-05
[22]3.81308e-05
[23]2.70023e-05
[24]1.91285e-05
[25]1.35572e-05
[26]9.61425e-06
[27]6.82252e-06
[28]4.84486e-06
[29]3.44303e-06
[30]2.44869e-06
[31]1.74289e-06
[32]1.24152e-06
[33]8.85089e-07
[34]6.31503e-07
[35]4.5094e-07
[36]3.22339e-07
[37]2.30612e-07
[38]1.6512e-07
[39]1.18323e-07
[40]8.48559e-08
Total Elapsed Time: 4021
