Running without mySQLdb library
parsing sam file/likelihood score/reads and mapped genomes...
EM iteration...
(Genomes,Reads)=11140x216080
Delta Change:
writing initial alignment ...
[0]1.99533
[1]0.515565
[2]0.0396745
[3]0.00741082
[4]0.00513578
[5]0.00438058
[6]0.00374054
[7]0.00304703
[8]0.00236222
[9]0.00174841
[10]0.00124537
[11]0.000865465
[12]0.000589046
[13]0.000395041
[14]0.00026305
[15]0.000173972
[16]0.00011462
[17]7.53976e-05
[18]4.95082e-05
[19]3.24925e-05
[20]2.1312e-05
[21]1.39739e-05
[22]9.16095e-06
[23]6.00547e-06
[24]3.93704e-06
[25]2.58124e-06
[26]1.69253e-06
[27]1.10996e-06
[28]7.2821e-07
[29]4.77912e-07
[30]3.1368e-07
[31]2.05909e-07
[32]1.3518e-07
[33]8.87557e-08
Total Elapsed Time: 3626
