Running without mySQLdb library
parsing sam file/likelihood score/reads and mapped genomes...
EM iteration...
(Genomes,Reads)=11050x215055
Delta Change:
writing initial alignment ...
[0]1.99385
[1]0.52094
[2]0.0413121
[3]0.00782723
[4]0.00509065
[5]0.00400904
[6]0.00334246
[7]0.00282305
[8]0.00235207
[9]0.00192288
[10]0.00153543
[11]0.00119742
[12]0.000914095
[13]0.00068567
[14]0.000507383
[15]0.000371574
[16]0.000269943
[17]0.00019495
[18]0.000140182
[19]0.000100483
[20]7.18638e-05
[21]5.13121e-05
[22]3.65951e-05
[23]2.60774e-05
[24]1.85716e-05
[25]1.32206e-05
[26]9.40862e-06
[27]6.69434e-06
[28]4.7624e-06
[29]3.38765e-06
[30]2.40957e-06
[31]1.7138e-06
[32]1.21889e-06
[33]8.66882e-07
[34]6.16522e-07
[35]4.38463e-07
[36]3.11827e-07
[37]2.21766e-07
[38]1.57716e-07
[39]1.12165e-07
[40]7.97707e-08
Total Elapsed Time: 5523
