Running without mySQLdb library
parsing sam file/likelihood score/reads and mapped genomes...
EM iteration...
(Genomes,Reads)=9650x122200
Delta Change:
writing initial alignment ...
[0]1.98701
[1]0.170951
[2]0.0115034
[3]0.00270902
[4]0.00129459
[5]0.000886892
[6]0.000627837
[7]0.00042399
[8]0.000262116
[9]0.000134865
[10]6.84404e-05
[11]3.89142e-05
[12]2.36178e-05
[13]1.49818e-05
[14]9.7649e-06
[15]6.45871e-06
[16]4.30314e-06
[17]2.87649e-06
[18]1.92532e-06
[19]1.28912e-06
[20]8.63106e-07
[21]5.77766e-07
[22]3.86675e-07
[23]2.58736e-07
[24]1.73101e-07
[25]1.15795e-07
[26]7.74538e-08
Total Elapsed Time: 4897
