Running without mySQLdb library
parsing sam file/likelihood score/reads and mapped genomes...
EM iteration...
(Genomes,Reads)=11480x212460
Delta Change:
writing initial alignment ...
[0]1.99489
[1]0.520068
[2]0.0374328
[3]0.00708026
[4]0.00481924
[5]0.00383321
[6]0.00325712
[7]0.00280255
[8]0.00236165
[9]0.00194198
[10]0.00155498
[11]0.00121422
[12]0.00092748
[13]0.000695908
[14]0.00051503
[15]0.0003772
[16]0.000274039
[17]0.000197911
[18]0.000142312
[19]0.000102011
[20]7.29566e-05
[21]5.20924e-05
[22]3.71516e-05
[23]2.6474e-05
[24]1.88541e-05
[25]1.34217e-05
[26]9.55171e-06
[27]6.79615e-06
[28]4.83483e-06
[29]3.43917e-06
[30]2.44622e-06
[31]1.73986e-06
[32]1.23743e-06
[33]8.80067e-07
[34]6.25898e-07
[35]4.45131e-07
[36]3.1657e-07
[37]2.25139e-07
[38]1.60114e-07
[39]1.13871e-07
[40]8.09841e-08
Total Elapsed Time: 7965
