Running without mySQLdb library
parsing sam file/likelihood score/reads and mapped genomes...
EM iteration...
(Genomes,Reads)=16050x201890
Delta Change:
writing initial alignment ...
[0]1.99217
[1]0.240955
[2]0.107989
[3]0.04122
[4]0.0140706
[5]0.00636823
[6]0.00349357
[7]0.00220694
[8]0.00148121
[9]0.00101836
[10]0.000709658
[11]0.000500976
[12]0.000359437
[13]0.000258609
[14]0.000177848
[15]0.000121559
[16]8.54952e-05
[17]6.03796e-05
[18]4.26529e-05
[19]3.01352e-05
[20]2.12931e-05
[21]1.50465e-05
[22]1.0633e-05
[23]7.51446e-06
[24]5.31075e-06
[25]3.75341e-06
[26]2.65282e-06
[27]1.87498e-06
[28]1.32523e-06
[29]9.36678e-07
[30]6.62055e-07
[31]4.67951e-07
[32]3.30757e-07
[33]2.33786e-07
[34]1.65246e-07
[35]1.168e-07
[36]8.25576e-08
Total Elapsed Time: 2629
