Running without mySQLdb library
parsing sam file/likelihood score/reads and mapped genomes...
EM iteration...
(Genomes,Reads)=10389x199350
Delta Change:
writing initial alignment ...
[0]1.99328
[1]0.22185
[2]0.093987
[3]0.094389
[4]0.0967871
[5]0.0933416
[6]0.0804187
[7]0.072398
[8]0.0673084
[9]0.0590491
[10]0.0467189
[11]0.0326426
[12]0.0205592
[13]0.0121328
[14]0.00698167
[15]0.00402778
[16]0.00236169
[17]0.00141403
[18]0.00086575
[19]0.000538501
[20]0.000330822
[21]0.000202265
[22]0.000126077
[23]7.90392e-05
[24]4.96349e-05
[25]3.12028e-05
[26]1.96289e-05
[27]1.23533e-05
[28]7.77658e-06
[29]4.89631e-06
[30]3.08316e-06
[31]1.94157e-06
[32]1.22272e-06
[33]7.70043e-07
[34]4.84964e-07
[35]3.05428e-07
[36]1.92358e-07
[37]1.21148e-07
[38]7.62993e-08
Total Elapsed Time: 2512
