Running without mySQLdb library
parsing sam file/likelihood score/reads and mapped genomes...
EM iteration...
(Genomes,Reads)=6876x85590
Delta Change:
writing initial alignment ...
[0]1.99553
[1]0.475974
[2]0.366892
[3]0.193745
[4]0.0547295
[5]0.0100319
[6]0.00254857
[7]0.00159047
[8]0.00129205
[9]0.00100273
[10]0.000761548
[11]0.000572292
[12]0.000427043
[13]0.000316997
[14]0.000234381
[15]0.000173095
[16]0.0001275
[17]9.37289e-05
[18]6.88006e-05
[19]5.04565e-05
[20]3.69797e-05
[21]2.70841e-05
[22]1.98267e-05
[23]1.45087e-05
[24]1.06143e-05
[25]7.76368e-06
[26]5.67782e-06
[27]4.15193e-06
[28]3.03587e-06
[29]2.21969e-06
[30]1.62287e-06
[31]1.18649e-06
[32]8.67423e-07
[33]6.3415e-07
[34]4.63605e-07
[35]3.38922e-07
[36]2.4777e-07
[37]1.81132e-07
[38]1.32416e-07
[39]9.68023e-08
Total Elapsed Time: 853
