Running without mySQLdb library
parsing sam file/likelihood score/reads and mapped genomes...
EM iteration...
(Genomes,Reads)=15509x226953
Delta Change:
writing initial alignment ...
[0]1.99728
[1]0.178221
[2]0.00204292
[3]0.000990696
[4]0.000438089
[5]0.000172996
[6]6.98631e-05
[7]3.18214e-05
[8]1.72824e-05
[9]1.11104e-05
[10]8.0178e-06
[11]6.16731e-06
[12]4.89681e-06
[13]3.94869e-06
[14]3.20938e-06
[15]2.62004e-06
[16]2.1448e-06
[17]1.75905e-06
[18]1.44469e-06
[19]1.18778e-06
[20]9.774e-07
[21]8.0484e-07
[22]6.63121e-07
[23]5.46611e-07
[24]4.50743e-07
[25]3.71805e-07
[26]3.06771e-07
[27]2.53166e-07
[28]2.08965e-07
[29]1.72506e-07
[30]1.42425e-07
[31]1.17601e-07
[32]9.71117e-08
Total Elapsed Time: 2035
