Running without mySQLdb library
parsing sam file/likelihood score/reads and mapped genomes...
EM iteration...
(Genomes,Reads)=16227x219607
Delta Change:
writing initial alignment ...
[0]1.99306
[1]0.172685
[2]0.273292
[3]0.380143
[4]0.266906
[5]0.0718696
[6]0.00975832
[7]0.00384489
[8]0.00384892
[9]0.00441733
[10]0.00489653
[11]0.00506584
[12]0.00487417
[13]0.00436261
[14]0.00362712
[15]0.00282393
[16]0.00208756
[17]0.0014875
[18]0.00103553
[19]0.000711727
[20]0.000486455
[21]0.000332103
[22]0.000227001
[23]0.000155505
[24]0.000106786
[25]7.34955e-05
[26]5.06793e-05
[27]3.49994e-05
[28]2.41992e-05
[29]1.67465e-05
[30]1.15967e-05
[31]8.03437e-06
[32]5.56825e-06
[33]3.86006e-06
[34]2.67637e-06
[35]1.85589e-06
[36]1.28705e-06
[37]8.92621e-07
[38]6.19096e-07
[39]4.29399e-07
[40]2.97834e-07
[41]2.06583e-07
[42]1.43291e-07
[43]9.93904e-08
Total Elapsed Time: 5836
