Running without mySQLdb library
parsing sam file/likelihood score/reads and mapped genomes...
EM iteration...
(Genomes,Reads)=6294x163500
Delta Change:
writing initial alignment ...
[0]1.99707
[1]0.456219
[2]0.0116204
[3]0.00034786
[4]0.000150003
[5]7.56091e-05
[6]6.44411e-05
[7]6.10858e-05
[8]5.68156e-05
[9]5.60714e-05
[10]4.62742e-05
[11]3.36382e-05
[12]2.27715e-05
[13]1.48691e-05
[14]9.52941e-06
[15]6.04461e-06
[16]3.81107e-06
[17]2.394e-06
[18]1.50036e-06
[19]9.38925e-07
[20]5.87022e-07
[21]3.66785e-07
[22]2.29085e-07
[23]1.43044e-07
[24]8.93039e-08
Total Elapsed Time: 1610
