Running without mySQLdb library
parsing sam file/likelihood score/reads and mapped genomes...
EM iteration...
(Genomes,Reads)=8014x122330
Delta Change:
writing initial alignment ...
[0]1.98743
[1]0.120957
[2]0.0311509
[3]0.0164712
[4]0.0110109
[5]0.00733091
[6]0.00486379
[7]0.00316894
[8]0.00201853
[9]0.0012576
[10]0.000770512
[11]0.000466883
[12]0.000280882
[13]0.000168247
[14]0.00010052
[15]5.99667e-05
[16]3.57449e-05
[17]2.12978e-05
[18]1.26876e-05
[19]7.55823e-06
[20]4.5034e-06
[21]2.68481e-06
[22]1.60347e-06
[23]9.63123e-07
[24]5.8924e-07
[25]3.81696e-07
[26]2.88479e-07
[27]2.93849e-07
[28]4.189e-07
[29]7.37133e-07
[30]1.41416e-06
[31]2.79195e-06
[32]5.55803e-06
[33]1.10674e-05
[34]2.18437e-05
[35]4.15212e-05
[36]6.86023e-05
[37]7.30979e-05
[38]2.87935e-05
[39]2.07234e-06
[40]8.60059e-09
Total Elapsed Time: 3128
