Running without mySQLdb library
parsing sam file/likelihood score/reads and mapped genomes...
EM iteration...
(Genomes,Reads)=6664x82280
Delta Change:
writing initial alignment ...
[0]1.99539
[1]0.478367
[2]0.359867
[3]0.211345
[4]0.0696063
[5]0.01469
[6]0.00279881
[7]0.000910715
[8]0.000493431
[9]0.000325625
[10]0.000229856
[11]0.000166145
[12]0.000121393
[13]8.92536e-05
[14]6.58998e-05
[15]4.88005e-05
[16]3.62142e-05
[17]2.69145e-05
[18]2.00244e-05
[19]1.49097e-05
[20]1.11075e-05
[21]8.27822e-06
[22]6.17223e-06
[23]4.60342e-06
[24]3.43359e-06
[25]2.56118e-06
[26]1.9105e-06
[27]1.42518e-06
[28]1.06316e-06
[29]7.93114e-07
[30]5.91669e-07
[31]4.41393e-07
[32]3.29287e-07
[33]2.45655e-07
[34]1.83265e-07
[35]1.36721e-07
[36]1.01998e-07
[37]7.60933e-08
Total Elapsed Time: 851
