Running without mySQLdb library
parsing sam file/likelihood score/reads and mapped genomes...
EM iteration...
(Genomes,Reads)=10137x131850
Delta Change:
writing initial alignment ...
[0]1.99564
[1]0.114579
[2]0.0152782
[3]0.0140399
[4]0.0137698
[5]0.0118298
[6]0.00776049
[7]0.00389178
[8]0.00182669
[9]0.000853513
[10]0.000392583
[11]0.000178969
[12]8.13383e-05
[13]3.69474e-05
[14]1.67888e-05
[15]7.63295e-06
[16]3.47203e-06
[17]1.58018e-06
[18]7.19416e-07
[19]3.27577e-07
[20]1.49175e-07
[21]6.79386e-08
Total Elapsed Time: 1177
