Running without mySQLdb library
parsing sam file/likelihood score/reads and mapped genomes...
EM iteration...
(Genomes,Reads)=14328x237040
Delta Change:
writing initial alignment ...
[0]1.99018
[1]0.300328
[2]0.233405
[3]0.12376
[4]0.0415827
[5]0.0115142
[6]0.00454773
[7]0.00209107
[8]0.0010461
[9]0.000558374
[10]0.000306299
[11]0.0001665
[12]9.01658e-05
[13]4.87656e-05
[14]2.63681e-05
[15]1.42612e-05
[16]7.71711e-06
[17]4.17851e-06
[18]2.26402e-06
[19]1.22755e-06
[20]6.66038e-07
[21]3.61795e-07
[22]1.96722e-07
[23]1.07026e-07
[24]5.82584e-08
Total Elapsed Time: 3436
