Running without mySQLdb library
parsing sam file/likelihood score/reads and mapped genomes...
EM iteration...
(Genomes,Reads)=16176x230990
Delta Change:
writing initial alignment ...
[0]1.99693
[1]0.158416
[2]0.0337686
[3]0.0154695
[4]0.0091001
[5]0.00573639
[6]0.00365943
[7]0.00233668
[8]0.00149105
[9]0.000950855
[10]0.000606147
[11]0.000386361
[12]0.000246292
[13]0.000157045
[14]0.000100181
[15]6.39451e-05
[16]4.08471e-05
[17]2.61176e-05
[18]1.67196e-05
[19]1.0719e-05
[20]6.88425e-06
[21]4.431e-06
[22]2.85945e-06
[23]1.85109e-06
[24]1.20282e-06
[25]7.85058e-07
[26]5.15072e-07
[27]3.39991e-07
[28]2.25992e-07
[29]1.51407e-07
[30]1.02336e-07
[31]6.98401e-08
Total Elapsed Time: 1754
