Running without mySQLdb library
parsing sam file/likelihood score/reads and mapped genomes...
EM iteration...
(Genomes,Reads)=14109x210240
Delta Change:
writing initial alignment ...
[0]1.98929
[1]0.227063
[2]0.0532838
[3]0.0345706
[4]0.022593
[5]0.0154471
[6]0.0111517
[7]0.00825288
[8]0.00616308
[9]0.00462773
[10]0.00347583
[11]0.00260353
[12]0.00194324
[13]0.00144553
[14]0.0010722
[15]0.000793433
[16]0.000586062
[17]0.000432275
[18]0.000318496
[19]0.000234472
[20]0.000172509
[21]0.000126862
[22]9.32611e-05
[23]6.85425e-05
[24]5.0366e-05
[25]3.70045e-05
[26]2.71848e-05
[27]1.99694e-05
[28]1.46683e-05
[29]1.0774e-05
[30]7.91336e-06
[31]5.81212e-06
[32]4.26876e-06
[33]3.13518e-06
[34]2.30261e-06
[35]1.69112e-06
[36]1.24202e-06
[37]9.12176e-07
[38]6.69929e-07
[39]4.92014e-07
[40]3.61348e-07
[41]2.65384e-07
[42]1.94904e-07
[43]1.43143e-07
[44]1.05128e-07
[45]7.72083e-08
Total Elapsed Time: 4012
