Running without mySQLdb library
parsing sam file/likelihood score/reads and mapped genomes...
EM iteration...
(Genomes,Reads)=12007x272360
Delta Change:
writing initial alignment ...
[0]1.99536
[1]0.515895
[2]0.250772
[3]0.0498595
[4]0.0214138
[5]0.016914
[6]0.0118823
[7]0.00665002
[8]0.00318067
[9]0.00138504
[10]0.00057603
[11]0.000237251
[12]0.000100224
[13]4.5283e-05
[14]2.30863e-05
[15]1.38873e-05
[16]9.76282e-06
[17]7.63212e-06
[18]6.30855e-06
[19]5.33673e-06
[20]4.54427e-06
[21]3.86622e-06
[22]3.27714e-06
[23]2.76521e-06
[24]2.32279e-06
[25]1.94319e-06
[26]1.6198e-06
[27]1.34609e-06
[28]1.11572e-06
[29]9.22758e-07
[30]7.61781e-07
[31]6.27935e-07
[32]5.16958e-07
[33]4.25153e-07
[34]3.49353e-07
[35]2.86865e-07
[36]2.35417e-07
[37]1.93105e-07
[38]1.58335e-07
[39]1.29784e-07
[40]1.06354e-07
[41]8.71343e-08
Total Elapsed Time: 3247
