Running without mySQLdb library
parsing sam file/likelihood score/reads and mapped genomes...
EM iteration...
(Genomes,Reads)=10368x212140
Delta Change:
writing initial alignment ...
[0]1.995
[1]0.520839
[2]0.0374995
[3]0.00709014
[4]0.00482858
[5]0.00384102
[6]0.00326376
[7]0.00280827
[8]0.00236647
[9]0.00194595
[10]0.00155815
[11]0.0012167
[12]0.000929373
[13]0.000697328
[14]0.000516081
[15]0.000377969
[16]0.000274598
[17]0.000198315
[18]0.000142603
[19]0.000102219
[20]7.31055e-05
[21]5.21987e-05
[22]3.72274e-05
[23]2.6528e-05
[24]1.88925e-05
[25]1.34491e-05
[26]9.5712e-06
[27]6.81002e-06
[28]4.8447e-06
[29]3.44619e-06
[30]2.45121e-06
[31]1.74342e-06
[32]1.23995e-06
[33]8.81862e-07
[34]6.27176e-07
[35]4.4604e-07
[36]3.17216e-07
[37]2.25598e-07
[38]1.60441e-07
[39]1.14103e-07
[40]8.1149e-08
Total Elapsed Time: 5639
