Running without mySQLdb library
parsing sam file/likelihood score/reads and mapped genomes...
EM iteration...
(Genomes,Reads)=8113x162850
Delta Change:
writing initial alignment ...
[0]1.99608
[1]0.451515
[2]0.0113828
[3]0.00033041
[4]0.000142409
[5]8.51298e-05
[6]6.50567e-05
[7]5.37444e-05
[8]5.15423e-05
[9]4.2611e-05
[10]3.20124e-05
[11]2.26893e-05
[12]1.55501e-05
[13]1.04505e-05
[14]6.93598e-06
[15]4.56862e-06
[16]2.99533e-06
[17]1.95821e-06
[18]1.27791e-06
[19]8.33017e-07
[20]5.42635e-07
[21]3.53327e-07
[22]2.30003e-07
[23]1.49702e-07
[24]9.74285e-08
Total Elapsed Time: 164
