Running without mySQLdb library
parsing sam file/likelihood score/reads and mapped genomes...
EM iteration...
(Genomes,Reads)=11697x214410
Delta Change:
writing initial alignment ...
[0]1.99164
[1]0.367833
[2]0.230632
[3]0.110005
[4]0.0359541
[5]0.0144935
[6]0.00786069
[7]0.00573372
[8]0.00351883
[9]0.00198012
[10]0.00106154
[11]0.000553154
[12]0.00028336
[13]0.000143653
[14]7.23662e-05
[15]3.6314e-05
[16]1.81801e-05
[17]9.08889e-06
[18]4.54017e-06
[19]2.2669e-06
[20]1.13159e-06
[21]5.64802e-07
[22]2.81897e-07
[23]1.40699e-07
[24]7.02283e-08
Total Elapsed Time: 2759
