Running without mySQLdb library
parsing sam file/likelihood score/reads and mapped genomes...
EM iteration...
(Genomes,Reads)=10322x212530
Delta Change:
writing initial alignment ...
[0]1.99256
[1]0.250478
[2]0.0819231
[3]0.0788012
[4]0.0860168
[5]0.0803283
[6]0.0571853
[7]0.0349085
[8]0.0287929
[9]0.0278988
[10]0.0296305
[11]0.0323396
[12]0.0354131
[13]0.0385793
[14]0.0415202
[15]0.0438364
[16]0.0450606
[17]0.0447249
[18]0.0425209
[19]0.0384763
[20]0.0330374
[21]0.0269674
[22]0.021069
[23]0.0159159
[24]0.0117593
[25]0.00858778
[26]0.0062499
[27]0.00455692
[28]0.00333828
[29]0.0024598
[30]0.00182306
[31]0.00135824
[32]0.00101645
[33]0.00076345
[34]0.000575089
[35]0.000434191
[36]0.000328394
[37]0.000248716
[38]0.000188568
[39]0.00014308
[40]0.000108631
[41]8.25152e-05
[42]6.27e-05
[43]4.7656e-05
[44]3.62291e-05
[45]2.75465e-05
[46]2.09472e-05
[47]1.59303e-05
[48]1.21158e-05
[49]9.21519e-06
Total Elapsed Time: 2963
