Running without mySQLdb library
parsing sam file/likelihood score/reads and mapped genomes...
EM iteration...
(Genomes,Reads)=10815x212140
Delta Change:
writing initial alignment ...
[0]1.99524
[1]0.519475
[2]0.0378317
[3]0.00752031
[4]0.00519659
[5]0.00408178
[6]0.00344348
[7]0.00295478
[8]0.00249958
[9]0.00205525
[10]0.00164446
[11]0.00128179
[12]0.000977298
[13]0.000731343
[14]0.000539505
[15]0.000393661
[16]0.000284835
[17]0.000204823
[18]0.00014662
[19]0.000104602
[20]7.44494e-05
[21]5.29016e-05
[22]3.75451e-05
[23]2.66232e-05
[24]1.88667e-05
[25]1.33642e-05
[26]9.46343e-06
[27]6.69973e-06
[28]4.74237e-06
[29]3.35647e-06
[30]2.37538e-06
[31]1.68096e-06
[32]1.1895e-06
[33]8.41695e-07
[34]5.95583e-07
[35]4.21434e-07
[36]2.98203e-07
[37]2.11003e-07
[38]1.493e-07
[39]1.0564e-07
[40]7.47473e-08
Total Elapsed Time: 3739
