Running without mySQLdb library
parsing sam file/likelihood score/reads and mapped genomes...
EM iteration...
(Genomes,Reads)=9389x95194
Delta Change:
writing initial alignment ...
[0]1.9944
[1]0.414539
[2]0.324793
[3]0.230848
[4]0.122298
[5]0.0478588
[6]0.0121614
[7]0.00267611
[8]0.000929496
[9]0.000558293
[10]0.000387889
[11]0.000263035
[12]0.00017866
[13]0.000122408
[14]8.47319e-05
[15]5.92386e-05
[16]4.1789e-05
[17]2.97108e-05
[18]2.12646e-05
[19]1.53048e-05
[20]1.10666e-05
[21]8.03276e-06
[22]5.84897e-06
[23]4.26979e-06
[24]3.12347e-06
[25]2.28876e-06
[26]1.6794e-06
[27]1.23389e-06
[28]9.0733e-07
[29]6.67645e-07
[30]4.91541e-07
[31]3.62044e-07
[32]2.66756e-07
[33]1.96603e-07
[34]1.44931e-07
[35]1.0686e-07
[36]7.88005e-08
Total Elapsed Time: 267
