Running without mySQLdb library
parsing sam file/likelihood score/reads and mapped genomes...
EM iteration...
(Genomes,Reads)=13145x224600
Delta Change:
writing initial alignment ...
[0]1.99006
[1]0.329068
[2]0.0558967
[3]0.0280128
[4]0.0173066
[5]0.0104854
[6]0.00713466
[7]0.00551363
[8]0.00453253
[9]0.00388657
[10]0.0034753
[11]0.00321502
[12]0.00304152
[13]0.0029089
[14]0.00278633
[15]0.00265377
[16]0.00250074
[17]0.00233506
[18]0.00214237
[19]0.00192733
[20]0.00169976
[21]0.00147055
[22]0.00124975
[23]0.00104521
[24]0.000861951
[25]0.00070234
[26]0.000566546
[27]0.000453217
[28]0.000360101
[29]0.000284549
[30]0.00022386
[31]0.000175497
[32]0.000137201
[33]0.000107025
[34]8.33415e-05
[35]6.48104e-05
[36]5.03458e-05
[37]3.90767e-05
[38]3.031e-05
[39]2.34979e-05
[40]1.82095e-05
[41]1.41069e-05
[42]1.09258e-05
[43]8.46049e-06
[44]6.55045e-06
[45]5.07101e-06
[46]3.92535e-06
[47]3.0383e-06
[48]2.35157e-06
[49]1.81998e-06
Total Elapsed Time: 3572
