Running without mySQLdb library
parsing sam file/likelihood score/reads and mapped genomes...
EM iteration...
(Genomes,Reads)=10890x212190
Delta Change:
writing initial alignment ...
[0]1.99515
[1]0.520829
[2]0.0375027
[3]0.00709371
[4]0.00482962
[5]0.00384105
[6]0.00326369
[7]0.00280819
[8]0.00236641
[9]0.00194589
[10]0.00155811
[11]0.00121667
[12]0.000929348
[13]0.000697309
[14]0.000516067
[15]0.000377959
[16]0.000274591
[17]0.00019831
[18]0.000142599
[19]0.000102216
[20]7.31035e-05
[21]5.21973e-05
[22]3.72264e-05
[23]2.65273e-05
[24]1.8892e-05
[25]1.34487e-05
[26]9.57094e-06
[27]6.80984e-06
[28]4.84456e-06
[29]3.4461e-06
[30]2.45115e-06
[31]1.74337e-06
[32]1.23992e-06
[33]8.81839e-07
[34]6.27159e-07
[35]4.46027e-07
[36]3.17207e-07
[37]2.25592e-07
[38]1.60437e-07
[39]1.141e-07
[40]8.11469e-08
Total Elapsed Time: 6342
