Running without mySQLdb library
parsing sam file/likelihood score/reads and mapped genomes...
EM iteration...
(Genomes,Reads)=6382x169700
Delta Change:
writing initial alignment ...
[0]1.9972
[1]0.45861
[2]0.0152189
[3]0.000626244
[4]0.000435092
[5]0.000323113
[6]0.000230357
[7]0.000180323
[8]0.000134079
[9]9.96325e-05
[10]7.37839e-05
[11]5.43913e-05
[12]3.99455e-05
[13]2.92561e-05
[14]2.13853e-05
[15]1.56102e-05
[16]1.13833e-05
[17]8.295e-06
[18]6.04143e-06
[19]4.39846e-06
[20]3.20144e-06
[21]2.32972e-06
[22]1.69512e-06
[23]1.23326e-06
[24]8.97166e-07
[25]6.52633e-07
[26]4.74732e-07
[27]3.45314e-07
[28]2.51172e-07
[29]1.82693e-07
[30]1.32883e-07
[31]9.66521e-08
Total Elapsed Time: 448
