Running without mySQLdb library
parsing sam file/likelihood score/reads and mapped genomes...
EM iteration...
(Genomes,Reads)=21628x329800
Delta Change:
writing initial alignment ...
[0]1.99663
[1]0.116488
[2]0.109067
[3]0.114413
[4]0.0798792
[5]0.0519428
[6]0.0636429
[7]0.0992291
[8]0.12355
[9]0.0939427
[10]0.0958149
[11]0.124778
[12]0.127484
[13]0.0516473
[14]0.00501982
[15]0.000228863
[16]4.08727e-05
[17]1.45521e-05
[18]5.6297e-06
[19]2.20628e-06
[20]8.6798e-07
[21]3.41972e-07
[22]1.3481e-07
[23]5.31563e-08
Total Elapsed Time: 2215
