Running without mySQLdb library
parsing sam file/likelihood score/reads and mapped genomes...
EM iteration...
(Genomes,Reads)=18497x156833
Delta Change:
writing initial alignment ...
[0]1.9968
[1]0.284876
[2]0.283125
[3]0.268128
[4]0.220575
[5]0.11289
[6]0.0214447
[7]0.0015909
[8]0.000137737
[9]4.32522e-05
[10]2.69169e-05
[11]1.82799e-05
[12]1.25072e-05
[13]8.56417e-06
[14]5.86529e-06
[15]4.01739e-06
[16]2.75188e-06
[17]1.88512e-06
[18]1.2914e-06
[19]8.84691e-07
[20]6.06079e-07
[21]4.15213e-07
[22]2.84457e-07
[23]1.94878e-07
[24]1.33509e-07
[25]9.14662e-08
Total Elapsed Time: 1224
