Running without mySQLdb library
parsing sam file/likelihood score/reads and mapped genomes...
EM iteration...
(Genomes,Reads)=6774x163960
Delta Change:
writing initial alignment ...
[0]1.99599
[1]0.454643
[2]0.0115608
[3]0.000349492
[4]0.000155439
[5]9.22022e-05
[6]6.96235e-05
[7]5.66486e-05
[8]5.39386e-05
[9]4.48294e-05
[10]3.40962e-05
[11]2.4559e-05
[12]1.71548e-05
[13]1.1749e-05
[14]7.95109e-06
[15]5.34232e-06
[16]3.57413e-06
[17]2.38523e-06
[18]1.58968e-06
[19]1.05884e-06
[20]7.05198e-07
[21]4.69783e-07
[22]3.13106e-07
[23]2.08817e-07
[24]1.39371e-07
[25]9.31004e-08
Total Elapsed Time: 1430
