Running without mySQLdb library
parsing sam file/likelihood score/reads and mapped genomes...
EM iteration...
(Genomes,Reads)=6751x82290
Delta Change:
writing initial alignment ...
[0]1.99545
[1]0.476376
[2]0.356312
[3]0.211381
[4]0.0709247
[5]0.0152133
[6]0.00287852
[7]0.000683347
[8]0.000309719
[9]0.000185016
[10]0.000123475
[11]8.56383e-05
[12]6.02845e-05
[13]4.27384e-05
[14]3.04214e-05
[15]2.17087e-05
[16]1.55167e-05
[17]1.11029e-05
[18]7.95034e-06
[19]5.69811e-06
[20]4.08505e-06
[21]2.92885e-06
[22]2.10001e-06
[23]1.50579e-06
[24]1.07974e-06
[25]7.74249e-07
[26]5.55199e-07
[27]3.98127e-07
[28]2.85494e-07
[29]2.04727e-07
[30]1.46809e-07
[31]1.05277e-07
[32]7.54943e-08
Total Elapsed Time: 791
