Running without mySQLdb library
parsing sam file/likelihood score/reads and mapped genomes...
EM iteration...
(Genomes,Reads)=16988x256200
Delta Change:
writing initial alignment ...
[0]1.98945
[1]0.428407
[2]0.102488
[3]0.0562921
[4]0.033789
[5]0.018526
[6]0.00962019
[7]0.00447238
[8]0.00225905
[9]0.00126876
[10]0.000741372
[11]0.000444472
[12]0.00027151
[13]0.000168233
[14]0.000105519
[15]6.70467e-05
[16]4.33622e-05
[17]2.88366e-05
[18]1.98779e-05
[19]1.36521e-05
[20]8.39562e-06
[21]4.95957e-06
[22]3.25697e-06
[23]2.22025e-06
[24]1.53733e-06
[25]1.08157e-06
[26]7.73299e-07
[27]5.61703e-07
[28]4.14188e-07
[29]3.09682e-07
[30]2.3445e-07
[31]1.79443e-07
[32]1.38633e-07
[33]1.07951e-07
[34]8.46099e-08
Total Elapsed Time: 9245
