Running without mySQLdb library
parsing sam file/likelihood score/reads and mapped genomes...
EM iteration...
(Genomes,Reads)=7035x120721
Delta Change:
writing initial alignment ...
[0]1.98498
[1]0.24369
[2]0.0711253
[3]0.0572322
[4]0.065297
[5]0.0755186
[6]0.0734407
[7]0.0539825
[8]0.0293647
[9]0.0126806
[10]0.00481491
[11]0.00173144
[12]0.000613308
[13]0.000219205
[14]8.12673e-05
[15]3.27005e-05
[16]1.52099e-05
[17]8.56206e-06
[18]5.74647e-06
[19]4.33028e-06
[20]3.48893e-06
[21]2.92725e-06
[22]2.46881e-06
[23]2.0712e-06
[24]1.73177e-06
[25]1.44511e-06
[26]1.20433e-06
[27]1.00271e-06
[28]8.34236e-07
[29]6.93654e-07
[30]5.76483e-07
[31]4.78913e-07
[32]3.97724e-07
[33]3.30208e-07
[34]2.74091e-07
[35]2.27467e-07
[36]1.88744e-07
[37]1.56592e-07
[38]1.29903e-07
[39]1.07753e-07
[40]8.93733e-08
Total Elapsed Time: 3164
