Running without mySQLdb library
parsing sam file/likelihood score/reads and mapped genomes...
EM iteration...
(Genomes,Reads)=15461x226903
Delta Change:
writing initial alignment ...
[0]1.99731
[1]0.178221
[2]0.00203997
[3]0.000988061
[4]0.000437274
[5]0.000172907
[6]6.98532e-05
[7]3.18205e-05
[8]1.72826e-05
[9]1.11105e-05
[10]8.01794e-06
[11]6.16743e-06
[12]4.89691e-06
[13]3.94876e-06
[14]3.20944e-06
[15]2.62009e-06
[16]2.14484e-06
[17]1.75908e-06
[18]1.44471e-06
[19]1.1878e-06
[20]9.77418e-07
[21]8.04855e-07
[22]6.63134e-07
[23]5.46621e-07
[24]4.50751e-07
[25]3.71812e-07
[26]3.06777e-07
[27]2.53171e-07
[28]2.08969e-07
[29]1.72509e-07
[30]1.42428e-07
[31]1.17603e-07
[32]9.71135e-08
Total Elapsed Time: 1807
