Running without mySQLdb library
parsing sam file/likelihood score/reads and mapped genomes...
EM iteration...
(Genomes,Reads)=6688x126200
Delta Change:
writing initial alignment ...
[0]1.98423
[1]0.307408
[2]0.151513
[3]0.0468725
[4]0.00877057
[5]0.00229247
[6]0.000910297
[7]0.000452348
[8]0.000251776
[9]0.0001525
[10]0.000101797
[11]8.30015e-05
[12]0.000101104
[13]0.00014308
[14]0.000137353
[15]4.77087e-05
[16]3.93312e-06
[17]9.43172e-07
[18]9.60294e-07
[19]1.4457e-06
[20]2.64126e-06
[21]5.12976e-06
[22]1.00066e-05
[23]1.85991e-05
[24]2.85936e-05
[25]2.51908e-05
[26]6.97746e-06
[27]2.86059e-07
[28]8.63968e-10
Total Elapsed Time: 4052
