Running without mySQLdb library
parsing sam file/likelihood score/reads and mapped genomes...
EM iteration...
(Genomes,Reads)=5909x163510
Delta Change:
writing initial alignment ...
[0]1.99704
[1]0.454492
[2]0.011505
[3]0.000334857
[4]0.000141684
[5]8.07892e-05
[6]6.03075e-05
[7]4.87629e-05
[8]4.72934e-05
[9]3.93654e-05
[10]2.97417e-05
[11]2.11898e-05
[12]1.46124e-05
[13]9.86791e-06
[14]6.58017e-06
[15]4.35432e-06
[16]2.86789e-06
[17]1.88338e-06
[18]1.23457e-06
[19]8.08338e-07
[20]5.28869e-07
[21]3.45857e-07
[22]2.26106e-07
[23]1.47789e-07
[24]9.65862e-08
Total Elapsed Time: 170
