Running without mySQLdb library
parsing sam file/likelihood score/reads and mapped genomes...
EM iteration...
(Genomes,Reads)=12827x214940
Delta Change:
writing initial alignment ...
[0]1.99476
[1]0.509125
[2]0.0329731
[3]0.00582044
[4]0.00393665
[5]0.00312893
[6]0.00265612
[7]0.00228925
[8]0.00193747
[9]0.00160334
[10]0.00129278
[11]0.00101655
[12]0.00078203
[13]0.000591108
[14]0.000440527
[15]0.000324739
[16]0.000237429
[17]0.000172544
[18]0.000124836
[19]9.00316e-05
[20]6.47829e-05
[21]4.65405e-05
[22]3.33984e-05
[23]2.39498e-05
[24]1.71664e-05
[25]1.23012e-05
[26]8.81404e-06
[27]6.31558e-06
[28]4.52591e-06
[29]3.24407e-06
[30]2.32593e-06
[31]1.66824e-06
[32]1.19702e-06
[33]8.59318e-07
[34]6.17234e-07
[35]4.4363e-07
[36]3.19078e-07
[37]2.29676e-07
[38]1.65468e-07
[39]1.19326e-07
[40]8.61449e-08
Total Elapsed Time: 7536
