Running without mySQLdb library
parsing sam file/likelihood score/reads and mapped genomes...
EM iteration...
(Genomes,Reads)=5976x167970
Delta Change:
writing initial alignment ...
[0]1.9971
[1]0.453565
[2]0.0126918
[3]0.000590678
[4]0.000291202
[5]0.00015245
[6]8.29498e-05
[7]6.05483e-05
[8]6.06671e-05
[9]6.58532e-05
[10]7.39893e-05
[11]8.32449e-05
[12]9.10638e-05
[13]9.3778e-05
[14]8.78732e-05
[15]8.21059e-05
[16]6.90798e-05
[17]5.25003e-05
[18]3.67483e-05
[19]2.43777e-05
[20]1.56695e-05
[21]9.8787e-06
[22]6.14946e-06
[23]3.7955e-06
[24]2.32905e-06
[25]1.4235e-06
[26]8.67638e-07
[27]5.2783e-07
[28]3.20682e-07
[29]1.94651e-07
[30]1.18076e-07
[31]7.15933e-08
Total Elapsed Time: 1403
