Running without mySQLdb library
parsing sam file/likelihood score/reads and mapped genomes...
EM iteration...
(Genomes,Reads)=5834x163460
Delta Change:
writing initial alignment ...
[0]1.99706
[1]0.4545
[2]0.0115015
[3]0.000331507
[4]0.000140646
[5]8.06745e-05
[6]6.02948e-05
[7]4.87622e-05
[8]4.72943e-05
[9]3.93664e-05
[10]2.97424e-05
[11]2.11903e-05
[12]1.46127e-05
[13]9.86814e-06
[14]6.58033e-06
[15]4.35443e-06
[16]2.86796e-06
[17]1.88342e-06
[18]1.2346e-06
[19]8.08358e-07
[20]5.28882e-07
[21]3.45865e-07
[22]2.26111e-07
[23]1.47792e-07
[24]9.65885e-08
Total Elapsed Time: 1890
