Running without mySQLdb library
parsing sam file/likelihood score/reads and mapped genomes...
EM iteration...
(Genomes,Reads)=7310x121310
Delta Change:
writing initial alignment ...
[0]1.98825
[1]0.0546136
[2]0.00262337
[3]0.00145061
[4]0.00127669
[5]0.00119033
[6]0.00108759
[7]0.000963098
[8]0.000825735
[9]0.000687893
[10]0.000562054
[11]0.00045963
[12]0.000392208
[13]0.000374544
[14]0.00042142
[15]0.000496106
[16]0.000403972
[17]0.000149283
[18]5.3671e-05
[19]3.65506e-05
[20]2.62191e-05
[21]1.87796e-05
[22]1.34357e-05
[23]9.60458e-06
[24]6.86185e-06
[25]4.90029e-06
[26]3.49842e-06
[27]2.49706e-06
[28]1.78205e-06
[29]1.27163e-06
[30]9.07342e-07
[31]6.47375e-07
[32]4.61874e-07
[33]3.29518e-07
[34]2.35086e-07
[35]1.67713e-07
[36]1.19647e-07
[37]8.53562e-08
Total Elapsed Time: 1984
