Running without mySQLdb library
parsing sam file/likelihood score/reads and mapped genomes...
EM iteration...
(Genomes,Reads)=9796x202550
Delta Change:
writing initial alignment ...
[0]1.99522
[1]0.541256
[2]0.182703
[3]0.030535
[4]0.00304931
[5]0.000300114
[6]3.61666e-05
[7]6.86632e-06
[8]2.27415e-06
[9]1.10628e-06
[10]6.76658e-07
[11]4.77048e-07
[12]3.68401e-07
[13]3.02238e-07
[14]2.59202e-07
[15]2.30221e-07
[16]2.10563e-07
[17]1.97567e-07
[18]1.89682e-07
[19]1.86017e-07
[20]1.86115e-07
[21]1.89843e-07
[22]1.97348e-07
[23]2.09065e-07
[24]2.25758e-07
[25]2.48626e-07
[26]2.79468e-07
[27]3.20953e-07
[28]3.77047e-07
[29]4.53646e-07
[30]5.59459e-07
[31]7.06917e-07
[32]9.11833e-07
[33]1.18699e-06
[34]1.51572e-06
[35]1.78532e-06
[36]1.73852e-06
[37]1.22081e-06
[38]5.74254e-07
[39]1.9516e-07
[40]5.61059e-08
Total Elapsed Time: 3184
