Running without mySQLdb library
parsing sam file/likelihood score/reads and mapped genomes...
EM iteration...
(Genomes,Reads)=11239x203260
Delta Change:
writing initial alignment ...
[0]1.99386
[1]0.176401
[2]0.0958724
[3]0.0976316
[4]0.0763068
[5]0.0389807
[6]0.0293246
[7]0.029254
[8]0.0330586
[9]0.0379518
[10]0.0430024
[11]0.047411
[12]0.0500244
[13]0.0495606
[14]0.0451981
[15]0.0373673
[16]0.0278928
[17]0.0190035
[18]0.0120847
[19]0.00735601
[20]0.00437444
[21]0.00257497
[22]0.00151083
[23]0.000886339
[24]0.000520453
[25]0.000305937
[26]0.000180002
[27]0.000105978
[28]6.24256e-05
[29]3.67828e-05
[30]2.16778e-05
[31]1.27774e-05
[32]7.53194e-06
[33]4.44011e-06
[34]2.61755e-06
[35]1.54314e-06
[36]9.0975e-07
[37]5.36343e-07
[38]3.16203e-07
[39]1.8642e-07
[40]1.09905e-07
[41]6.47957e-08
Total Elapsed Time: 3145
