Running without mySQLdb library
parsing sam file/likelihood score/reads and mapped genomes...
EM iteration...
(Genomes,Reads)=14052x220400
Delta Change:
writing initial alignment ...
[0]1.9906
[1]0.238526
[2]0.011783
[3]0.00317499
[4]0.00129939
[5]0.000649896
[6]0.00038522
[7]0.000257922
[8]0.00017241
[9]0.000115573
[10]7.96114e-05
[11]5.84032e-05
[12]4.51298e-05
[13]3.53173e-05
[14]2.7766e-05
[15]2.18792e-05
[16]1.72748e-05
[17]1.36634e-05
[18]1.08252e-05
[19]8.59198e-06
[20]6.83252e-06
[21]5.44408e-06
[22]4.42802e-06
[23]3.59808e-06
[24]2.94125e-06
[25]2.4112e-06
[26]1.97944e-06
[27]1.63534e-06
[28]1.35211e-06
[29]1.11747e-06
[30]9.23314e-07
[31]7.62815e-07
[32]6.31669e-07
[33]5.23805e-07
[34]4.34319e-07
[35]3.60122e-07
[36]2.98631e-07
[37]2.47688e-07
[38]2.05493e-07
[39]1.70548e-07
[40]1.41609e-07
[41]1.1764e-07
[42]9.77866e-08
Total Elapsed Time: 3758
