Running without mySQLdb library
parsing sam file/likelihood score/reads and mapped genomes...
EM iteration...
(Genomes,Reads)=14040x210410
Delta Change:
writing initial alignment ...
[0]1.99243
[1]0.302769
[2]0.0387027
[3]0.0132964
[4]0.00362698
[5]0.000998065
[6]0.000322138
[7]0.000127923
[8]7.03521e-05
[9]4.91568e-05
[10]3.85724e-05
[11]3.18494e-05
[12]2.69926e-05
[13]2.31785e-05
[14]1.96423e-05
[15]1.56198e-05
[16]1.18432e-05
[17]9.49047e-06
[18]7.88129e-06
[19]6.5627e-06
[20]5.4674e-06
[21]4.55676e-06
[22]3.79911e-06
[23]3.16833e-06
[24]2.64292e-06
[25]2.20508e-06
[26]1.84009e-06
[27]1.53573e-06
[28]1.28186e-06
[29]1.07006e-06
[30]8.93331e-07
[31]7.45841e-07
[32]6.22738e-07
[33]5.19978e-07
[34]4.34192e-07
[35]3.62572e-07
[36]3.02773e-07
[37]2.52844e-07
[38]2.11152e-07
[39]1.76337e-07
[40]1.47265e-07
[41]1.22987e-07
[42]1.02713e-07
[43]8.57813e-08
Total Elapsed Time: 3208
