Running without mySQLdb library
parsing sam file/likelihood score/reads and mapped genomes...
EM iteration...
(Genomes,Reads)=15289x224130
Delta Change:
writing initial alignment ...
[0]1.99007
[1]0.221521
[2]0.0165774
[3]0.00676385
[4]0.00387732
[5]0.00230528
[6]0.00135203
[7]0.000788121
[8]0.000461946
[9]0.000273719
[10]0.000164001
[11]9.92681e-05
[12]6.06287e-05
[13]3.73189e-05
[14]2.31246e-05
[15]1.44104e-05
[16]9.02308e-06
[17]5.6726e-06
[18]3.57832e-06
[19]2.26363e-06
[20]1.43536e-06
[21]9.11947e-07
[22]5.80351e-07
[23]3.6983e-07
[24]2.3594e-07
[25]1.50662e-07
[26]9.62812e-08
Total Elapsed Time: 3308
