Running without mySQLdb library
parsing sam file/likelihood score/reads and mapped genomes...
EM iteration...
(Genomes,Reads)=16449x227403
Delta Change:
writing initial alignment ...
[0]1.99667
[1]0.178772
[2]0.00210185
[3]0.00100124
[4]0.000448502
[5]0.000181876
[6]7.72145e-05
[7]3.80833e-05
[8]2.25839e-05
[9]1.5475e-05
[10]1.1495e-05
[11]8.85488e-06
[12]6.92239e-06
[13]5.44534e-06
[14]4.29867e-06
[15]3.40399e-06
[16]2.70437e-06
[17]2.15607e-06
[18]1.72515e-06
[19]1.38527e-06
[20]1.11613e-06
[21]9.02113e-07
[22]7.31231e-07
[23]5.94243e-07
[24]4.84019e-07
[25]3.9503e-07
[26]3.22965e-07
[27]2.64445e-07
[28]2.16812e-07
[29]1.77958e-07
[30]1.46208e-07
[31]1.20221e-07
[32]9.89224e-08
Total Elapsed Time: 5375
