Running without mySQLdb library
parsing sam file/likelihood score/reads and mapped genomes...
EM iteration...
(Genomes,Reads)=15516x239410
Delta Change:
writing initial alignment ...
[0]1.9971
[1]0.174581
[2]0.0163885
[3]0.00833198
[4]0.00313723
[5]0.00126946
[6]0.000572719
[7]0.000309205
[8]0.000181053
[9]0.000110113
[10]6.80265e-05
[11]4.25689e-05
[12]2.70465e-05
[13]1.75243e-05
[14]1.16353e-05
[15]7.94947e-06
[16]5.60363e-06
[17]4.07754e-06
[18]3.05779e-06
[19]2.35528e-06
[20]1.85541e-06
[21]1.4882e-06
[22]1.21045e-06
[23]9.94783e-07
[24]8.23774e-07
[25]6.85902e-07
[26]5.73338e-07
[27]4.80572e-07
[28]4.03601e-07
[29]3.39425e-07
[30]2.85729e-07
[31]2.40691e-07
[32]2.02851e-07
[33]1.71018e-07
[34]1.44217e-07
[35]1.21637e-07
[36]1.02605e-07
[37]8.65596e-08
Total Elapsed Time: 1875
