Running without mySQLdb library
parsing sam file/likelihood score/reads and mapped genomes...
EM iteration...
(Genomes,Reads)=7106x123130
Delta Change:
writing initial alignment ...
[0]1.98827
[1]0.151671
[2]0.0189568
[3]0.00950769
[4]0.00587885
[5]0.00387003
[6]0.00275519
[7]0.00211915
[8]0.00169042
[9]0.00137379
[10]0.00112689
[11]0.000924968
[12]0.000756973
[13]0.000618724
[14]0.000505142
[15]0.00041154
[16]0.000334641
[17]0.000271632
[18]0.000220147
[19]0.000178186
[20]0.000144062
[21]0.000116365
[22]9.39192e-05
[23]7.57536e-05
[24]6.10687e-05
[25]4.92086e-05
[26]3.96373e-05
[27]3.19182e-05
[28]2.56961e-05
[29]2.06828e-05
[30]1.66449e-05
[31]1.33936e-05
[32]1.07763e-05
[33]8.66962e-06
[34]6.97432e-06
[35]5.61022e-06
[36]4.51272e-06
[37]3.62979e-06
[38]2.91952e-06
[39]2.34817e-06
[40]1.88861e-06
[41]1.51896e-06
[42]1.22164e-06
[43]9.82512e-07
[44]7.90185e-07
[45]6.35501e-07
[46]5.11095e-07
[47]4.11041e-07
[48]3.30573e-07
[49]2.65857e-07
Total Elapsed Time: 2642
