Running without mySQLdb library
parsing sam file/likelihood score/reads and mapped genomes...
EM iteration...
(Genomes,Reads)=10307x197675
Delta Change:
writing initial alignment ...
[0]1.99353
[1]0.0417749
[2]0.010435
[3]0.00797935
[4]0.00585187
[5]0.00356783
[6]0.00183799
[7]0.00103941
[8]0.000770482
[9]0.000645852
[10]0.000595129
[11]0.000556765
[12]0.00052454
[13]0.000496867
[14]0.000472942
[15]0.000452272
[16]0.000434506
[17]0.000419369
[18]0.000406798
[19]0.000396364
[20]0.000387836
[21]0.000381005
[22]0.000375644
[23]0.000371504
[24]0.000368303
[25]0.000365723
[26]0.000363402
[27]0.00036093
[28]0.000357818
[29]0.000353544
[30]0.000347556
[31]0.00033931
[32]0.00032832
[33]0.000314234
[34]0.00029691
[35]0.000276479
[36]0.00025338
[37]0.000228334
[38]0.000202266
[39]0.00017618
[40]0.000151021
[41]0.000127561
[42]0.000106338
[43]8.76399e-05
[44]7.15362e-05
[45]5.79318e-05
[46]4.6624e-05
[47]3.73535e-05
[48]2.98442e-05
[49]2.38302e-05
Total Elapsed Time: 1956
