Running without mySQLdb library
parsing sam file/likelihood score/reads and mapped genomes...
EM iteration...
(Genomes,Reads)=14288x210470
Delta Change:
writing initial alignment ...
[0]1.99477
[1]0.168225
[2]0.267759
[3]0.379766
[4]0.274424
[5]0.0761967
[6]0.0104577
[7]0.00382385
[8]0.00380013
[9]0.00438594
[10]0.00489142
[11]0.00512032
[12]0.00498835
[13]0.00449892
[14]0.00376321
[15]0.00294619
[16]0.00218902
[17]0.00156741
[18]0.00109668
[19]0.000757984
[20]0.000521424
[21]0.000358655
[22]0.000247276
[23]0.000171063
[24]0.000118765
[25]8.27369e-05
[26]5.78152e-05
[27]4.05105e-05
[28]2.8455e-05
[29]2.00323e-05
[30]1.41334e-05
[31]9.99313e-06
[32]7.08148e-06
[33]5.03007e-06
[34]3.58207e-06
[35]2.55804e-06
[36]1.83238e-06
[37]1.31703e-06
[38]9.50143e-07
[39]6.88258e-07
[40]5.00768e-07
[41]3.66097e-07
[42]2.69014e-07
[43]1.9875e-07
[44]1.47673e-07
[45]1.10371e-07
[46]8.29892e-08
Total Elapsed Time: 7083
