Running without mySQLdb library
parsing sam file/likelihood score/reads and mapped genomes...
EM iteration...
(Genomes,Reads)=14097x217742
Delta Change:
writing initial alignment ...
[0]1.98816
[1]0.205934
[2]0.0378652
[3]0.0238119
[4]0.0149625
[5]0.00959839
[6]0.00670713
[7]0.00510826
[8]0.00412397
[9]0.00344373
[10]0.00294828
[11]0.00254539
[12]0.00219792
[13]0.00189616
[14]0.00163362
[15]0.00140614
[16]0.00120865
[17]0.0010372
[18]0.000888884
[19]0.000760882
[20]0.000650655
[21]0.000555918
[22]0.000474626
[23]0.000404965
[24]0.000345343
[25]0.000294363
[26]0.000250809
[27]0.000213628
[28]0.000181906
[29]0.000154857
[30]0.000131802
[31]0.000112159
[32]9.54294e-05
[33]8.11845e-05
[34]6.90583e-05
[35]5.87378e-05
[36]4.99556e-05
[37]4.24836e-05
[38]3.61271e-05
[39]3.07202e-05
[40]2.61213e-05
[41]2.22102e-05
[42]1.8884e-05
[43]1.60556e-05
[44]1.36505e-05
[45]1.16055e-05
[46]9.86667e-06
[47]8.38826e-06
[48]7.13129e-06
[49]6.06262e-06
Total Elapsed Time: 3299
