Running without mySQLdb library
parsing sam file/likelihood score/reads and mapped genomes...
EM iteration...
(Genomes,Reads)=15825x266660
Delta Change:
writing initial alignment ...
[0]1.99668
[1]0.275464
[2]0.116313
[3]0.0360735
[4]0.00985459
[5]0.00341833
[6]0.00152064
[7]0.000800083
[8]0.000460758
[9]0.000275654
[10]0.000168571
[11]0.000103125
[12]6.30504e-05
[13]3.85442e-05
[14]2.35629e-05
[15]1.4405e-05
[16]8.80672e-06
[17]5.38425e-06
[18]3.29187e-06
[19]2.01264e-06
[20]1.23053e-06
[21]7.52353e-07
[22]4.59993e-07
[23]2.81243e-07
[24]1.71954e-07
[25]1.05134e-07
[26]6.42799e-08
Total Elapsed Time: 1552
