Running without mySQLdb library
parsing sam file/likelihood score/reads and mapped genomes...
EM iteration...
(Genomes,Reads)=22189x223746
Delta Change:
writing initial alignment ...
[0]1.99496
[1]0.183129
[2]0.00542258
[3]0.0026304
[4]0.00129621
[5]0.000576227
[6]0.000251572
[7]0.000123563
[8]8.27575e-05
[9]7.88288e-05
[10]7.65126e-05
[11]4.56102e-05
[12]1.18326e-05
[13]3.93153e-06
[14]2.74679e-06
[15]2.09265e-06
[16]1.63927e-06
[17]1.30357e-06
[18]1.045e-06
[19]8.4146e-07
[20]6.7928e-07
[21]5.49174e-07
[22]4.44397e-07
[23]3.59828e-07
[24]2.91474e-07
[25]2.36177e-07
[26]1.91414e-07
[27]1.55163e-07
[28]1.25794e-07
[29]1.01995e-07
[30]8.27063e-08
Total Elapsed Time: 4464
