Running without mySQLdb library
parsing sam file/likelihood score/reads and mapped genomes...
EM iteration...
(Genomes,Reads)=14359x247990
Delta Change:
writing initial alignment ...
[0]1.98824
[1]0.412296
[2]0.176224
[3]0.101737
[4]0.0620419
[5]0.0348683
[6]0.018686
[7]0.00883018
[8]0.00429374
[9]0.00234602
[10]0.00133349
[11]0.000775491
[12]0.000458472
[13]0.000274328
[14]0.000165758
[15]0.000101203
[16]6.27701e-05
[17]4.007e-05
[18]2.67202e-05
[19]1.79143e-05
[20]1.03641e-05
[21]5.26661e-06
[22]3.03781e-06
[23]1.84796e-06
[24]1.12563e-06
[25]6.85698e-07
[26]4.17725e-07
[27]2.54486e-07
[28]1.55041e-07
[29]9.44575e-08
Total Elapsed Time: 13776
