Running without mySQLdb library
parsing sam file/likelihood score/reads and mapped genomes...
EM iteration...
(Genomes,Reads)=7535x122649
Delta Change:
writing initial alignment ...
[0]1.98413
[1]0.151614
[2]0.0326884
[3]0.013931
[4]0.0080958
[5]0.00487529
[6]0.00312919
[7]0.00208042
[8]0.00132092
[9]0.000748423
[10]0.000385556
[11]0.000194243
[12]0.000102603
[13]6.03672e-05
[14]4.28014e-05
[15]3.89061e-05
[16]3.82148e-05
[17]2.44191e-05
[18]8.18183e-06
[19]3.97944e-06
[20]2.75325e-06
[21]1.93621e-06
[22]1.36869e-06
[23]9.72231e-07
[24]6.92809e-07
[25]4.94966e-07
[26]3.54384e-07
[27]2.54193e-07
[28]1.82614e-07
[29]1.31373e-07
[30]9.46315e-08
Total Elapsed Time: 2230
