Running without mySQLdb library
parsing sam file/likelihood score/reads and mapped genomes...
EM iteration...
(Genomes,Reads)=16403x226570
Delta Change:
writing initial alignment ...
[0]1.99659
[1]0.214163
[2]0.00325143
[3]0.000915674
[4]0.000407782
[5]0.000163096
[6]6.56421e-05
[7]2.95167e-05
[8]1.573e-05
[9]1.02386e-05
[10]7.7225e-06
[11]6.16508e-06
[12]5.03702e-06
[13]4.1469e-06
[14]3.41795e-06
[15]2.81322e-06
[16]2.31031e-06
[17]1.89281e-06
[18]1.5473e-06
[19]1.26236e-06
[20]1.02814e-06
[21]8.36189e-07
[22]6.7927e-07
[23]5.51263e-07
[24]4.47024e-07
[25]3.62264e-07
[26]2.93423e-07
[27]2.37566e-07
[28]1.92279e-07
[29]1.55584e-07
[30]1.25866e-07
[31]1.01808e-07
[32]8.2338e-08
Total Elapsed Time: 4197
