Running without mySQLdb library
parsing sam file/likelihood score/reads and mapped genomes...
EM iteration...
(Genomes,Reads)=8448x202530
Delta Change:
writing initial alignment ...
[0]1.99485
[1]0.158851
[2]0.238948
[3]0.356357
[4]0.305976
[5]0.114909
[6]0.0216232
[7]0.00583751
[8]0.00369193
[9]0.00265395
[10]0.00180909
[11]0.00127342
[12]0.000952481
[13]0.000759847
[14]0.000641437
[15]0.000566867
[16]0.000519636
[17]0.000490806
[18]0.000475532
[19]0.00047126
[20]0.000476822
[21]0.000492007
[22]0.000517384
[23]0.000554282
[24]0.000604886
[25]0.00067243
[26]0.000761488
[27]0.000878331
[28]0.00103123
[29]0.00123027
[30]0.0014857
[31]0.00180199
[32]0.00217717
[33]0.00260764
[34]0.00292945
[35]0.0029652
[36]0.00262466
[37]0.00203068
[38]0.00141726
[39]0.000926225
[40]0.000581077
[41]0.000354692
[42]0.000212374
[43]0.000125453
[44]7.34208e-05
[45]4.27011e-05
[46]2.47319e-05
[47]1.42856e-05
[48]8.23721e-06
[49]4.74432e-06
Total Elapsed Time: 8130
