Running without mySQLdb library
parsing sam file/likelihood score/reads and mapped genomes...
EM iteration...
(Genomes,Reads)=11132x209922
Delta Change:
writing initial alignment ...
[0]1.98828
[1]0.32966
[2]0.135208
[3]0.0570245
[4]0.0205502
[5]0.00648277
[6]0.00195596
[7]0.000627401
[8]0.000283321
[9]0.000139432
[10]7.36351e-05
[11]4.4118e-05
[12]2.59073e-05
[13]1.50827e-05
[14]8.75635e-06
[15]5.08561e-06
[16]2.96043e-06
[17]1.72932e-06
[18]1.01456e-06
[19]5.98192e-07
[20]3.54651e-07
[21]2.11521e-07
[22]1.26979e-07
[23]7.67498e-08
Total Elapsed Time: 15971
