Running without mySQLdb library
parsing sam file/likelihood score/reads and mapped genomes...
EM iteration...
(Genomes,Reads)=13703x267860
Delta Change:
writing initial alignment ...
[0]1.99473
[1]0.516793
[2]0.233661
[3]0.0463749
[4]0.0200511
[5]0.0158471
[6]0.011203
[7]0.00637525
[8]0.00314931
[9]0.00145355
[10]0.000666235
[11]0.000317549
[12]0.000162053
[13]8.94289e-05
[14]5.29726e-05
[15]3.31186e-05
[16]2.14719e-05
[17]1.42369e-05
[18]9.56415e-06
[19]6.47244e-06
[20]4.39776e-06
[21]2.9945e-06
[22]2.04128e-06
[23]1.39229e-06
[24]9.49907e-07
[25]6.48186e-07
[26]4.4234e-07
[27]3.01884e-07
[28]2.06038e-07
[29]1.40631e-07
[30]9.59935e-08
Total Elapsed Time: 3375
