Running without mySQLdb library
parsing sam file/likelihood score/reads and mapped genomes...
EM iteration...
(Genomes,Reads)=14032x223130
Delta Change:
writing initial alignment ...
[0]1.99093
[1]0.329313
[2]0.0953935
[3]0.0558951
[4]0.0280779
[5]0.0124887
[6]0.00531407
[7]0.00233887
[8]0.00112709
[9]0.000591388
[10]0.000322795
[11]0.000181376
[12]0.000105487
[13]6.19843e-05
[14]3.57703e-05
[15]2.01636e-05
[16]1.11524e-05
[17]6.07815e-06
[18]3.28089e-06
[19]1.76137e-06
[20]9.43568e-07
[21]5.05728e-07
[22]2.71837e-07
[23]1.46733e-07
[24]7.95674e-08
Total Elapsed Time: 2692
