Running without mySQLdb library
parsing sam file/likelihood score/reads and mapped genomes...
EM iteration...
(Genomes,Reads)=6984x126240
Delta Change:
writing initial alignment ...
[0]1.98177
[1]0.287046
[2]0.01969
[3]0.00505801
[4]0.00199312
[5]0.000784406
[6]0.000664284
[7]0.00063913
[8]0.000607816
[9]0.000570505
[10]0.000532487
[11]0.000502822
[12]0.000494779
[13]0.000514848
[14]0.000504132
[15]0.00034919
[16]0.000199071
[17]0.000148027
[18]0.000117171
[19]9.20709e-05
[20]7.187e-05
[21]5.58072e-05
[22]4.31556e-05
[23]3.32645e-05
[24]2.55762e-05
[25]1.96267e-05
[26]1.50387e-05
[27]1.151e-05
[28]8.80145e-06
[29]6.72575e-06
[30]5.13692e-06
[31]3.92186e-06
[32]2.9933e-06
[33]2.28407e-06
[34]1.74257e-06
[35]1.32927e-06
[36]1.01389e-06
[37]7.7328e-07
[38]5.89733e-07
[39]4.49732e-07
[40]3.42955e-07
[41]2.61523e-07
[42]1.99422e-07
[43]1.52065e-07
[44]1.15953e-07
[45]8.84154e-08
Total Elapsed Time: 1511
