Running without mySQLdb library
parsing sam file/likelihood score/reads and mapped genomes...
EM iteration...
(Genomes,Reads)=15042x209520
Delta Change:
writing initial alignment ...
[0]1.99592
[1]0.164316
[2]0.270136
[3]0.38365
[4]0.277244
[5]0.0769715
[6]0.010552
[7]0.00384927
[8]0.003825
[9]0.00441667
[10]0.00492733
[11]0.00515881
[12]0.00502606
[13]0.00453259
[14]0.00379042
[15]0.00296602
[16]0.00220209
[17]0.0015751
[18]0.00110052
[19]0.000759291
[20]0.000521178
[21]0.000357536
[22]0.000245729
[23]0.000169363
[24]0.000117078
[25]8.11527e-05
[26]5.63792e-05
[27]3.92394e-05
[28]2.73485e-05
[29]1.90812e-05
[30]1.33235e-05
[31]9.30856e-06
[32]6.50619e-06
[33]4.54885e-06
[34]3.18105e-06
[35]2.22488e-06
[36]1.55628e-06
[37]1.08869e-06
[38]7.61632e-07
[39]5.32847e-07
[40]3.72796e-07
[41]2.60824e-07
[42]1.82486e-07
[43]1.27678e-07
[44]8.93317e-08
Total Elapsed Time: 3913
