Running without mySQLdb library
parsing sam file/likelihood score/reads and mapped genomes...
EM iteration...
(Genomes,Reads)=9390x214560
Delta Change:
writing initial alignment ...
[0]1.99683
[1]0.0938992
[2]0.0545806
[3]0.0887278
[4]0.131291
[5]0.156866
[6]0.145115
[7]0.12178
[8]0.103103
[9]0.0938634
[10]0.082283
[11]0.0565631
[12]0.0298004
[13]0.0131451
[14]0.00529332
[15]0.00205925
[16]0.00079246
[17]0.000304004
[18]0.000116459
[19]4.48735e-05
[20]1.78262e-05
[21]7.23951e-06
[22]3.03914e-06
[23]1.33705e-06
[24]6.25031e-07
[25]3.13329e-07
[26]1.68515e-07
[27]9.63992e-08
Total Elapsed Time: 5174
