Running without mySQLdb library
parsing sam file/likelihood score/reads and mapped genomes...
EM iteration...
(Genomes,Reads)=11132x215190
Delta Change:
writing initial alignment ...
[0]1.99201
[1]0.297021
[2]0.0930496
[3]0.0922699
[4]0.0899188
[5]0.073661
[6]0.0454862
[7]0.0292578
[8]0.0234405
[9]0.0223571
[10]0.0234712
[11]0.0256114
[12]0.0284229
[13]0.0316262
[14]0.0343381
[15]0.036004
[16]0.0360065
[17]0.0338979
[18]0.0297261
[19]0.0241814
[20]0.018341
[21]0.0131524
[22]0.00908433
[23]0.00615118
[24]0.00413791
[25]0.00278884
[26]0.0018905
[27]0.00129039
[28]0.000886593
[29]0.000612627
[30]0.000425288
[31]0.00029632
[32]0.000207048
[33]0.000144986
[34]0.000101695
[35]7.14198e-05
[36]5.02053e-05
[37]3.53178e-05
[38]2.48584e-05
[39]1.75038e-05
[40]1.2329e-05
[41]8.68613e-06
[42]6.12073e-06
[43]4.3136e-06
[44]3.04034e-06
[45]2.14309e-06
[46]1.51072e-06
[47]1.06499e-06
[48]7.50805e-07
[49]5.2932e-07
Total Elapsed Time: 3560
