Running without mySQLdb library
parsing sam file/likelihood score/reads and mapped genomes...
EM iteration...
(Genomes,Reads)=13695x223148
Delta Change:
writing initial alignment ...
[0]1.99287
[1]0.353325
[2]0.00751209
[3]0.00378147
[4]0.00280574
[5]0.00209664
[6]0.000977006
[7]0.000344178
[8]0.000210034
[9]0.000177888
[10]0.000163644
[11]0.000144154
[12]0.000110201
[13]7.61418e-05
[14]5.58181e-05
[15]4.46386e-05
[16]3.54137e-05
[17]2.53345e-05
[18]1.58478e-05
[19]9.12173e-06
[20]5.0812e-06
[21]2.79754e-06
[22]1.53551e-06
[23]8.43713e-07
[24]4.6485e-07
[25]2.56934e-07
[26]1.42467e-07
[27]7.92303e-08
Total Elapsed Time: 2526
