Running without mySQLdb library
parsing sam file/likelihood score/reads and mapped genomes...
EM iteration...
(Genomes,Reads)=15478x214775
Delta Change:
writing initial alignment ...
[0]1.99619
[1]0.108324
[2]0.0328071
[3]0.0130678
[4]0.0054384
[5]0.00228098
[6]0.000989704
[7]0.000436599
[8]0.000194149
[9]8.72681e-05
[10]3.97888e-05
[11]1.84851e-05
[12]8.80131e-06
[13]4.32892e-06
[14]2.22604e-06
[15]1.21997e-06
[16]7.32541e-07
[17]4.94864e-07
[18]3.76878e-07
[19]3.12791e-07
[20]2.69364e-07
[21]2.31848e-07
[22]1.95805e-07
[23]1.61409e-07
[24]1.30038e-07
[25]1.0276e-07
[26]7.99716e-08
Total Elapsed Time: 1255
