Running without mySQLdb library
parsing sam file/likelihood score/reads and mapped genomes...
EM iteration...
(Genomes,Reads)=12062x194690
Delta Change:
writing initial alignment ...
[0]1.99396
[1]0.52024
[2]0.0374892
[3]0.0069736
[4]0.0047361
[5]0.0037693
[6]0.00320438
[7]0.00276415
[8]0.00234024
[9]0.00193641
[10]0.0015607
[11]0.00122672
[12]0.000943299
[13]0.000712656
[14]0.000530818
[15]0.000391055
[16]0.000285714
[17]0.000207469
[18]0.000149972
[19]0.000108052
[20]7.76626e-05
[21]5.57238e-05
[22]3.99326e-05
[23]2.85907e-05
[24]2.04571e-05
[25]1.46306e-05
[26]1.04601e-05
[27]7.47666e-06
[28]5.34326e-06
[29]3.81814e-06
[30]2.7281e-06
[31]1.94913e-06
[32]1.39253e-06
[33]9.94838e-07
[34]7.10711e-07
[35]5.07725e-07
[36]3.6271e-07
[37]2.59111e-07
[38]1.85101e-07
[39]1.32231e-07
[40]9.44626e-08
Total Elapsed Time: 6101
