Running without mySQLdb library
parsing sam file/likelihood score/reads and mapped genomes...
EM iteration...
(Genomes,Reads)=15513x227320
Delta Change:
writing initial alignment ...
[0]1.99728
[1]0.178231
[2]0.00203836
[3]0.000988307
[4]0.000437633
[5]0.000173128
[6]7.00088e-05
[7]3.19031e-05
[8]1.73215e-05
[9]1.11284e-05
[10]8.0271e-06
[11]6.17315e-06
[12]4.90133e-06
[13]3.95266e-06
[14]3.21307e-06
[15]2.6235e-06
[16]2.14803e-06
[17]1.76204e-06
[18]1.44743e-06
[19]1.19027e-06
[20]9.79651e-07
[21]8.06859e-07
[22]6.64922e-07
[23]5.48209e-07
[24]4.52155e-07
[25]3.73048e-07
[26]3.07862e-07
[27]2.5412e-07
[28]2.09797e-07
[29]1.73229e-07
[30]1.43053e-07
[31]1.18145e-07
[32]9.75814e-08
Total Elapsed Time: 3655
