Running without mySQLdb library
parsing sam file/likelihood score/reads and mapped genomes...
EM iteration...
(Genomes,Reads)=6673x179680
Delta Change:
writing initial alignment ...
[0]1.99786
[1]0.0197992
[2]0.0378987
[3]0.0768658
[4]0.156196
[5]0.298865
[6]0.421291
[7]0.259506
[8]0.0407381
[9]0.00139139
[10]0.000245286
[11]0.000132404
[12]8.02423e-05
[13]5.07501e-05
[14]3.29363e-05
[15]2.17193e-05
[16]1.44707e-05
[17]9.70658e-06
[18]6.54025e-06
[19]4.42005e-06
[20]2.99323e-06
[21]2.02976e-06
[22]1.37769e-06
[23]9.35686e-07
[24]6.3576e-07
[25]4.32099e-07
[26]2.93734e-07
[27]1.99705e-07
[28]1.35788e-07
[29]9.23321e-08
Total Elapsed Time: 395
