Running without mySQLdb library
parsing sam file/likelihood score/reads and mapped genomes...
EM iteration...
(Genomes,Reads)=7760x119730
Delta Change:
writing initial alignment ...
[0]1.99086
[1]0.225633
[2]0.0169129
[3]0.00367591
[4]0.00264597
[5]0.00275904
[6]0.00209981
[7]0.00111949
[8]0.000573165
[9]0.000295509
[10]0.000157437
[11]8.69936e-05
[12]4.88245e-05
[13]2.75526e-05
[14]1.55755e-05
[15]8.8095e-06
[16]4.98272e-06
[17]2.81765e-06
[18]1.59283e-06
[19]9.00125e-07
[20]5.08492e-07
[21]2.87158e-07
[22]1.62115e-07
[23]9.14969e-08
Total Elapsed Time: 2005
