Running without mySQLdb library
parsing sam file/likelihood score/reads and mapped genomes...
EM iteration...
(Genomes,Reads)=13742x171260
Delta Change:
writing initial alignment ...
[0]1.99832
[1]0.297813
[2]0.322886
[3]0.283985
[4]0.284207
[5]0.216051
[6]0.0592855
[7]0.00606821
[8]0.0012871
[9]0.000569743
[10]0.000289344
[11]0.000151947
[12]8.09734e-05
[13]4.34824e-05
[14]2.34465e-05
[15]1.26712e-05
[16]6.85637e-06
[17]3.71246e-06
[18]2.01089e-06
[19]1.08944e-06
[20]5.90286e-07
[21]3.19851e-07
[22]1.73321e-07
[23]9.39199e-08
Total Elapsed Time: 799
