Running without mySQLdb library
parsing sam file/likelihood score/reads and mapped genomes...
EM iteration...
(Genomes,Reads)=16564x226730
Delta Change:
writing initial alignment ...
[0]1.99124
[1]0.259055
[2]0.0183752
[3]0.00972265
[4]0.00549335
[5]0.00360519
[6]0.00224858
[7]0.00117964
[8]0.000594742
[9]0.000354328
[10]0.00027304
[11]0.000257035
[12]0.000253938
[13]0.000214076
[14]0.000126151
[15]5.14193e-05
[16]1.83517e-05
[17]7.25195e-06
[18]3.41284e-06
[19]1.84893e-06
[20]1.08165e-06
[21]6.56211e-07
[22]4.0464e-07
[23]2.51415e-07
[24]1.56916e-07
[25]9.80307e-08
Total Elapsed Time: 3322
