Running without mySQLdb library
parsing sam file/likelihood score/reads and mapped genomes...
EM iteration...
(Genomes,Reads)=11809x172950
Delta Change:
writing initial alignment ...
[0]1.99602
[1]0.406858
[2]0.00989216
[3]0.000415829
[4]0.000169191
[5]7.61528e-05
[6]3.76656e-05
[7]2.72444e-05
[8]2.25608e-05
[9]2.50564e-05
[10]2.61801e-05
[11]2.52755e-05
[12]2.28029e-05
[13]1.94229e-05
[14]1.57882e-05
[15]1.23756e-05
[16]9.43977e-06
[17]7.05998e-06
[18]5.20565e-06
[19]3.79899e-06
[20]2.75218e-06
[21]1.98349e-06
[22]1.42426e-06
[23]1.02004e-06
[24]7.29199e-07
[25]5.20607e-07
[26]3.71342e-07
[27]2.647e-07
[28]1.88596e-07
[29]1.34329e-07
[30]9.56542e-08
Total Elapsed Time: 330
