Running without mySQLdb library
parsing sam file/likelihood score/reads and mapped genomes...
EM iteration...
(Genomes,Reads)=9159x142500
Delta Change:
writing initial alignment ...
[0]1.99016
[1]0.414777
[2]0.0121367
[3]0.000851517
[4]0.00038513
[5]0.000239046
[6]0.000152291
[7]8.10597e-05
[8]3.4212e-05
[9]1.79705e-05
[10]1.41409e-05
[11]1.22122e-05
[12]1.07642e-05
[13]9.44979e-06
[14]8.20102e-06
[15]7.02895e-06
[16]5.95641e-06
[17]4.99886e-06
[18]4.1616e-06
[19]3.44182e-06
[20]2.83128e-06
[21]2.31892e-06
[22]1.89259e-06
[23]1.54025e-06
[24]1.25062e-06
[25]1.01358e-06
[26]8.20241e-07
[27]6.62982e-07
[28]5.35355e-07
[29]4.31961e-07
[30]3.48316e-07
[31]2.80727e-07
[32]2.26161e-07
[33]1.82142e-07
[34]1.46652e-07
[35]1.18052e-07
[36]9.50139e-08
Total Elapsed Time: 4803
