Running without mySQLdb library
parsing sam file/likelihood score/reads and mapped genomes...
EM iteration...
(Genomes,Reads)=11351x209605
Delta Change:
writing initial alignment ...
[0]1.9959
[1]0.511946
[2]0.037369
[3]0.00902982
[4]0.00658078
[5]0.00532363
[6]0.00429751
[7]0.00330692
[8]0.00239589
[9]0.00164499
[10]0.0010819
[11]0.000690667
[12]0.000432323
[13]0.000267241
[14]0.000163914
[15]0.000100064
[16]6.09182e-05
[17]3.70307e-05
[18]2.24946e-05
[19]1.36625e-05
[20]8.3001e-06
[21]5.04506e-06
[22]3.06891e-06
[23]1.86867e-06
[24]1.13921e-06
[25]6.95505e-07
[26]4.25328e-07
[27]2.6061e-07
[28]1.6004e-07
[29]9.85314e-08
Total Elapsed Time: 2831
