Running without mySQLdb library
parsing sam file/likelihood score/reads and mapped genomes...
EM iteration...
(Genomes,Reads)=14355x167398
Delta Change:
writing initial alignment ...
[0]1.99573
[1]0.239663
[2]0.224597
[3]0.168187
[4]0.0637737
[5]0.0133234
[6]0.00227476
[7]0.000437961
[8]0.000164498
[9]0.000143074
[10]0.000110333
[11]3.9409e-05
[12]1.66742e-05
[13]1.47452e-05
[14]1.38828e-05
[15]1.33189e-05
[16]1.30071e-05
[17]1.28993e-05
[18]1.293e-05
[19]1.29888e-05
[20]1.28789e-05
[21]1.2297e-05
[22]1.09515e-05
[23]8.78853e-06
[24]6.06488e-06
[25]3.51391e-06
[26]1.93689e-06
[27]1.12022e-06
[28]6.6041e-07
[29]3.92011e-07
[30]2.33639e-07
[31]1.3966e-07
[32]8.36673e-08
Total Elapsed Time: 965
