Running without mySQLdb library
parsing sam file/likelihood score/reads and mapped genomes...
EM iteration...
(Genomes,Reads)=8966x121200
Delta Change:
writing initial alignment ...
[0]1.98297
[1]0.174856
[2]0.0207286
[3]0.00658611
[4]0.00371221
[5]0.00236269
[6]0.00143692
[7]0.000828299
[8]0.00044215
[9]0.000202526
[10]8.90288e-05
[11]4.35156e-05
[12]2.37762e-05
[13]1.4768e-05
[14]1.03037e-05
[15]7.81246e-06
[16]6.22834e-06
[17]5.10134e-06
[18]4.26109e-06
[19]3.5755e-06
[20]3.00617e-06
[21]2.52292e-06
[22]2.11392e-06
[23]1.76871e-06
[24]1.47806e-06
[25]1.23386e-06
[26]1.02907e-06
[27]8.57602e-07
[28]7.1423e-07
[29]5.9449e-07
[30]4.94588e-07
[31]4.11306e-07
[32]3.41931e-07
[33]2.84175e-07
[34]2.36117e-07
[35]1.96147e-07
[36]1.62915e-07
[37]1.35293e-07
[38]1.12342e-07
[39]9.3274e-08
Total Elapsed Time: 3438
