Running without mySQLdb library
parsing sam file/likelihood score/reads and mapped genomes...
EM iteration...
(Genomes,Reads)=8108x84340
Delta Change:
writing initial alignment ...
[0]1.99492
[1]0.476833
[2]0.354698
[3]0.213681
[4]0.0734037
[5]0.0161663
[6]0.00321701
[7]0.00115062
[8]0.000641749
[9]0.000424732
[10]0.000296672
[11]0.000211407
[12]0.000152423
[13]0.000110777
[14]8.09519e-05
[15]5.93824e-05
[16]4.36785e-05
[17]3.2191e-05
[18]2.37593e-05
[19]1.75551e-05
[20]1.29815e-05
[21]9.60527e-06
[22]7.11037e-06
[23]5.26531e-06
[24]3.90002e-06
[25]2.88932e-06
[26]2.14086e-06
[27]1.58671e-06
[28]1.1761e-06
[29]8.7177e-07
[30]6.462e-07
[31]4.79002e-07
[32]3.55068e-07
[33]2.63201e-07
[34]1.95105e-07
[35]1.44627e-07
[36]1.07209e-07
[37]7.94719e-08
Total Elapsed Time: 172
