Running without mySQLdb library
parsing sam file/likelihood score/reads and mapped genomes...
EM iteration...
(Genomes,Reads)=14841x173050
Delta Change:
writing initial alignment ...
[0]1.99793
[1]0.500577
[2]0.519473
[3]0.134066
[4]0.00761338
[5]0.0032091
[6]0.0029551
[7]0.00304682
[8]0.00313188
[9]0.0027853
[10]0.00199013
[11]0.00116383
[12]0.000610348
[13]0.00031578
[14]0.000170477
[15]9.77318e-05
[16]5.90941e-05
[17]3.71486e-05
[18]2.39724e-05
[19]1.5733e-05
[20]1.04368e-05
[21]6.97082e-06
[22]4.67626e-06
[23]3.14589e-06
[24]2.12027e-06
[25]1.43076e-06
[26]9.66266e-07
[27]6.52921e-07
[28]4.41348e-07
[29]2.98407e-07
[30]2.01793e-07
[31]1.36475e-07
[32]9.23064e-08
Total Elapsed Time: 1208
