Running without mySQLdb library
parsing sam file/likelihood score/reads and mapped genomes...
EM iteration...
(Genomes,Reads)=14156x203770
Delta Change:
writing initial alignment ...
[0]1.99669
[1]0.17084
[2]0.274152
[3]0.372137
[4]0.250009
[5]0.068714
[6]0.00985686
[7]0.00170409
[8]0.000783019
[9]0.000471944
[10]0.000302301
[11]0.000208544
[12]0.000150876
[13]0.000112115
[14]8.45879e-05
[15]6.44109e-05
[16]4.93434e-05
[17]3.79591e-05
[18]2.92898e-05
[19]2.26514e-05
[20]1.75472e-05
[21]1.36108e-05
[22]1.05679e-05
[23]8.21153e-06
[24]6.38436e-06
[25]4.96602e-06
[26]3.86414e-06
[27]3.00758e-06
[28]2.34139e-06
[29]1.82307e-06
[30]1.41967e-06
[31]1.10565e-06
[32]8.61153e-07
[33]6.70764e-07
[34]5.22493e-07
[35]4.07011e-07
[36]3.17062e-07
[37]2.46998e-07
[38]1.9242e-07
[39]1.49903e-07
[40]1.16783e-07
[41]9.09804e-08
Total Elapsed Time: 9721
