Running without mySQLdb library
parsing sam file/likelihood score/reads and mapped genomes...
EM iteration...
(Genomes,Reads)=13029x173990
Delta Change:
writing initial alignment ...
[0]1.99764
[1]0.31096
[2]0.519324
[3]0.370784
[4]0.055404
[5]0.00372514
[6]0.00132367
[7]0.000869001
[8]0.000634195
[9]0.000468045
[10]0.000341246
[11]0.000245749
[12]0.00017532
[13]0.000124205
[14]8.75466e-05
[15]6.14829e-05
[16]4.30669e-05
[17]3.01118e-05
[18]2.10266e-05
[19]1.46694e-05
[20]1.02277e-05
[21]7.12775e-06
[22]4.96585e-06
[23]3.45893e-06
[24]2.40893e-06
[25]1.6775e-06
[26]1.16807e-06
[27]8.13304e-07
[28]5.66267e-07
[29]3.94257e-07
[30]2.74492e-07
[31]1.91107e-07
[32]1.33051e-07
[33]9.26311e-08
Total Elapsed Time: 1392
