Running without mySQLdb library
parsing sam file/likelihood score/reads and mapped genomes...
EM iteration...
(Genomes,Reads)=11519x220680
Delta Change:
writing initial alignment ...
[0]1.98969
[1]0.168541
[2]0.0968502
[3]0.105676
[4]0.101397
[5]0.0718149
[6]0.0575162
[7]0.0507372
[8]0.0515472
[9]0.0546389
[10]0.056978
[11]0.0572081
[12]0.0545976
[13]0.0488049
[14]0.0405174
[15]0.0312413
[16]0.0225853
[17]0.0155519
[18]0.0103785
[19]0.00681062
[20]0.00443882
[21]0.00288972
[22]0.0018842
[23]0.00123162
[24]0.000807072
[25]0.000530003
[26]0.000348643
[27]0.000229638
[28]0.000151398
[29]9.98859e-05
[30]6.59347e-05
[31]4.35407e-05
[32]2.87615e-05
[33]1.90037e-05
[34]1.25591e-05
[35]8.30175e-06
[36]5.48861e-06
[37]3.62943e-06
[38]2.40049e-06
[39]1.588e-06
[40]1.05073e-06
[41]6.95399e-07
[42]4.60343e-07
[43]3.04819e-07
[44]2.01894e-07
[45]1.33762e-07
[46]8.8651e-08
Total Elapsed Time: 2907
