Running without mySQLdb library
parsing sam file/likelihood score/reads and mapped genomes...
EM iteration...
(Genomes,Reads)=10658x287030
Delta Change:
writing initial alignment ...
[0]1.99585
[1]0.665951
[2]0.182793
[3]0.0133842
[4]0.00379867
[5]0.00115476
[6]0.000431178
[7]0.00022632
[8]0.00014226
[9]9.41397e-05
[10]6.37938e-05
[11]4.38067e-05
[12]3.03316e-05
[13]2.11159e-05
[14]1.47548e-05
[15]1.03358e-05
[16]7.25288e-06
[17]5.09563e-06
[18]3.58302e-06
[19]2.52091e-06
[20]1.77437e-06
[21]1.24927e-06
[22]8.79743e-07
[23]6.19611e-07
[24]4.36441e-07
[25]3.07442e-07
[26]2.16582e-07
[27]1.5258e-07
[28]1.07493e-07
[29]7.57312e-08
Total Elapsed Time: 1380
