Running without mySQLdb library
parsing sam file/likelihood score/reads and mapped genomes...
EM iteration...
(Genomes,Reads)=16950x250286
Delta Change:
writing initial alignment ...
[0]1.99812
[1]0.128753
[2]0.0522629
[3]0.024514
[4]0.0106754
[5]0.00432476
[6]0.00169945
[7]0.00066932
[8]0.000268574
[9]0.00011203
[10]4.96603e-05
[11]2.3879e-05
[12]1.25909e-05
[13]7.28897e-06
[14]4.51453e-06
[15]2.9296e-06
[16]1.98541e-06
[17]1.37928e-06
[18]9.58379e-07
[19]6.66004e-07
[20]4.62867e-07
[21]3.22168e-07
[22]2.24154e-07
[23]1.55892e-07
[24]1.08393e-07
[25]7.53578e-08
Total Elapsed Time: 2304
