Running without mySQLdb library
parsing sam file/likelihood score/reads and mapped genomes...
EM iteration...
(Genomes,Reads)=10306x213520
Delta Change:
writing initial alignment ...
[0]1.99495
[1]0.514484
[2]0.042193
[3]0.0082234
[4]0.00605035
[5]0.00514729
[6]0.0042085
[7]0.00321818
[8]0.00228832
[9]0.00153639
[10]0.000990668
[11]0.00062293
[12]0.000386764
[13]0.000239475
[14]0.000149097
[15]9.40323e-05
[16]6.04899e-05
[17]3.99452e-05
[18]2.72236e-05
[19]1.9217e-05
[20]1.41116e-05
[21]1.07556e-05
[22]8.43307e-06
[23]6.76634e-06
[24]5.52701e-06
[25]4.57522e-06
[26]3.8239e-06
[27]3.2176e-06
[28]2.72002e-06
[29]2.30658e-06
[30]1.9667e-06
[31]1.68026e-06
[32]1.4349e-06
[33]1.22489e-06
[34]1.04529e-06
[35]8.91768e-07
[36]7.60609e-07
[37]6.48603e-07
[38]5.52992e-07
[39]4.71401e-07
[40]4.01796e-07
[41]3.4243e-07
[42]2.91807e-07
[43]2.48648e-07
[44]2.11857e-07
[45]1.80499e-07
[46]1.53775e-07
[47]1.31002e-07
[48]1.11597e-07
[49]9.50636e-08
Total Elapsed Time: 4088
