Running without mySQLdb library
parsing sam file/likelihood score/reads and mapped genomes...
EM iteration...
(Genomes,Reads)=10025x84290
Delta Change:
writing initial alignment ...
[0]1.99534
[1]0.469757
[2]0.347278
[3]0.209002
[4]0.0718338
[5]0.0158296
[6]0.00315514
[7]0.00113142
[8]0.000633086
[9]0.000420598
[10]0.000294466
[11]0.000209759
[12]0.000151005
[13]0.000109585
[14]7.99841e-05
[15]5.8613e-05
[16]4.30741e-05
[17]3.17202e-05
[18]2.33948e-05
[19]1.72743e-05
[20]1.27662e-05
[21]9.44082e-06
[22]6.98521e-06
[23]5.17033e-06
[24]3.82814e-06
[25]2.83505e-06
[26]2.09996e-06
[27]1.55591e-06
[28]1.15298e-06
[29]8.5443e-07
[30]6.33213e-07
[31]4.69286e-07
[32]3.47806e-07
[33]2.57778e-07
[34]1.91058e-07
[35]1.41609e-07
[36]1.0496e-07
[37]7.7797e-08
Total Elapsed Time: 487
