Running without mySQLdb library
parsing sam file/likelihood score/reads and mapped genomes...
EM iteration...
(Genomes,Reads)=7683x123115
Delta Change:
writing initial alignment ...
[0]1.98523
[1]0.16802
[2]0.0174361
[3]0.00436121
[4]0.00196194
[5]0.00119738
[6]0.000825808
[7]0.000591445
[8]0.000397406
[9]0.000227807
[10]0.000116064
[11]5.65865e-05
[12]2.77663e-05
[13]1.41721e-05
[14]7.64742e-06
[15]4.37753e-06
[16]2.64207e-06
[17]1.66274e-06
[18]1.07841e-06
[19]7.13816e-07
[20]4.78695e-07
[21]3.23662e-07
[22]2.19944e-07
[23]1.49922e-07
[24]1.02382e-07
[25]6.99953e-08
Total Elapsed Time: 4811
