Running without mySQLdb library
parsing sam file/likelihood score/reads and mapped genomes...
EM iteration...
(Genomes,Reads)=14974x199270
Delta Change:
writing initial alignment ...
[0]1.99721
[1]0.178246
[2]0.00201215
[3]0.00099263
[4]0.000442023
[5]0.000174091
[6]6.91403e-05
[7]3.04897e-05
[8]1.58574e-05
[9]9.77465e-06
[10]6.82059e-06
[11]5.11379e-06
[12]3.97697e-06
[13]3.14864e-06
[14]2.51518e-06
[15]2.01877e-06
[16]1.62487e-06
[17]1.31023e-06
[18]1.05786e-06
[19]8.54912e-07
[20]6.91408e-07
[21]5.59501e-07
[22]4.52969e-07
[23]3.66858e-07
[24]2.97207e-07
[25]2.40838e-07
[26]1.95199e-07
[27]1.58233e-07
[28]1.28285e-07
[29]1.04015e-07
[30]8.43446e-08
Total Elapsed Time: 453
