Running without mySQLdb library
parsing sam file/likelihood score/reads and mapped genomes...
EM iteration...
(Genomes,Reads)=9120x203880
Delta Change:
writing initial alignment ...
[0]1.99672
[1]0.104396
[2]0.0649422
[3]0.0937918
[4]0.119334
[5]0.129043
[6]0.126794
[7]0.131964
[8]0.0988633
[9]0.0711465
[10]0.0735271
[11]0.0889199
[12]0.0964548
[13]0.083798
[14]0.0551278
[15]0.0281578
[16]0.0122629
[17]0.004983
[18]0.00199036
[19]0.000804031
[20]0.000328734
[21]0.000136113
[22]5.70392e-05
[23]2.41747e-05
[24]1.03559e-05
[25]4.4813e-06
[26]1.95767e-06
[27]8.62782e-07
[28]3.83331e-07
[29]1.71563e-07
[30]7.72872e-08
Total Elapsed Time: 2939
