Running without mySQLdb library
parsing sam file/likelihood score/reads and mapped genomes...
EM iteration...
(Genomes,Reads)=8478x85290
Delta Change:
writing initial alignment ...
[0]1.99339
[1]0.478552
[2]0.346683
[3]0.208405
[4]0.0716122
[5]0.0157955
[6]0.00316923
[7]0.00115553
[8]0.000660517
[9]0.000449744
[10]0.000325208
[11]0.000241731
[12]0.000182886
[13]0.000139777
[14]0.000107868
[15]8.418e-05
[16]6.6212e-05
[17]5.23792e-05
[18]4.16188e-05
[19]3.31779e-05
[20]2.65132e-05
[21]2.12247e-05
[22]1.70131e-05
[23]1.36507e-05
[24]1.09614e-05
[25]8.80793e-06
[26]7.08201e-06
[27]5.6981e-06
[28]4.58755e-06
[29]3.69585e-06
[30]2.97951e-06
[31]2.40373e-06
[32]1.94064e-06
[33]1.56793e-06
[34]1.26776e-06
[35]1.02581e-06
[36]8.30652e-07
[37]6.73103e-07
[38]5.45815e-07
[39]4.42893e-07
[40]3.59609e-07
[41]2.92162e-07
[42]2.37502e-07
[43]1.93172e-07
[44]1.57196e-07
[45]1.27981e-07
[46]1.04241e-07
[47]8.49396e-08
Total Elapsed Time: 2368
