Running without mySQLdb library
parsing sam file/likelihood score/reads and mapped genomes...
EM iteration...
(Genomes,Reads)=13948x200930
Delta Change:
writing initial alignment ...
[0]1.99234
[1]0.236703
[2]0.108155
[3]0.0436426
[4]0.0156802
[5]0.00625829
[6]0.00305539
[7]0.00181402
[8]0.0012185
[9]0.000696549
[10]0.00034992
[11]0.000203899
[12]0.00012861
[13]8.24153e-05
[14]5.30577e-05
[15]3.42862e-05
[16]2.21831e-05
[17]1.43635e-05
[18]9.30655e-06
[19]6.03359e-06
[20]3.91371e-06
[21]2.53978e-06
[22]1.64882e-06
[23]1.07078e-06
[24]6.9561e-07
[25]4.52035e-07
[26]2.93852e-07
[27]1.91075e-07
[28]1.24219e-07
[29]8.07045e-08
Total Elapsed Time: 2487
