Running without mySQLdb library
parsing sam file/likelihood score/reads and mapped genomes...
EM iteration...
(Genomes,Reads)=13570x201890
Delta Change:
writing initial alignment ...
[0]1.98855
[1]0.167567
[2]0.0358939
[3]0.0223734
[4]0.0142496
[5]0.00859199
[6]0.00475767
[7]0.00257116
[8]0.00143899
[9]0.000807163
[10]0.000451362
[11]0.000252023
[12]0.00014072
[13]7.86417e-05
[14]4.40024e-05
[15]2.46522e-05
[16]1.38281e-05
[17]7.7653e-06
[18]4.36504e-06
[19]2.45587e-06
[20]1.38281e-06
[21]7.79155e-07
[22]4.39287e-07
[23]2.47802e-07
[24]1.39851e-07
[25]7.89601e-08
Total Elapsed Time: 2669
