Running without mySQLdb library
parsing sam file/likelihood score/reads and mapped genomes...
EM iteration...
(Genomes,Reads)=7144x82340
Delta Change:
writing initial alignment ...
[0]1.99536
[1]0.428489
[2]0.400101
[3]0.278354
[4]0.115398
[5]0.0416408
[6]0.0141204
[7]0.0048673
[8]0.00179113
[9]0.000727314
[10]0.000324343
[11]0.000155597
[12]7.86771e-05
[13]4.16853e-05
[14]2.35359e-05
[15]1.33954e-05
[16]7.65875e-06
[17]4.39137e-06
[18]2.52272e-06
[19]1.45238e-06
[20]8.40643e-07
[21]4.8599e-07
[22]2.80939e-07
[23]1.62367e-07
[24]9.37744e-08
Total Elapsed Time: 1246
