Running without mySQLdb library
parsing sam file/likelihood score/reads and mapped genomes...
EM iteration...
(Genomes,Reads)=14166x208470
Delta Change:
writing initial alignment ...
[0]1.99532
[1]0.164514
[2]0.270171
[3]0.383605
[4]0.277208
[5]0.0769762
[6]0.0105631
[7]0.00385492
[8]0.00382694
[9]0.00441688
[10]0.00492674
[11]0.00515784
[12]0.00502496
[13]0.00453154
[14]0.00378952
[15]0.00296532
[16]0.00220158
[17]0.00157475
[18]0.00110029
[19]0.000759144
[20]0.000521087
[21]0.000357483
[22]0.000245699
[23]0.000169349
[24]0.000117073
[25]8.11534e-05
[26]5.63829e-05
[27]3.92447e-05
[28]2.73545e-05
[29]1.90872e-05
[30]1.33293e-05
[31]9.31383e-06
[32]6.51092e-06
[33]4.55303e-06
[34]3.18469e-06
[35]2.22802e-06
[36]1.55898e-06
[37]1.09099e-06
[38]7.63577e-07
[39]5.3449e-07
[40]3.7418e-07
[41]2.61987e-07
[42]1.83461e-07
[43]1.28494e-07
[44]9.00136e-08
Total Elapsed Time: 5442
