Running without mySQLdb library
parsing sam file/likelihood score/reads and mapped genomes...
EM iteration...
(Genomes,Reads)=10586x213800
Delta Change:
writing initial alignment ...
[0]1.99255
[1]0.449573
[2]0.149512
[3]0.0339078
[4]0.00644698
[5]0.00127007
[6]0.00023231
[7]4.1566e-05
[8]8.24972e-06
[9]2.14852e-06
[10]8.80215e-07
[11]5.56193e-07
[12]4.55901e-07
[13]4.30837e-07
[14]4.29251e-07
[15]4.42548e-07
[16]4.69456e-07
[17]5.13182e-07
[18]5.78488e-07
[19]6.72234e-07
[20]8.03374e-07
[21]9.8002e-07
[22]1.19556e-06
[23]1.38288e-06
[24]1.3308e-06
[25]8.04407e-07
[26]1.89823e-07
[27]1.2059e-08
Total Elapsed Time: 3842
