Running without mySQLdb library
parsing sam file/likelihood score/reads and mapped genomes...
EM iteration...
(Genomes,Reads)=12999x220094
Delta Change:
writing initial alignment ...
[0]1.99394
[1]0.521109
[2]0.0767863
[3]0.0145611
[4]0.00774651
[5]0.00617969
[6]0.0047884
[7]0.00346631
[8]0.00248562
[9]0.00182981
[10]0.00137711
[11]0.00104355
[12]0.00078753
[13]0.000589311
[14]0.000436803
[15]0.00032098
[16]0.000234207
[17]0.000169949
[18]0.000122805
[19]8.84608e-05
[20]6.35749e-05
[21]4.56132e-05
[22]3.26862e-05
[23]2.34021e-05
[24]1.67444e-05
[25]1.19753e-05
[26]8.56166e-06
[27]6.11969e-06
[28]4.37348e-06
[29]3.12516e-06
[30]2.23296e-06
[31]1.59537e-06
[32]1.13979e-06
[33]8.14279e-07
[34]5.8172e-07
[35]4.15575e-07
[36]2.96879e-07
[37]2.12083e-07
[38]1.51506e-07
[39]1.08232e-07
[40]7.73181e-08
Total Elapsed Time: 7526
