Running without mySQLdb library
parsing sam file/likelihood score/reads and mapped genomes...
EM iteration...
(Genomes,Reads)=15111x258900
Delta Change:
writing initial alignment ...
[0]1.9862
[1]0.451146
[2]0.124222
[3]0.0662835
[4]0.0400447
[5]0.0224443
[6]0.0121972
[7]0.00621602
[8]0.00353187
[9]0.00222433
[10]0.00145116
[11]0.000962686
[12]0.000643098
[13]0.000430555
[14]0.000288417
[15]0.000193368
[16]0.000130011
[17]8.79979e-05
[18]6.01495e-05
[19]4.09364e-05
[20]2.66806e-05
[21]1.71424e-05
[22]1.13854e-05
[23]7.62647e-06
[24]5.11464e-06
[25]3.43385e-06
[26]2.30791e-06
[27]1.55281e-06
[28]1.04584e-06
[29]7.0509e-07
[30]4.75816e-07
[31]3.21388e-07
[32]2.17269e-07
[33]1.47003e-07
[34]9.95401e-08
Total Elapsed Time: 9957
