Running without mySQLdb library
parsing sam file/likelihood score/reads and mapped genomes...
EM iteration...
(Genomes,Reads)=9456x105090
Delta Change:
writing initial alignment ...
[0]1.99517
[1]0.47104
[2]0.261045
[3]0.155219
[4]0.0532226
[5]0.0117154
[6]0.00233459
[7]0.000848488
[8]0.000472423
[9]0.000311944
[10]0.000218423
[11]0.000156343
[12]0.000113228
[13]8.2621e-05
[14]6.06036e-05
[15]4.46231e-05
[16]3.29504e-05
[17]2.43848e-05
[18]1.80773e-05
[19]1.34204e-05
[20]9.97526e-06
[21]7.42244e-06
[22]5.52835e-06
[23]4.12146e-06
[24]3.07543e-06
[25]2.29722e-06
[26]1.71771e-06
[27]1.2856e-06
[28]9.6314e-07
[29]7.22321e-07
[30]5.42319e-07
[31]4.07653e-07
[32]3.06807e-07
[33]2.31211e-07
[34]1.74479e-07
[35]1.31857e-07
[36]9.97947e-08
Total Elapsed Time: 3621
