Running without mySQLdb library
parsing sam file/likelihood score/reads and mapped genomes...
EM iteration...
(Genomes,Reads)=8211x122620
Delta Change:
writing initial alignment ...
[0]1.98885
[1]0.216363
[2]0.0647429
[3]0.0168248
[4]0.00512212
[5]0.00182489
[6]0.000898078
[7]0.000546856
[8]0.000370476
[9]0.000268776
[10]0.000206459
[11]0.000164775
[12]0.00013497
[13]0.000112888
[14]9.60691e-05
[15]8.29638e-05
[16]7.25567e-05
[17]6.41567e-05
[18]5.72827e-05
[19]5.15906e-05
[20]4.68283e-05
[21]4.28079e-05
[22]3.93872e-05
[23]3.64625e-05
[24]3.39442e-05
[25]3.17605e-05
[26]2.98588e-05
[27]2.81969e-05
[28]2.67405e-05
[29]2.54615e-05
[30]2.43369e-05
[31]2.33475e-05
[32]2.24773e-05
[33]2.1713e-05
[34]2.10436e-05
[35]2.04597e-05
[36]1.99534e-05
[37]1.95183e-05
[38]1.91489e-05
[39]1.88408e-05
[40]1.85902e-05
[41]1.83943e-05
[42]1.82507e-05
[43]1.81579e-05
[44]1.81147e-05
[45]1.81206e-05
[46]1.81756e-05
[47]1.82802e-05
[48]1.84353e-05
[49]1.86427e-05
Total Elapsed Time: 2611
