Running without mySQLdb library
parsing sam file/likelihood score/reads and mapped genomes...
EM iteration...
(Genomes,Reads)=10425x204151
Delta Change:
writing initial alignment ...
[0]1.99424
[1]0.229147
[2]0.137904
[3]0.126701
[4]0.0931623
[5]0.0531093
[6]0.0273977
[7]0.0169276
[8]0.0127567
[9]0.0103388
[10]0.00855788
[11]0.00703133
[12]0.00572953
[13]0.00463753
[14]0.00373291
[15]0.0029911
[16]0.00238783
[17]0.0019005
[18]0.00150896
[19]0.00119575
[20]0.000946074
[21]0.000747609
[22]0.000590199
[23]0.000465572
[24]0.000367033
[25]0.000289208
[26]0.000227797
[27]0.000179371
[28]0.000141205
[29]0.00011114
[30]8.74623e-05
[31]6.88212e-05
[32]5.41481e-05
[33]4.26003e-05
[34]3.35133e-05
[35]2.63635e-05
[36]2.07383e-05
[37]1.63128e-05
[38]1.28315e-05
[39]1.00929e-05
[40]7.93876e-06
[41]6.24428e-06
[42]4.91144e-06
[43]3.86307e-06
[44]3.03846e-06
[45]2.38986e-06
[46]1.87971e-06
[47]1.47845e-06
[48]1.16285e-06
[49]9.14615e-07
Total Elapsed Time: 3349
