Running without mySQLdb library
parsing sam file/likelihood score/reads and mapped genomes...
EM iteration...
(Genomes,Reads)=11987x218215
Delta Change:
writing initial alignment ...
[0]1.99311
[1]0.50086
[2]0.0430316
[3]0.00797515
[4]0.00607601
[5]0.00523896
[6]0.0043418
[7]0.0033713
[8]0.00245009
[9]0.00168449
[10]0.00110681
[11]0.00070443
[12]0.000438914
[13]0.000269771
[14]0.000164396
[15]9.96512e-05
[16]6.02087e-05
[17]3.63055e-05
[18]2.18656e-05
[19]1.31593e-05
[20]7.91614e-06
[21]4.76079e-06
[22]2.8627e-06
[23]1.7212e-06
[24]1.03481e-06
[25]6.22123e-07
[26]3.74011e-07
[27]2.24879e-07
[28]1.3543e-07
[29]8.15654e-08
Total Elapsed Time: 3899
