Running without mySQLdb library
parsing sam file/likelihood score/reads and mapped genomes...
EM iteration...
(Genomes,Reads)=7589x82790
Delta Change:
writing initial alignment ...
[0]1.99484
[1]0.476722
[2]0.352771
[3]0.212488
[4]0.0729857
[5]0.0160692
[6]0.00319404
[7]0.00114107
[8]0.000636427
[9]0.000421604
[10]0.000294873
[11]0.000210402
[12]0.0001519
[13]0.000110568
[14]8.09658e-05
[15]5.95684e-05
[16]4.40086e-05
[17]3.26523e-05
[18]2.43506e-05
[19]1.82863e-05
[20]1.38745e-05
[21]1.06966e-05
[22]8.45371e-06
[23]6.93074e-06
[24]5.95256e-06
[25]5.29629e-06
[26]4.53078e-06
[27]3.12851e-06
[28]1.57255e-06
[29]8.86525e-07
[30]6.42668e-07
[31]4.76353e-07
[32]3.53104e-07
[33]2.61746e-07
[34]1.94026e-07
[35]1.43827e-07
[36]1.06616e-07
[37]7.90324e-08
Total Elapsed Time: 3134
