Running without mySQLdb library
parsing sam file/likelihood score/reads and mapped genomes...
EM iteration...
(Genomes,Reads)=6881x119596
Delta Change:
writing initial alignment ...
[0]1.9867
[1]0.0843077
[2]0.0265
[3]0.0107434
[4]0.00565392
[5]0.00326577
[6]0.00175576
[7]0.000891725
[8]0.000440371
[9]0.00021446
[10]0.000103934
[11]5.03888e-05
[12]2.45166e-05
[13]1.20004e-05
[14]5.92331e-06
[15]2.95637e-06
[16]1.49693e-06
[17]7.7199e-07
[18]4.07335e-07
[19]2.20941e-07
[20]1.23723e-07
[21]7.17483e-08
Total Elapsed Time: 3817
