Running without mySQLdb library
parsing sam file/likelihood score/reads and mapped genomes...
EM iteration...
(Genomes,Reads)=15469x227320
Delta Change:
writing initial alignment ...
[0]1.9969
[1]0.178258
[2]0.00207537
[3]0.00100297
[4]0.000443889
[5]0.00017641
[6]7.19565e-05
[7]3.32857e-05
[8]1.83876e-05
[9]1.19817e-05
[10]8.70789e-06
[11]6.71233e-06
[12]5.32617e-06
[13]4.2861e-06
[14]3.47399e-06
[15]2.82719e-06
[16]2.30675e-06
[17]1.88555e-06
[18]1.54342e-06
[19]1.26482e-06
[20]1.0375e-06
[21]8.51722e-07
[22]6.99701e-07
[23]5.75161e-07
[24]4.73035e-07
[25]3.89221e-07
[26]3.20386e-07
[27]2.63817e-07
[28]2.17304e-07
[29]1.7904e-07
[30]1.4755e-07
[31]1.21625e-07
[32]1.00275e-07
[33]8.26864e-08
Total Elapsed Time: 858
