Running without mySQLdb library
parsing sam file/likelihood score/reads and mapped genomes...
EM iteration...
(Genomes,Reads)=13024x265160
Delta Change:
writing initial alignment ...
[0]1.99628
[1]0.509199
[2]0.22508
[3]0.04442
[4]0.0190405
[5]0.0150461
[6]0.0105814
[7]0.00593112
[8]0.00283923
[9]0.00123447
[10]0.000509522
[11]0.000205176
[12]8.19988e-05
[13]3.2958e-05
[14]1.35316e-05
[15]5.81095e-06
[16]2.70142e-06
[17]1.41116e-06
[18]8.44178e-07
[19]5.7005e-07
[20]4.19122e-07
[21]3.23845e-07
[22]2.56695e-07
[23]2.05909e-07
[24]1.66002e-07
[25]1.34061e-07
[26]1.08295e-07
[27]8.74522e-08
Total Elapsed Time: 4379
