Running without mySQLdb library
parsing sam file/likelihood score/reads and mapped genomes...
EM iteration...
(Genomes,Reads)=15552x214940
Delta Change:
writing initial alignment ...
[0]1.9934
[1]0.190803
[2]0.0978352
[3]0.0928425
[4]0.0922298
[5]0.088747
[6]0.0852478
[7]0.0737782
[8]0.0648012
[9]0.0603397
[10]0.0566538
[11]0.0516404
[12]0.0445326
[13]0.0359592
[14]0.0273692
[15]0.0198984
[16]0.0140483
[17]0.00977979
[18]0.00679164
[19]0.00473811
[20]0.00333138
[21]0.00236234
[22]0.00168841
[23]0.00121481
[24]0.000878742
[25]0.000638295
[26]0.00046511
[27]0.00033972
[28]0.000248573
[29]0.000182119
[30]0.00013356
[31]9.80177e-05
[32]7.19713e-05
[33]5.28665e-05
[34]3.8844e-05
[35]2.85468e-05
[36]2.09824e-05
[37]1.54242e-05
[38]1.13393e-05
[39]8.33673e-06
[40]6.12948e-06
[41]4.50678e-06
[42]3.31375e-06
[43]2.43657e-06
[44]1.79162e-06
[45]1.31739e-06
[46]9.68699e-07
[47]7.12303e-07
[48]5.23771e-07
[49]3.85141e-07
Total Elapsed Time: 3075
