Running without mySQLdb library
parsing sam file/likelihood score/reads and mapped genomes...
EM iteration...
(Genomes,Reads)=14874x232830
Delta Change:
writing initial alignment ...
[0]1.98927
[1]0.351082
[2]0.0302863
[3]0.0126986
[4]0.00720727
[5]0.00409018
[6]0.0021847
[7]0.00110428
[8]0.000561297
[9]0.000307272
[10]0.000177565
[11]0.00010685
[12]6.64901e-05
[13]4.2505e-05
[14]2.75085e-05
[15]1.79691e-05
[16]1.18297e-05
[17]7.8396e-06
[18]5.21954e-06
[19]3.48887e-06
[20]2.34029e-06
[21]1.57487e-06
[22]1.06288e-06
[23]7.19262e-07
[24]4.87958e-07
[25]3.31775e-07
[26]2.2604e-07
[27]1.54302e-07
[28]1.05572e-07
[29]7.23375e-08
Total Elapsed Time: 3358
