Running without mySQLdb library
parsing sam file/likelihood score/reads and mapped genomes...
EM iteration...
(Genomes,Reads)=13603x214140
Delta Change:
writing initial alignment ...
[0]1.99483
[1]0.51669
[2]0.0370452
[3]0.0070074
[4]0.00477342
[5]0.00379772
[6]0.00322716
[7]0.00277676
[8]0.00233985
[9]0.00192396
[10]0.00154045
[11]0.0012028
[12]0.000918696
[13]0.000689277
[14]0.000510094
[15]0.000373566
[16]0.000271386
[17]0.000195987
[18]0.000140923
[19]0.000101012
[20]7.22394e-05
[21]5.15787e-05
[22]3.67842e-05
[23]2.62115e-05
[24]1.86667e-05
[25]1.3288e-05
[26]9.45633e-06
[27]6.72815e-06
[28]4.78636e-06
[29]3.40463e-06
[30]2.42161e-06
[31]1.72233e-06
[32]1.22494e-06
[33]8.71174e-07
[34]6.19566e-07
[35]4.40622e-07
[36]3.13359e-07
[37]2.22853e-07
[38]1.58487e-07
[39]1.12712e-07
[40]8.0159e-08
Total Elapsed Time: 7161
